TN:
SF:src/QuasiMC.jl
DA:106,41
LF:1
LH:1
end_of_record
TN:
SF:src/abstract_types.jl
DA:42,12
DA:48,9
DA:49,3
DA:51,3
DA:52,3
DA:54,9
DA:55,6
DA:57,3
DA:58,3
DA:60,6
DA:61,3
DA:62,3
DA:63,3
DA:64,0
DA:65,0
DA:67,0
DA:70,6
DA:80,2681440
DA:100,1744
DA:123,1101
DA:131,974
DA:141,2315
DA:149,944
DA:156,2
DA:187,0
DA:188,0
DA:189,0
DA:190,0
DA:196,0
DA:203,0
DA:232,478
DA:240,21
DA:257,24
DA:266,27
DA:279,12
DA:289,9
DA:290,18
DA:291,18
DA:292,9
DA:293,9
DA:294,9
DA:295,9
DA:296,9
DA:297,9
DA:298,18
DA:299,18
DA:300,18
DA:301,18
DA:302,18
DA:303,18
DA:304,18
DA:305,18
DA:306,18
DA:307,18
DA:308,18
DA:310,0
DA:311,0
DA:313,27
DA:314,9
DA:326,622
DA:330,9
DA:331,9
DA:332,9
DA:333,18
DA:334,9
DA:335,0
DA:336,0
DA:338,18
DA:339,6
DA:341,9
DA:342,9
DA:357,15
LF:72
LH:59
end_of_record
TN:
SF:src/discrete_distribution/digital_net_b2.jl
DA:123,3
DA:124,3
DA:125,3
DA:126,3
DA:127,3
DA:128,3
DA:129,3
DA:130,2035296
DA:132,2035296
DA:135,4070589
DA:136,3
DA:137,3
DA:155,3859
DA:156,3859
DA:157,3859
DA:162,3862
DA:164,3859
DA:165,3859
DA:166,16266
DA:167,16266
DA:168,520512
DA:169,1024758
DA:170,28673
DA:171,3859
DA:174,3
DA:175,3
DA:176,3
DA:177,3
DA:178,3
DA:179,3
DA:180,3
DA:181,3
DA:183,3
DA:186,3
DA:187,3
DA:188,3
DA:189,6
DA:190,3
DA:192,0
DA:201,0
DA:202,0
DA:204,0
DA:207,0
DA:208,0
DA:209,0
DA:210,0
DA:211,0
DA:212,0
DA:213,0
DA:214,0
DA:219,0
DA:220,0
DA:222,0
DA:223,0
DA:228,0
DA:233,0
DA:234,0
DA:239,0
DA:240,0
DA:245,0
DA:250,0
DA:255,0
DA:256,0
DA:257,0
DA:259,0
DA:260,0
DA:261,0
DA:262,0
DA:267,0
DA:268,0
DA:269,0
DA:274,0
DA:275,0
DA:277,0
DA:278,0
DA:284,0
DA:286,0
DA:287,0
DA:288,0
DA:291,0
DA:292,0
DA:293,0
DA:294,0
DA:295,0
DA:296,0
DA:297,0
DA:299,0
DA:300,0
DA:306,0
DA:324,3865
DA:337,3853
DA:338,3853
DA:339,3853
DA:341,3853
DA:342,3853
DA:343,3818
DA:344,35
DA:345,4
DA:346,31
DA:347,7
DA:348,44
DA:349,4
DA:350,20
DA:351,0
DA:352,20
DA:353,20
DA:355,0
DA:362,13
DA:363,13
DA:364,13
DA:366,13
DA:367,13
DA:368,13
DA:369,7
DA:370,7
DA:371,3
DA:378,6
DA:379,9
DA:384,3
DA:385,3
DA:390,3
DA:391,6
DA:392,3
DA:393,48
DA:394,48
DA:399,48
DA:404,48
DA:405,48
DA:407,0
DA:408,0
DA:414,0
DA:416,51
DA:417,3
DA:427,6
DA:428,3
DA:429,0
DA:430,0
DA:431,0
DA:432,0
DA:434,3
DA:437,3
DA:438,3865
DA:439,3856
DA:440,9
DA:441,6
DA:442,3
DA:443,3
DA:444,0
DA:446,3
DA:448,3
DA:452,3
DA:453,3
DA:454,0
DA:456,0
DA:458,0
DA:460,0
DA:467,7686
DA:479,3865
DA:480,3865
DA:481,3865
DA:482,3865
DA:489,3865
DA:490,25
DA:493,3865
DA:494,3865
DA:496,3862
DA:497,3859
DA:500,3
DA:502,3856
DA:505,3856
DA:506,3856
DA:507,3856
DA:508,3859
DA:510,3853
DA:511,3853
DA:514,3853
DA:543,10500
DA:565,5250
DA:566,5250
DA:567,5250
DA:568,5250
DA:569,5250
DA:570,5250
DA:571,31482
DA:574,31450
DA:575,1006400
DA:576,1006400
DA:577,1006400
DA:578,1981350
DA:582,32
DA:583,1024
DA:585,1024
DA:586,1024
DA:587,2016
DA:588,32
DA:589,716
DA:590,716
DA:592,31482
DA:593,1007424
DA:594,1007424
DA:595,1007424
DA:596,32260480
DA:597,63513536
DA:598,1007424
DA:599,1983366
DA:600,57714
DA:601,5250
DA:608,4777
DA:609,4777
DA:610,4777
DA:611,4777
DA:612,872912
DA:613,895418
DA:614,4777
DA:617,4824
DA:618,4824
DA:619,4821
DA:620,4821
DA:623,5306
DA:624,3
DA:633,55
DA:645,3
DA:646,3
DA:647,3
DA:650,0
DA:652,0
DA:654,0
DA:664,0
DA:665,0
DA:666,0
DA:667,0
DA:668,0
DA:669,0
DA:670,0
DA:677,9542
DA:678,4771
DA:679,4774
DA:680,4771
DA:681,4771
DA:683,4820
DA:684,4726
DA:685,4726
DA:686,4723
DA:687,4723
DA:688,4720
DA:690,4726
DA:701,4723
DA:702,4723
DA:703,4722
DA:704,4722
DA:706,3
DA:707,1
DA:709,48
DA:710,25
DA:712,25
DA:713,25
DA:715,25
DA:726,25
DA:727,25
DA:728,25
DA:729,23
DA:730,1
DA:732,1
DA:734,1
DA:735,1
DA:736,1
DA:738,0
DA:742,1
DA:744,1
DA:745,1
DA:746,0
DA:747,0
DA:757,0
DA:758,0
DA:760,1
DA:761,0
DA:763,1
DA:764,1
DA:765,1
DA:766,1
DA:768,22
DA:769,22
DA:770,22
DA:772,22
DA:783,22
DA:784,4538
DA:785,22
DA:788,4770
DA:789,4770
DA:790,4770
DA:791,4770
DA:792,3548
DA:807,1222
DA:823,0
DA:824,0
DA:825,0
DA:827,0
DA:829,0
DA:830,0
DA:831,0
DA:833,4770
DA:840,0
DA:846,0
DA:847,0
DA:848,0
DA:849,0
DA:850,0
DA:851,0
DA:852,0
DA:853,0
DA:854,0
DA:855,0
DA:856,0
DA:857,0
DA:858,0
DA:873,0
DA:889,0
DA:890,0
DA:891,0
DA:892,0
DA:894,0
DA:896,0
DA:897,0
DA:899,0
DA:900,0
DA:935,9708
DA:936,4854
DA:937,4854
DA:938,4854
DA:939,9708
DA:940,4854
DA:947,4937
DA:948,4771
DA:951,83
DA:952,83
DA:953,83
DA:954,83
DA:955,83
DA:957,92
DA:958,77
DA:959,77
DA:960,77
DA:961,77
DA:962,527
DA:963,527
DA:964,527
DA:965,281664
DA:966,289939
DA:967,977
DA:968,77
DA:980,77
DA:981,527
DA:982,77
DA:983,74
DA:984,74
DA:986,12
DA:987,3
DA:989,6
DA:990,3
DA:992,3
DA:1004,3
DA:1005,3
DA:1006,3
DA:1007,3
DA:1008,3
DA:1009,3
DA:1011,3
DA:1012,3
DA:1013,3
DA:1015,0
DA:1018,3
DA:1019,3
DA:1020,3
DA:1021,12
DA:1022,6
DA:1023,6
DA:1024,6
DA:1025,6
DA:1026,6
DA:1027,12
DA:1037,6
DA:1038,6
DA:1040,6
DA:1041,0
DA:1044,6
DA:1045,6
DA:1046,6
DA:1047,6
DA:1048,9
DA:1049,3
DA:1051,0
DA:1052,0
DA:1064,0
DA:1065,0
DA:1066,0
DA:1067,0
DA:1070,533
DA:1071,80
DA:1072,80
DA:1073,80
DA:1074,80
DA:1089,0
DA:1105,0
DA:1106,0
DA:1107,0
DA:1109,0
DA:1111,0
DA:1112,0
DA:1113,0
DA:1115,80
DA:1118,2
DA:1119,2
DA:1120,2
DA:1121,2
DA:1147,352
DA:1148,352
DA:1149,352
DA:1150,11264
DA:1151,11264
DA:1153,11264
DA:1154,11264
DA:1155,11264
DA:1156,11264
DA:1157,11264
DA:1158,22176
DA:1159,352
DA:1170,7
DA:1177,7
DA:1178,176
DA:1179,352
DA:1180,352
DA:1181,528
DA:1182,176
LF:433
LH:305
end_of_record
TN:
SF:src/discrete_distribution/halton.jl
DA:68,271
DA:76,274
DA:83,274
DA:84,274
DA:86,274
DA:87,12
DA:90,271
DA:91,271
DA:105,576
DA:106,288
DA:107,288
DA:108,288
DA:109,706
DA:110,309
DA:112,288
DA:115,1025
DA:117,576
DA:118,267
DA:121,267
DA:125,21
DA:126,21
DA:127,470
DA:128,940
DA:129,919
DA:130,21
LF:25
LH:25
end_of_record
TN:
SF:src/discrete_distribution/iid_std_uniform.jl
DA:41,3997
DA:46,3997
DA:47,3997
DA:48,3997
DA:49,3997
DA:52,8236
DA:53,4118
DA:54,4118
LF:8
LH:8
end_of_record
TN:
SF:src/discrete_distribution/kronecker.jl
DA:50,1
DA:58,1
DA:59,1
DA:60,1
DA:61,3
DA:62,2
DA:63,2
DA:64,1
DA:65,0
DA:66,0
DA:67,0
DA:69,0
DA:70,2
DA:71,2
DA:73,2
DA:74,2
DA:75,1
DA:78,2
DA:79,1
DA:81,1
DA:82,1
DA:83,1
DA:84,0
DA:85,0
DA:90,0
DA:92,0
DA:95,1
DA:96,1
DA:97,1
DA:98,1
DA:100,0
DA:103,1
DA:112,2
DA:113,1
DA:114,1
DA:115,1
DA:120,1
DA:121,4
DA:122,4
DA:123,2
DA:124,2000
DA:125,2000
DA:126,2000
DA:127,1146
DA:129,3998
DA:130,3
DA:132,1
LF:47
LH:38
end_of_record
TN:
SF:src/discrete_distribution/lattice.jl
DA:115,725
DA:132,0
DA:134,728
DA:138,728
DA:139,728
DA:140,728
DA:141,728
DA:142,731
DA:148,725
DA:151,3
DA:152,3
DA:157,3
DA:158,3
DA:159,9
DA:160,9
DA:163,9
DA:164,9
DA:166,0
DA:167,0
DA:173,0
DA:175,15
DA:176,3
DA:289,8
DA:290,8
DA:292,8
DA:293,8
DA:294,8
DA:295,8
DA:296,8
DA:297,22
DA:298,36
DA:300,8
DA:309,725
DA:310,714
DA:315,714
DA:320,1428
DA:321,11
DA:322,3
DA:327,3
DA:331,3
DA:332,6
DA:333,8
DA:334,8
DA:339,8
DA:340,16
DA:341,0
DA:342,0
DA:347,0
DA:348,0
DA:349,0
DA:350,0
DA:355,0
DA:357,0
DA:359,0
DA:360,0
DA:361,0
DA:366,0
DA:368,0
DA:369,0
DA:370,0
DA:375,0
DA:377,0
DA:385,1472
DA:394,728
DA:395,728
DA:396,725
DA:397,0
DA:401,725
DA:402,725
DA:404,725
DA:405,1450
DA:407,728
DA:409,725
DA:423,1862
DA:424,1862
DA:425,3721
DA:426,1859
DA:427,1860
DA:434,1861
DA:435,1861
DA:436,1853
DA:441,1849
DA:449,3724
DA:450,1862
DA:451,1862
DA:452,1862
DA:453,1861
DA:454,1917
DA:455,1861
DA:458,1861
DA:459,817
DA:463,1861
DA:464,1861
DA:465,4
DA:466,0
DA:468,4
DA:469,1857
DA:470,1849
DA:472,8
DA:476,1861
DA:479,1861
DA:480,1861
DA:482,1861
DA:486,1
DA:487,1
LF:105
LH:82
end_of_record
TN:
SF:src/discrete_distribution/qmctoolscl_c.jl
DA:24,41
DA:25,41
DA:26,41
DA:27,41
DA:30,41
DA:31,41
DA:32,41
DA:33,0
DA:35,41
DA:45,82
DA:46,41
DA:47,41
DA:48,41
DA:50,41
DA:51,41
DA:53,41
DA:54,41
DA:55,41
DA:56,0
DA:57,0
DA:59,41
DA:60,41
DA:61,41
DA:62,41
DA:63,41
DA:64,41
DA:65,41
DA:67,0
DA:70,0
DA:72,0
DA:73,0
DA:74,0
DA:75,0
DA:86,0
DA:98,0
DA:99,0
DA:110,0
DA:117,9329
DA:118,9329
DA:132,6576
DA:135,0
DA:137,0
DA:138,0
DA:139,0
DA:141,0
DA:142,0
DA:147,139
DA:165,4
DA:166,4
DA:181,1849
DA:188,1849
DA:204,8
DA:211,8
DA:227,1861
DA:236,1861
DA:280,4
DA:289,4
DA:317,0
DA:326,0
DA:354,6
DA:364,6
DA:394,3
DA:405,3
DA:437,7
DA:445,7
DA:489,3628
DA:503,3628
DA:541,1222
DA:555,1222
DA:608,737
DA:617,737
LF:71
LH:50
end_of_record
TN:
SF:src/integrand/custom_fun.jl
DA:41,63
DA:46,61
DA:48,151
DA:49,1540697
DA:50,313
DA:51,0
DA:53,475
DA:72,147
DA:73,137
DA:74,150
DA:85,5
DA:86,215
DA:87,215
DA:98,175
DA:99,171
DA:100,175
DA:101,8
DA:102,8
DA:104,171
DA:114,42
DA:115,268
DA:116,297
LF:22
LH:21
end_of_record
TN:
SF:src/integrand/financial_option.jl
DA:70,561
DA:85,1116
DA:98,567
DA:99,3
DA:102,564
DA:103,63
DA:104,63
DA:105,63
DA:107,501
DA:108,501
DA:109,501
DA:111,564
DA:113,564
DA:114,564
DA:119,564
DA:121,564
DA:122,19
DA:124,16
DA:128,561
DA:129,561
DA:130,561
DA:132,0
DA:135,561
DA:137,561
DA:171,85901980
DA:172,85901980
DA:173,85901980
DA:175,85901980
DA:176,100000
DA:177,100000
DA:178,85801980
DA:179,85601944
DA:180,3123762
DA:182,84040063
DA:184,85601944
DA:185,200036
DA:186,100012
DA:187,100000
DA:189,12
DA:191,100024
DA:192,0
DA:193,0
DA:194,0
DA:195,100024
DA:196,100024
DA:198,0
DA:200,85901980
DA:203,100024
DA:204,100024
DA:205,100024
DA:206,100024
DA:207,100024
DA:210,100024
DA:211,2200799
DA:213,0
DA:217,100036
DA:218,100024
DA:219,73585
DA:223,26439
DA:226,2411
DA:227,2411
DA:228,2411
DA:229,2411
DA:234,2411
DA:235,21
DA:236,21
DA:237,21
DA:238,18
DA:240,3
DA:250,2390
DA:251,63
DA:252,63
DA:253,4797429
DA:254,63
DA:255,57
DA:256,740
DA:257,65117884
DA:259,1423
DA:260,57
DA:262,6
DA:263,24
DA:264,72
DA:266,42
DA:267,6
DA:269,63
DA:270,57
DA:272,6
DA:278,2327
DA:279,6
DA:280,6
DA:281,6
DA:282,3
DA:284,3
DA:291,2321
DA:292,6
DA:293,18
DA:294,6
DA:295,3
DA:296,9
DA:297,27
DA:299,15
DA:300,3
DA:301,3
DA:303,3
DA:304,9
DA:305,27
DA:307,15
DA:308,3
DA:309,3
DA:315,2315
DA:316,6
DA:317,6
DA:318,6
DA:319,6
DA:320,6
DA:321,6
DA:322,3
DA:323,12
DA:324,36
DA:326,21
DA:328,3
DA:329,12
DA:330,36
DA:332,12
DA:334,9
DA:335,6
DA:336,3
DA:338,3
DA:342,2309
DA:343,2309
DA:344,2309
DA:347,0
DA:348,0
DA:349,0
DA:354,2309
DA:355,2309
DA:356,2309
DA:357,2309
DA:358,2309
DA:359,2309
DA:360,2309
DA:361,85901980
DA:362,1093298616
DA:363,2100695252
DA:364,85901980
DA:365,85901980
DA:367,2309
DA:379,15
DA:380,15
DA:381,15
DA:382,15
DA:383,15
DA:384,15
DA:385,15
DA:386,15
DA:397,21
DA:398,21
DA:399,21
DA:400,21
DA:401,21
DA:402,21
DA:403,21
DA:405,21
DA:406,7
DA:407,7
DA:409,14
DA:411,8
DA:412,8
DA:413,8
DA:414,8
DA:415,8
DA:416,8
DA:417,6
DA:421,3
DA:422,3
DA:423,3
DA:424,3
DA:425,3
DA:426,3
DA:428,3
DA:435,3
DA:436,3
DA:437,3
LF:183
LH:174
end_of_record
TN:
SF:src/integrand/financial_option_ml.jl
DA:53,11
DA:66,11
DA:67,11
DA:68,11
DA:69,11
DA:74,11
DA:77,3
DA:88,3
DA:89,3
DA:90,3
DA:91,3
DA:134,8
DA:145,8
DA:146,8
DA:147,8
DA:148,8
DA:149,8
DA:150,8
DA:165,252
DA:167,186
DA:170,186
DA:202,2605139
DA:203,2605139
DA:204,2605139
DA:205,3054624
DA:206,2605139
DA:207,0
DA:208,0
DA:209,0
DA:210,0
DA:211,0
DA:213,0
DA:215,0
DA:218,0
DA:219,0
DA:220,0
DA:223,0
DA:224,0
DA:225,0
DA:226,0
DA:227,0
DA:228,0
DA:229,0
DA:235,3054624
DA:236,3054624
DA:237,3054624
DA:239,3054624
DA:240,0
DA:241,0
DA:242,3054624
DA:243,3054624
DA:244,3054624
DA:246,0
DA:248,3054624
DA:249,0
DA:250,0
DA:251,0
DA:253,0
DA:255,0
DA:256,0
DA:257,0
DA:258,0
DA:260,0
DA:264,186
DA:265,186
DA:266,186
DA:267,186
DA:268,186
DA:269,186
DA:271,2605139
DA:272,2605139
DA:274,186
DA:275,2605139
DA:276,3054624
DA:277,2605139
DA:279,2605139
DA:280,449485
DA:282,5210092
DA:284,186
LF:79
LH:50
end_of_record
TN:
SF:src/integrand/genz.jl
DA:46,77
DA:56,154
DA:62,77
DA:63,77
DA:64,137
DA:65,137
DA:66,77
DA:67,77
DA:68,77
DA:71,216
DA:72,216
DA:73,216
DA:74,216
DA:75,216
DA:77,216
DA:80,276
DA:81,276
DA:83,78
DA:88,24
DA:89,3
DA:90,6
DA:91,6
DA:92,6
DA:93,48
DA:95,6
DA:97,75
DA:100,67111517
DA:101,23
DA:102,86
DA:103,86
DA:104,268446020
DA:106,149
DA:107,23
DA:109,52
DA:112,600
DA:113,27
DA:114,54
DA:115,54
DA:116,54
DA:117,1200
DA:119,81
DA:120,27
DA:122,25
DA:125,4728
DA:126,22
DA:127,63
DA:128,63
DA:129,63
DA:130,20464
DA:132,104
DA:133,22
DA:135,3
DA:139,3
DA:140,24
DA:141,3
DA:142,6
DA:143,6
DA:144,6
DA:145,48
DA:146,36
DA:147,36
DA:148,21
DA:150,15
DA:153,90
DA:154,9
DA:155,3
DA:156,24
DA:157,24
DA:160,216
DA:168,31
DA:169,31
DA:170,31
DA:171,31
DA:173,31
DA:176,3
DA:177,3
DA:178,3
DA:179,6
DA:180,6
DA:181,6
DA:183,9
DA:184,3
DA:186,28
DA:187,3
DA:188,3
DA:189,6
DA:190,9
DA:191,3
DA:193,25
DA:198,144
DA:199,6
DA:200,3
DA:201,3
DA:202,12
DA:203,12
DA:204,12
DA:205,24
DA:206,12
DA:207,12
DA:209,36
DA:210,12
DA:211,21
DA:212,3
DA:213,3
DA:214,3
DA:215,3
DA:216,3
DA:218,19
DA:219,6
DA:220,6
DA:221,12
DA:222,12
DA:223,12
DA:224,3
DA:226,9
DA:227,18
DA:228,6
DA:230,13
DA:231,7
DA:232,7
DA:233,17
DA:234,17
DA:235,17
DA:236,3
DA:238,14
DA:240,27
DA:241,7
DA:243,6
DA:244,6
DA:245,6
DA:246,12
DA:247,12
DA:248,12
DA:249,3
DA:251,9
DA:253,18
DA:254,6
DA:258,18
LF:138
LH:138
end_of_record
TN:
SF:src/integrand/ishigami.jl
DA:47,1
DA:53,1
DA:54,1
DA:55,1
DA:56,1
DA:59,6
DA:60,6
DA:61,6
DA:62,6
DA:63,6
DA:64,6
DA:65,24576
DA:66,24576
DA:67,24576
DA:68,24576
DA:69,49146
DA:70,6
DA:106,2
DA:107,1
DA:108,1
DA:109,1
DA:110,2
DA:111,2
DA:112,1
LF:24
LH:24
end_of_record
TN:
SF:src/integrand/keister.jl
DA:29,193
DA:33,193
DA:35,265
DA:36,265
DA:39,530
DA:40,265
DA:56,35
DA:57,35
DA:58,35
DA:59,35
DA:60,35
DA:61,35
DA:62,35
DA:63,35
DA:64,457
DA:65,457
DA:66,457
DA:67,35
DA:69,422
DA:70,844
DA:71,0
LF:21
LH:20
end_of_record
TN:
SF:src/integrand/ml_integrand.jl
DA:73,50
DA:82,16
DA:83,32
DA:84,16
DA:85,0
DA:90,0
DA:91,0
DA:92,0
DA:93,0
DA:94,0
DA:107,16
DA:117,44
DA:118,22
DA:119,22
DA:120,24
DA:134,10
DA:160,34
DA:197,54
DA:218,6
DA:219,6
DA:220,6
DA:221,6
DA:222,6
DA:235,159
DA:242,159
DA:243,159
DA:244,0
DA:245,0
DA:247,159
DA:248,159
DA:249,318
DA:250,159
DA:251,159
DA:254,87
DA:262,87
DA:263,87
DA:265,174
DA:266,87
DA:271,174
DA:275,87
DA:276,174
DA:277,87
DA:280,0
DA:281,0
DA:282,0
DA:283,0
DA:284,0
DA:285,0
DA:286,0
DA:287,0
DA:288,0
LF:51
LH:34
end_of_record
TN:
SF:src/integrand/sensitivity_indices.jl
DA:56,2
DA:64,39
DA:65,0
DA:67,39
DA:70,4
DA:71,2
DA:72,2
DA:74,2
DA:75,6
DA:76,0
DA:78,0
DA:79,0
DA:80,0
DA:81,0
DA:82,0
DA:83,0
DA:84,0
DA:85,0
DA:86,0
DA:87,0
DA:88,0
DA:90,0
DA:92,0
DA:96,2
DA:97,2
DA:100,2
DA:101,2
DA:102,2
DA:103,2
DA:106,2
DA:107,2
DA:110,2
DA:111,2
DA:114,2
DA:115,4
DA:117,2
DA:120,6
DA:121,18
DA:122,6
DA:124,12
DA:126,30
DA:127,6
DA:129,6
DA:130,61440
DA:131,61440
DA:132,61440
DA:133,122874
DA:134,10
DA:136,2
DA:145,2
DA:146,2
DA:147,2
DA:150,2
DA:151,2
DA:152,2
DA:153,2
DA:154,3
DA:155,2
DA:157,2
DA:158,2
DA:160,2
DA:161,6
DA:162,6
DA:163,10
DA:165,2
DA:169,1
DA:170,1
LF:67
LH:52
end_of_record
TN:
SF:src/kernel/dig_shift_invariant.jl
DA:30,2
DA:33,2
DA:34,2
DA:35,2
DA:43,6528
DA:44,3264
DA:45,3264
DA:46,3264
DA:47,3264
DA:66,6528
DA:67,3264
DA:68,6
DA:70,3258
DA:71,3258
DA:73,3258
DA:74,3258
DA:75,28614
DA:76,28614
DA:77,28614
DA:80,28614
DA:81,31872
DA:83,28614
DA:84,3258
DA:86,25356
DA:87,3258
DA:96,2
DA:97,2
DA:98,2
DA:100,1088
DA:102,2
DA:103,6
DA:104,6
DA:105,3264
DA:106,3264
DA:107,6522
DA:108,10
DA:110,4
DA:111,2
LF:38
LH:38
end_of_record
TN:
SF:src/kernel/matern.jl
DA:78,1
DA:82,1
DA:83,1
DA:84,1
DA:85,1
DA:89,136
DA:90,136
DA:211,1
DA:212,1
DA:213,1
DA:214,1
DA:215,16
DA:216,17
DA:217,120
DA:218,120
DA:219,120
DA:220,120
DA:221,120
DA:222,120
DA:223,120
DA:224,120
DA:225,225
DA:226,31
DA:227,1
LF:24
LH:24
end_of_record
TN:
SF:src/kernel/shift_invariant.jl
DA:33,3
DA:36,3
DA:37,3
DA:38,3
DA:53,3456
DA:54,6903
DA:55,3456
DA:56,3456
DA:57,3456
DA:58,0
DA:59,3456
DA:60,3456
DA:63,0
DA:65,3456
DA:74,3
DA:75,3
DA:78,1152
DA:80,3
DA:81,9
DA:82,9
DA:83,3456
DA:84,3456
DA:85,6903
DA:86,15
DA:88,3
DA:89,3
LF:26
LH:24
end_of_record
TN:
SF:src/stopping_criterion/control_variates.jl
DA:30,12
DA:46,21
DA:51,612
DA:52,34
DA:55,24
DA:57,24
DA:60,31
DA:63,24
DA:69,18
DA:70,18
DA:71,18
DA:72,18
DA:73,28
DA:78,25
DA:83,19
DA:84,19
DA:85,12
DA:94,31
DA:95,31
DA:96,31
DA:97,31
DA:98,31
DA:99,42
DA:100,42
DA:105,42
DA:106,53
DA:107,31
DA:117,9
DA:118,18
DA:119,18
DA:120,9
DA:131,3
DA:132,3
DA:137,6
DA:138,6
DA:139,3
DA:147,16
DA:153,16
DA:156,3
DA:162,3
DA:174,3
DA:181,14
DA:182,17
DA:183,14
DA:184,3
DA:185,3
DA:203,34
DA:209,34
DA:210,34
DA:211,34
DA:212,34
DA:213,34
DA:214,34
DA:215,34
DA:216,4060274
DA:217,4060274
DA:218,4060274
DA:219,7105732
DA:220,10151190
DA:221,8120514
DA:222,34
LF:61
LH:61
end_of_record
TN:
SF:src/stopping_criterion/cub_mc_clt.jl
DA:42,122
DA:53,125
DA:65,122
DA:66,122
DA:67,122
DA:68,122
DA:69,125
DA:82,238
DA:83,119
DA:84,119
DA:85,119
DA:86,119
DA:87,119
DA:90,119
DA:91,119
DA:92,119
DA:93,124
DA:95,3
DA:96,4
DA:97,3
DA:98,3
DA:99,3
DA:101,119
DA:102,119
DA:105,119
DA:106,119
DA:107,119
DA:108,0
DA:119,119
DA:120,119
DA:122,119
DA:123,0
DA:125,0
DA:132,137
DA:133,231
DA:134,224
DA:135,215
DA:137,9
DA:139,7
DA:140,9
DA:141,7
DA:142,7
DA:146,122
DA:147,119
DA:148,119
DA:153,119
DA:154,119
DA:155,119
DA:156,462
DA:157,112
DA:158,112
DA:159,116
DA:160,112
DA:161,112
DA:162,112
DA:163,112
DA:164,112
DA:165,112
DA:168,119
DA:170,119
DA:171,119
DA:173,119
DA:174,119
DA:175,0
DA:178,119
DA:179,0
DA:189,119
DA:202,119
DA:203,3
DA:205,119
DA:206,0
DA:208,119
LF:72
LH:66
end_of_record
TN:
SF:src/stopping_criterion/cub_mc_clt_vec.jl
DA:57,10
DA:66,10
DA:75,10
DA:76,10
DA:77,10
DA:78,10
DA:80,10
DA:83,8
DA:87,7
DA:88,6
DA:90,1
DA:91,1
DA:92,1
DA:93,1
DA:95,1
DA:96,1
DA:99,1
DA:100,0
DA:101,0
DA:102,0
DA:103,0
DA:104,0
DA:106,1
DA:107,1
DA:108,1
DA:109,1
DA:110,1
DA:113,1
DA:114,1
DA:116,13
DA:117,13
DA:118,13
DA:119,26
DA:121,26
DA:122,26
DA:123,13
DA:125,13
DA:126,13
DA:127,13
DA:128,13
DA:130,13
DA:132,13
DA:133,0
DA:143,13
DA:145,13
DA:146,13
DA:147,12
DA:149,1
DA:150,1
DA:158,1
DA:159,0
DA:162,1
DA:172,6
DA:173,6
DA:174,6
DA:175,6
DA:176,12
DA:177,6
DA:178,12
DA:179,12
DA:180,12
DA:181,12
DA:182,12
DA:183,12
DA:184,12
DA:185,12
DA:186,24
DA:187,12
DA:189,24
DA:190,18
DA:191,6
DA:194,6
DA:198,6
DA:199,6
DA:200,6
DA:201,6
DA:207,6
DA:208,6
DA:209,6
DA:211,6
DA:212,6
DA:213,6
DA:214,6
DA:220,6
DA:221,6
DA:222,6
DA:223,6
DA:224,3
DA:225,3
DA:226,3
DA:227,3
DA:230,3
DA:231,3
DA:232,3
DA:234,6
DA:235,6
DA:236,6
DA:237,3
DA:239,6
DA:241,12
DA:242,12
DA:243,12
DA:244,12
DA:245,12
DA:246,12
DA:247,6
DA:248,6
DA:249,6
DA:251,15
DA:252,15
DA:253,12
DA:254,12
DA:255,12
DA:256,12
DA:257,12
DA:258,24
DA:259,24
DA:260,24
DA:261,24
DA:262,1536
DA:263,1536
DA:264,1536
DA:265,1722
DA:266,24
DA:267,24
DA:268,24
DA:269,36
DA:272,15
DA:274,15
DA:275,30
DA:276,30
DA:277,30
DA:278,30
DA:280,30
DA:281,30
DA:282,30
DA:283,30
DA:285,0
DA:286,0
DA:287,0
DA:289,45
DA:291,15
DA:292,30
DA:293,30
DA:301,15
DA:302,15
DA:303,15
DA:304,30
DA:305,30
DA:306,30
DA:307,30
DA:308,30
DA:309,30
DA:310,30
DA:311,30
DA:312,30
DA:313,30
DA:314,30
DA:316,0
DA:317,0
DA:319,45
DA:322,15
DA:323,15
DA:324,30
DA:325,45
DA:326,30
DA:328,15
DA:329,15
DA:339,15
DA:340,9
DA:341,9
DA:342,9
DA:343,9
DA:345,6
DA:346,12
DA:359,6
DA:360,6
DA:362,6
DA:366,3
LF:179
LH:167
end_of_record
TN:
SF:src/stopping_criterion/cub_mc_g.jl
DA:67,11
DA:80,22
DA:92,11
DA:93,11
DA:94,11
DA:95,11
DA:96,11
DA:98,11
DA:99,11
DA:102,11
DA:104,11
DA:129,11
DA:136,11
DA:137,22
DA:140,11
DA:143,11
DA:145,1111
DA:146,1100
DA:147,1100
DA:154,11
DA:155,11
DA:156,1100
DA:157,1100
DA:158,631
DA:160,469
DA:162,2189
DA:163,11
DA:165,11
DA:168,11
DA:169,11
DA:171,1111
DA:172,1100
DA:178,11
DA:179,11
DA:180,1100
DA:181,1100
DA:182,483
DA:184,617
DA:186,2189
DA:187,11
DA:189,11
DA:197,11
DA:198,11
DA:199,11
DA:200,22
DA:202,11
DA:204,1111
DA:205,1100
DA:212,11
DA:213,11
DA:214,1100
DA:215,1100
DA:216,1100
DA:218,0
DA:220,2189
DA:221,11
DA:222,11
DA:225,22
DA:226,11
DA:227,11
DA:228,11
DA:229,11
DA:230,11
DA:231,11
DA:232,11
DA:235,11
DA:236,11
DA:237,11
DA:238,0
DA:239,0
DA:240,0
DA:242,11
DA:243,22
DA:244,11
DA:245,11
DA:247,11
DA:249,11
DA:250,11
DA:251,11
DA:252,0
DA:261,11
DA:262,11
DA:264,11
DA:265,11
DA:266,11
DA:267,11
DA:269,0
DA:271,11
DA:272,11
DA:273,0
DA:284,0
DA:285,0
DA:286,0
DA:287,0
DA:288,0
DA:289,0
DA:290,0
DA:291,0
DA:301,0
DA:302,0
DA:303,0
DA:304,0
DA:308,0
DA:309,0
DA:311,0
DA:312,0
DA:313,0
DA:314,0
DA:315,0
DA:316,0
DA:319,0
DA:320,0
DA:321,0
DA:322,0
DA:323,0
DA:332,0
DA:335,11
DA:336,11
DA:343,11
DA:344,0
DA:346,11
DA:347,0
DA:350,11
LF:123
LH:88
end_of_record
TN:
SF:src/stopping_criterion/cub_mlmc.jl
DA:55,6
DA:68,9
DA:82,6
DA:83,6
DA:84,6
DA:85,6
DA:87,6
DA:88,6
DA:89,6
DA:92,6
DA:110,10
DA:125,3
DA:126,3
DA:127,3
DA:128,3
DA:146,70
DA:147,88
DA:148,18
DA:149,18
DA:150,18
DA:151,18
DA:152,18
DA:153,18
DA:154,18
DA:155,18
DA:160,9
DA:161,9
DA:162,9
DA:163,9
DA:164,9
DA:165,18
DA:166,9
DA:167,9
DA:168,9
DA:169,9
DA:175,32
DA:176,32
DA:177,155
DA:178,85
DA:180,70
DA:181,70
DA:182,70
DA:189,70
DA:190,70
DA:191,70
DA:192,70
DA:193,278
DA:194,32
DA:199,32
DA:200,32
DA:201,32
DA:202,155
DA:203,155
DA:204,155
DA:205,155
DA:207,155
DA:209,278
DA:212,32
DA:213,91
DA:215,91
DA:217,150
DA:220,32
DA:221,246
DA:222,123
DA:224,32
DA:225,64
DA:226,32
DA:227,32
DA:229,32
DA:230,64
DA:231,32
DA:232,32
DA:234,32
DA:235,64
DA:236,32
DA:237,32
DA:244,38
DA:245,38
DA:246,76
DA:247,76
DA:249,76
DA:250,76
DA:251,38
DA:252,38
DA:256,0
DA:262,12
DA:263,12
DA:264,12
DA:265,12
DA:266,12
DA:267,12
DA:268,33
DA:269,33
DA:270,54
DA:271,12
DA:275,0
DA:282,0
DA:283,0
DA:288,6
DA:289,3
DA:290,3
DA:291,3
DA:294,9
DA:295,3
DA:296,3
DA:297,0
DA:308,29
DA:310,29
DA:311,58
DA:314,58
DA:315,58
DA:316,0
DA:317,0
DA:321,29
DA:322,29
DA:323,0
DA:334,58
DA:336,12
DA:338,12
DA:340,9
DA:341,0
DA:342,0
DA:344,9
DA:346,9
DA:347,18
DA:348,9
DA:352,3
DA:355,26
DA:358,3
DA:362,6
DA:363,3
DA:365,6
DA:378,3
DA:379,0
DA:382,3
LF:135
LH:124
end_of_record
TN:
SF:src/stopping_criterion/cub_mlmc_cont.jl
DA:53,7
DA:69,14
DA:83,7
DA:84,7
DA:85,7
DA:86,7
DA:87,7
DA:89,7
DA:90,7
DA:91,7
DA:93,0
DA:96,7
DA:116,7
DA:117,7
DA:118,7
DA:119,7
DA:137,110
DA:138,110
DA:139,0
DA:142,110
DA:143,110
DA:144,110
DA:145,110
DA:146,110
DA:147,220
DA:148,110
DA:149,110
DA:150,110
DA:151,110
DA:155,55
DA:156,55
DA:157,55
DA:158,182
DA:159,182
DA:160,182
DA:162,309
DA:163,55
DA:166,55
DA:167,55
DA:168,55
DA:172,55
DA:176,55
DA:177,99
DA:182,55
DA:183,55
DA:184,110
DA:185,110
DA:186,110
DA:187,110
DA:188,55
DA:189,55
DA:194,50
DA:195,50
DA:198,158
DA:199,50
DA:200,158
DA:201,21
DA:203,266
DA:204,100
DA:205,7
DA:208,50
DA:209,105
DA:211,55
DA:212,24
DA:213,5
DA:214,5
DA:218,99
DA:221,55
DA:222,110
DA:225,110
DA:226,110
DA:227,0
DA:228,0
DA:232,110
DA:233,26
DA:237,55
DA:238,55
DA:239,5
DA:240,0
DA:241,0
DA:243,5
DA:246,55
DA:251,89
DA:252,115
DA:253,26
DA:254,26
DA:255,26
DA:256,26
DA:257,26
DA:258,26
DA:259,26
DA:260,26
DA:263,38
DA:264,38
DA:265,276
DA:266,49
DA:268,89
DA:269,89
DA:270,89
DA:277,89
DA:278,89
DA:279,89
DA:280,89
DA:281,238
DA:282,38
DA:285,38
DA:286,38
DA:287,38
DA:288,138
DA:289,138
DA:290,138
DA:291,138
DA:293,138
DA:295,238
DA:297,38
DA:298,62
DA:300,62
DA:302,86
DA:304,38
DA:305,200
DA:306,100
DA:307,38
DA:308,76
DA:309,38
DA:310,38
DA:312,38
DA:313,76
DA:314,38
DA:315,38
DA:317,38
DA:318,76
DA:319,38
DA:320,38
DA:325,5
DA:326,5
DA:327,5
DA:328,5
DA:329,5
DA:330,10
DA:331,5
DA:332,5
DA:333,5
DA:334,5
DA:340,14
DA:341,7
DA:342,7
DA:343,7
DA:346,7
DA:347,93
DA:348,50
DA:349,50
DA:350,0
DA:359,93
DA:362,7
DA:366,14
DA:367,7
DA:369,14
DA:382,7
DA:383,0
DA:386,7
LF:160
LH:152
end_of_record
TN:
SF:src/stopping_criterion/cub_mlqmc.jl
DA:48,2
DA:60,259
DA:61,0
DA:63,259
DA:66,4
DA:77,2
DA:78,2
DA:79,2
DA:80,2
DA:82,2
DA:83,4
DA:84,2
DA:85,4
DA:87,2
DA:88,2
DA:89,2
DA:91,0
DA:94,2
DA:109,2
DA:110,2
DA:111,2
DA:112,2
DA:127,31
DA:128,43
DA:129,12
DA:130,12
DA:131,12
DA:132,18
DA:133,12
DA:134,12
DA:135,12
DA:136,12
DA:139,6
DA:140,6
DA:141,6
DA:142,6
DA:143,6
DA:144,6
DA:145,6
DA:146,48
DA:147,6
DA:148,6
DA:149,6
DA:150,6
DA:154,27
DA:155,27
DA:156,27
DA:157,99
DA:158,68
DA:160,31
DA:162,50
DA:163,31
DA:165,31
DA:166,31
DA:168,248
DA:169,31
DA:171,62
DA:172,31
DA:174,31
DA:175,31
DA:176,31
DA:177,31
DA:178,31
DA:179,31
DA:180,31
DA:181,171
DA:184,27
DA:185,27
DA:188,27
DA:189,27
DA:190,27
DA:191,0
DA:192,0
DA:194,27
DA:195,27
DA:196,27
DA:197,27
DA:198,27
DA:199,54
DA:200,27
DA:201,27
DA:202,27
DA:205,4
DA:206,2
DA:207,2
DA:208,2
DA:209,2
DA:211,2
DA:212,10
DA:213,8
DA:216,8
DA:217,9
DA:221,16
DA:222,27
DA:223,38
DA:224,19
DA:226,38
DA:227,38
DA:231,19
DA:232,0
DA:233,0
DA:234,0
DA:237,19
DA:238,19
DA:239,19
DA:241,38
DA:242,19
DA:244,8
DA:245,0
DA:246,0
DA:247,0
DA:256,0
DA:260,8
DA:261,8
DA:262,0
DA:271,8
DA:272,8
DA:273,6
DA:274,0
DA:275,0
DA:277,6
DA:280,8
DA:282,4
DA:283,4
DA:284,2
DA:286,4
DA:297,2
DA:298,0
DA:301,2
LF:129
LH:114
end_of_record
TN:
SF:src/stopping_criterion/cub_mlqmc_cont.jl
DA:56,7
DA:70,14
DA:84,7
DA:85,7
DA:86,7
DA:87,7
DA:88,7
DA:90,7
DA:91,9
DA:92,7
DA:94,7
DA:95,7
DA:96,7
DA:98,0
DA:101,7
DA:120,9
DA:133,7
DA:134,7
DA:135,7
DA:136,7
DA:151,56
DA:152,82
DA:153,26
DA:154,26
DA:155,26
DA:156,32
DA:157,26
DA:158,26
DA:159,26
DA:160,26
DA:163,5
DA:164,5
DA:165,5
DA:166,5
DA:167,5
DA:168,5
DA:169,5
DA:170,40
DA:171,5
DA:172,5
DA:173,5
DA:174,5
DA:180,85
DA:181,85
DA:182,85
DA:183,286
DA:184,230
DA:186,56
DA:189,86
DA:190,56
DA:192,56
DA:193,56
DA:196,448
DA:197,56
DA:200,112
DA:201,56
DA:203,56
DA:204,56
DA:205,56
DA:206,56
DA:207,56
DA:208,56
DA:209,56
DA:210,487
DA:213,85
DA:216,85
DA:219,85
DA:220,85
DA:221,85
DA:222,0
DA:223,0
DA:225,85
DA:226,85
DA:227,85
DA:228,85
DA:229,85
DA:230,170
DA:231,85
DA:232,85
DA:233,85
DA:236,85
DA:237,85
DA:238,85
DA:239,0
DA:240,0
DA:242,85
DA:243,85
DA:244,85
DA:245,85
DA:246,85
DA:247,170
DA:248,85
DA:249,85
DA:250,85
DA:251,85
DA:254,140
DA:257,55
DA:260,55
DA:264,50
DA:265,50
DA:266,105
DA:268,55
DA:269,55
DA:272,85
DA:274,60
DA:275,30
DA:278,60
DA:282,60
DA:283,30
DA:284,0
DA:285,0
DA:288,30
DA:289,30
DA:290,30
DA:293,55
DA:294,55
DA:295,5
DA:296,0
DA:297,0
DA:299,5
DA:302,55
DA:307,14
DA:308,7
DA:309,7
DA:310,7
DA:313,7
DA:314,93
DA:315,50
DA:316,50
DA:317,0
DA:326,93
DA:329,14
DA:330,14
DA:331,7
DA:333,14
DA:344,7
DA:345,0
DA:348,7
LF:138
LH:127
end_of_record
TN:
SF:src/stopping_criterion/cub_qmc_bayes_lattice_g.jl
DA:73,6
DA:85,12
DA:97,6
DA:98,6
DA:99,6
DA:100,6
DA:101,6
DA:102,6
DA:124,344
DA:125,344
DA:126,344
DA:127,688
DA:129,344
DA:130,0
DA:131,344
DA:132,781912
DA:134,688
DA:135,0
DA:140,344
DA:141,344
DA:142,781568
DA:143,782901
DA:146,688
DA:147,688
DA:148,344
DA:149,1333
DA:150,1333
DA:151,2666
DA:152,2666
DA:153,2365
DA:155,688
DA:156,344
DA:158,344
DA:159,688
DA:160,344
DA:162,344
DA:167,344
DA:174,344
DA:175,344
DA:177,344
DA:180,132096
DA:181,344
DA:182,132096
DA:183,132096
DA:185,263848
DA:187,344
DA:188,0
DA:189,0
DA:190,0
DA:191,0
DA:192,0
DA:193,0
DA:197,688
DA:198,688
DA:199,344
DA:200,344
DA:201,344
DA:204,344
DA:209,8
DA:210,8
DA:213,8
DA:214,8
DA:215,168
DA:216,168
DA:217,94
DA:218,94
DA:220,328
DA:221,8
DA:222,16
DA:223,168
DA:224,168
DA:225,41
DA:226,41
DA:228,328
DA:230,8
DA:232,8
DA:233,0
DA:235,16
DA:238,8
DA:239,0
DA:241,16
DA:246,8
DA:247,8
DA:352,12
DA:353,6
DA:354,0
DA:356,6
DA:357,6
DA:358,0
DA:361,0
DA:363,6
DA:365,6
DA:366,6
DA:367,6
DA:368,6
DA:369,6
DA:370,6
DA:371,6
DA:373,8
DA:374,8
DA:375,8
DA:379,8
DA:380,8
DA:381,16
DA:383,8
DA:385,8
DA:388,8
DA:389,8
DA:390,1
DA:392,8
DA:394,2
DA:395,0
DA:396,2
DA:397,2
DA:399,6
DA:410,6
DA:411,1
DA:413,6
LF:118
LH:104
end_of_record
TN:
SF:src/stopping_criterion/cub_qmc_bayes_net_g.jl
DA:33,4
DA:45,8
DA:57,4
DA:58,4
DA:59,4
DA:60,4
DA:61,4
DA:62,4
DA:82,473
DA:83,473
DA:84,473
DA:85,473
DA:86,946
DA:88,473
DA:89,0
DA:90,473
DA:91,3677145
DA:93,946
DA:94,0
DA:99,473
DA:100,473
DA:101,473
DA:102,473
DA:103,1849
DA:104,1849
DA:105,3676672
DA:106,3676672
DA:107,3676672
DA:108,7351495
DA:109,3225
DA:112,946
DA:113,946
DA:114,473
DA:115,2752
DA:116,2752
DA:117,2322
DA:119,946
DA:120,473
DA:123,946
DA:124,946
DA:125,473
DA:127,473
DA:132,473
DA:139,473
DA:140,473
DA:142,473
DA:144,770560
DA:145,473
DA:146,770560
DA:147,1540647
DA:149,473
DA:150,0
DA:151,0
DA:152,0
DA:153,0
DA:154,0
DA:155,0
DA:159,946
DA:160,946
DA:161,473
DA:162,473
DA:163,473
DA:166,473
DA:171,11
DA:172,11
DA:174,11
DA:175,11
DA:176,231
DA:177,231
DA:178,451
DA:179,11
DA:180,22
DA:181,231
DA:182,231
DA:183,451
DA:185,11
DA:187,11
DA:189,22
DA:195,11
DA:200,8
DA:201,4
DA:202,4
DA:203,0
DA:206,0
DA:208,4
DA:210,4
DA:211,4
DA:212,4
DA:213,4
DA:214,4
DA:215,4
DA:216,4
DA:218,11
DA:219,11
DA:220,11
DA:222,11
DA:223,11
DA:224,22
DA:227,22
DA:229,11
DA:231,11
DA:232,11
DA:233,0
DA:235,11
DA:237,7
DA:238,0
DA:239,7
DA:240,7
DA:242,4
DA:253,4
DA:254,0
DA:256,4
LF:112
LH:99
end_of_record
TN:
SF:src/stopping_criterion/cub_qmc_lattice_g.jl
DA:76,255
DA:88,258
DA:101,255
DA:102,258
DA:130,1276
DA:138,1276
DA:139,2552
DA:140,5925
DA:141,5925
DA:143,5925
DA:144,36467355
DA:145,36467355
DA:146,36467355
DA:147,72928785
DA:149,5925
DA:150,36467355
DA:151,11554489
DA:152,30850550
DA:153,19296061
DA:154,19296061
DA:155,19296061
DA:156,19296061
DA:157,19296061
DA:158,72928785
DA:159,5925
DA:185,234
DA:189,234
DA:190,13
DA:191,13
DA:192,13
DA:194,221
DA:195,221
DA:198,234
DA:199,234
DA:200,234
DA:201,234
DA:202,234
DA:204,234
DA:205,234
DA:206,234
DA:207,234
DA:209,234
DA:212,234
DA:213,234
DA:214,234
DA:216,1265
DA:217,1265
DA:220,1265
DA:221,1031
DA:222,2062
DA:224,1265
DA:225,1264
DA:226,1264
DA:227,1498
DA:229,1286
DA:230,1298
DA:231,1264
DA:233,1279
DA:234,2513
DA:236,1264
DA:238,77837
DA:239,247
DA:240,234
DA:243,1030
DA:244,2058
DA:245,1032
DA:246,1030
DA:247,1030
DA:249,1264
DA:251,1264
DA:252,2528
DA:253,1264
DA:254,1264
DA:255,1212624
DA:256,2423984
DA:257,1264
DA:258,1264
DA:259,1264
DA:261,1264
DA:262,124
DA:265,1264
DA:266,1264
DA:267,1031
DA:268,1031
DA:270,233
DA:272,233
DA:273,233
DA:283,233
DA:284,32
DA:286,233
DA:289,6
DA:293,6
DA:294,3
DA:295,3
DA:296,3
DA:298,3
DA:299,3
DA:302,6
DA:303,6
DA:304,6
DA:305,6
DA:306,6
DA:307,6
DA:308,6
DA:309,6
DA:311,12
DA:312,12
DA:313,12
DA:314,12
DA:315,12
DA:316,12
DA:317,6
DA:318,6
DA:319,6
DA:320,6
DA:321,6
DA:322,6
DA:324,12
DA:325,6
DA:327,6
DA:328,6
DA:330,6
DA:331,0
DA:332,0
DA:334,6
DA:335,6
DA:336,6
DA:337,12
DA:339,6
DA:340,6
DA:342,9
DA:343,6
DA:344,12
DA:345,9
DA:346,6
DA:348,6
DA:349,12
DA:350,18
DA:351,12
DA:352,12
DA:353,12
DA:354,18
DA:355,12
DA:357,0
DA:358,0
DA:359,0
DA:360,0
DA:362,12
DA:363,12
DA:364,18
DA:365,24
DA:366,12
DA:367,12
DA:368,12
DA:369,12
DA:370,18
DA:372,6
DA:373,6
DA:375,12
DA:376,6
DA:378,6
DA:379,6
DA:389,6
DA:390,0
DA:391,0
DA:393,6
DA:395,6
DA:396,12
DA:410,6
DA:411,6
DA:413,6
DA:421,3
DA:425,3
DA:426,3
DA:428,3
DA:429,0
DA:430,0
DA:431,0
DA:433,3
DA:434,3
DA:437,3
DA:438,3
DA:439,3
DA:440,3
DA:441,3
DA:442,3
DA:443,3
DA:444,3
DA:445,3
DA:446,3
DA:448,3
DA:449,0
DA:450,0
DA:451,0
DA:452,0
DA:455,6
DA:456,6
DA:457,6
DA:458,6
DA:459,6
DA:460,6
DA:461,3
DA:462,3
DA:463,3
DA:464,3
DA:465,3
DA:467,3
DA:468,3
DA:469,3
DA:471,3
DA:472,3
DA:473,6
DA:474,3
DA:475,3
DA:476,3
DA:479,3
DA:480,3
DA:481,6
DA:482,3
DA:483,9
DA:484,9
DA:485,18
DA:486,15
DA:487,3
DA:488,3
DA:489,3
DA:490,12
DA:491,12
DA:492,12
DA:493,24
DA:494,36
DA:496,0
DA:497,0
DA:498,0
DA:499,0
DA:500,0
DA:501,0
DA:502,0
DA:503,0
DA:505,21
DA:506,3
DA:507,3
DA:509,3
DA:510,6
DA:511,12
DA:512,6
DA:513,6
DA:514,6
DA:515,6
DA:516,9
DA:518,3
DA:519,3
DA:521,6
DA:522,3
DA:524,3
DA:525,0
DA:535,3
DA:536,0
DA:537,0
DA:539,3
DA:540,0
DA:543,3
DA:544,3
DA:545,6
DA:559,3
DA:560,0
DA:562,3
DA:563,0
DA:566,3
DA:569,283
DA:571,495
DA:573,252
DA:574,15
DA:578,243
DA:579,234
DA:586,9
DA:590,9
DA:591,9
DA:593,9
DA:594,3
DA:595,3
DA:596,3
DA:598,6
DA:599,6
DA:602,9
DA:603,9
DA:604,9
DA:605,9
DA:606,9
DA:607,9
DA:608,9
DA:609,9
DA:611,9
DA:612,9
DA:613,9
DA:614,3
DA:615,6
DA:616,3
DA:617,3
DA:620,9
DA:621,9
DA:622,9
DA:624,9
DA:625,9
DA:626,27
DA:627,18
DA:628,18
DA:629,18
DA:632,18
DA:633,18
DA:634,36
DA:635,18
DA:636,54
DA:637,54
DA:638,108
DA:639,90
DA:640,30
DA:641,18
DA:642,6
DA:643,24
DA:644,42
DA:646,12
DA:647,12
DA:648,48
DA:649,48
DA:650,48
DA:651,48
DA:652,48
DA:653,48
DA:654,48
DA:656,18
DA:657,18
DA:659,9
DA:660,18
DA:661,9
DA:662,9
DA:664,9
DA:665,6
DA:675,9
DA:676,0
DA:677,0
DA:679,9
DA:680,9
DA:681,0
DA:684,9
DA:685,9
DA:686,9
DA:696,9
DA:697,3
DA:699,9
DA:700,6
DA:702,9
DA:706,3
DA:707,3
LF:354
LH:322
end_of_record
TN:
SF:src/stopping_criterion/cub_qmc_net_g.jl
DA:77,209
DA:87,418
DA:98,209
DA:99,209
DA:100,209
DA:103,209
DA:106,209
DA:107,209
DA:108,209
DA:109,0
DA:110,0
DA:112,209
DA:113,209
DA:254,418
DA:255,209
DA:256,0
DA:258,209
DA:259,209
DA:260,209
DA:262,209
DA:263,209
DA:264,209
DA:265,209
DA:267,209
DA:268,209
DA:269,209
DA:270,209
DA:271,209
DA:272,209
DA:273,209
DA:275,1075
DA:276,1075
DA:277,1075
DA:280,1075
DA:281,1075
DA:282,0
DA:283,0
DA:285,1075
DA:288,1075
DA:289,1075
DA:290,102199552
DA:292,1075
DA:297,1075
DA:298,31
DA:299,31
DA:300,31
DA:302,31
DA:303,4191232
DA:304,4191232
DA:305,7334912
DA:306,10478592
DA:307,4191232
DA:308,8382433
DA:309,4191232
DA:310,31
DA:311,31
DA:312,52
DA:313,73
DA:314,31
DA:317,1075
DA:318,2150
DA:319,1075
DA:320,1075
DA:321,3193736
DA:322,6386397
DA:323,1075
DA:325,1075
DA:326,1075
DA:327,1075
DA:328,0
DA:331,1075
DA:334,866
DA:335,866
DA:337,209
DA:338,209
DA:339,0
DA:342,209
DA:343,209
DA:344,209
DA:354,209
DA:355,3
DA:357,209
DA:358,0
DA:360,209
LF:84
LH:76
end_of_record
TN:
SF:src/stopping_criterion/cub_qmc_net_g_rep.jl
DA:34,10
DA:45,10
DA:55,10
DA:107,9
DA:114,9
DA:116,9
DA:117,9
DA:121,0
DA:122,0
DA:123,0
DA:124,0
DA:125,0
DA:126,0
DA:127,0
DA:128,0
DA:129,0
DA:130,0
DA:131,0
DA:133,0
DA:134,0
DA:135,0
DA:136,0
DA:138,0
DA:140,9
DA:141,54
DA:142,54
DA:143,54
DA:144,99
DA:145,9
DA:148,0
DA:149,0
DA:150,0
DA:151,0
DA:152,0
DA:154,0
DA:158,0
DA:161,14
DA:162,7
DA:163,7
DA:165,7
DA:166,3
DA:167,3
DA:168,3
DA:170,4
DA:171,4
DA:174,7
DA:175,7
DA:176,7
DA:177,7
DA:178,7
DA:179,7
DA:180,7
DA:181,7
DA:182,7
DA:184,9
DA:185,9
DA:186,9
DA:188,9
DA:189,18
DA:190,9
DA:191,9
DA:193,9
DA:194,3
DA:204,9
DA:205,2
DA:206,2
DA:208,7
DA:209,7
DA:210,0
DA:213,7
DA:214,7
DA:215,7
DA:225,7
DA:226,3
DA:228,7
DA:232,3
LF:76
LH:52
end_of_record
TN:
SF:src/stopping_criterion/cub_qmc_rep_student_t.jl
DA:56,4
DA:67,8
DA:79,4
DA:80,4
DA:81,4
DA:82,4
DA:83,4
DA:84,4
DA:99,30
DA:100,30
DA:102,0
DA:106,8
DA:107,4
DA:108,4
DA:109,4
DA:111,4
DA:114,4
DA:115,0
DA:116,0
DA:117,0
DA:119,4
DA:120,4
DA:123,4
DA:124,4
DA:125,4
DA:126,4
DA:127,4
DA:128,4
DA:132,72
DA:133,4
DA:135,30
DA:136,30
DA:140,30
DA:141,30
DA:142,30
DA:144,60
DA:145,60
DA:146,44
DA:147,44
DA:148,30
DA:151,60
DA:152,30
DA:153,60
DA:154,30
DA:156,30
DA:158,30
DA:159,0
DA:169,30
DA:170,4
DA:171,4
DA:174,26
DA:175,0
DA:177,0
DA:180,26
DA:181,26
DA:183,4
DA:184,8
DA:185,4
DA:186,8
DA:188,4
DA:202,4
DA:203,0
DA:205,4
LF:63
LH:55
end_of_record
TN:
SF:src/true_measure/acceptance_rejection.jl
DA:55,162
DA:63,162
DA:73,162
DA:74,0
DA:76,162
DA:77,0
DA:83,162
DA:84,0
DA:87,162
DA:88,162
DA:89,162
DA:90,162
DA:92,162
DA:93,162
DA:94,655104
DA:97,162
DA:110,164
DA:111,164
DA:112,164
DA:113,164
DA:119,164
DA:120,164
DA:121,164
DA:122,164
DA:124,655104
DA:126,655104
DA:129,655104
DA:130,655104
DA:131,327677
DA:132,327677
DA:133,327677
DA:134,327677
DA:136,1310044
DA:138,164
DA:141,164
DA:145,0
DA:146,0
DA:147,0
DA:148,0
DA:149,0
DA:150,0
DA:154,1
DA:232,1
DA:243,2
DA:252,1
DA:253,1
DA:254,1
DA:260,1
DA:261,1
DA:262,1
DA:263,2
DA:264,1
DA:288,1
DA:289,1
DA:290,1
DA:291,1
DA:292,1
DA:296,1
DA:297,1
DA:298,1
DA:299,1
DA:300,4096
DA:301,2048
DA:303,1
DA:308,1
DA:309,1
DA:310,1
DA:311,2048
DA:312,2048
DA:313,4096
DA:314,1008
DA:316,4095
DA:318,1
DA:319,1
DA:323,0
DA:324,0
DA:325,0
DA:326,0
DA:327,0
DA:328,0
DA:332,1
LF:81
LH:66
end_of_record
TN:
SF:src/true_measure/bernoulli_cont.jl
DA:35,2
DA:40,4
DA:41,2
DA:42,2
DA:43,2
DA:44,2
DA:48,1310720
DA:49,0
DA:51,1310720
DA:52,1310720
DA:55,2
DA:56,2
DA:57,2
DA:58,2
DA:59,2
DA:60,1310720
DA:61,2621438
DA:62,2
DA:63,2
LF:19
LH:18
end_of_record
TN:
SF:src/true_measure/brownian_motion.jl
DA:41,598
DA:50,1000
DA:59,500
DA:60,500
DA:61,500
DA:62,0
DA:64,500
DA:65,0
DA:66,0
DA:68,0
DA:69,0
DA:70,500
DA:71,10
DA:72,10
DA:74,490
DA:78,1000
DA:81,500
DA:82,500
DA:94,500
DA:95,500
DA:96,500
DA:97,500
DA:98,7474
DA:99,390818
DA:100,774162
DA:101,14448
DA:102,500
DA:105,2402
DA:107,2402
DA:109,4803
DA:110,4
DA:112,2402
DA:131,208
DA:132,208
DA:133,416
DA:134,0
DA:136,208
LF:37
LH:31
end_of_record
TN:
SF:src/true_measure/distributions_wrapper.jl
DA:40,3
DA:45,3
DA:50,3
DA:51,3
DA:52,0
DA:53,3
DA:54,3
DA:57,6
DA:59,0
DA:62,3
DA:65,5
DA:66,5
DA:67,5
DA:68,5
DA:69,29
DA:70,29
DA:72,53760
DA:73,26880
DA:74,53731
DA:75,53
DA:76,5
LF:21
LH:19
end_of_record
TN:
SF:src/true_measure/gaussian.jl
DA:44,868
DA:55,1736
DA:61,868
DA:62,14869
DA:63,868
DA:64,868
DA:66,868
DA:70,868
DA:71,868
DA:74,10
DA:75,868
DA:76,14859
DA:78,10
DA:81,10
DA:85,607
DA:86,868
DA:87,261
DA:88,607
DA:89,1
DA:94,1
DA:95,606
DA:96,606
DA:98,606
DA:100,0
DA:112,868
DA:113,868
DA:114,866
DA:115,866
DA:118,866
DA:119,14886
DA:120,6101
DA:122,28906
DA:124,866
DA:125,866
DA:126,866
DA:128,1732
DA:129,1732
DA:130,866
DA:132,2
DA:133,2
DA:137,2892
DA:141,2892
DA:142,2892
DA:144,5330
DA:146,2665
DA:147,5330
DA:148,2665
DA:158,227
DA:159,227
DA:160,227
DA:196,215
DA:198,7
DA:199,7
DA:200,7
DA:202,208
DA:203,416
DA:204,208
LF:57
LH:56
end_of_record
TN:
SF:src/true_measure/geometric_brownian_motion.jl
DA:33,98
DA:42,196
DA:53,98
DA:54,0
DA:56,98
DA:57,0
DA:59,98
DA:60,0
DA:62,98
DA:63,0
DA:66,98
DA:67,98
DA:68,98
DA:71,98
DA:72,98
DA:74,98
DA:76,98
DA:77,98
DA:80,98
DA:81,98
DA:82,1589268
DA:83,1595272
DA:85,98
DA:86,98
DA:88,98
DA:91,299
DA:92,299
DA:93,299
DA:94,299
DA:95,299
DA:96,299
DA:97,9754
DA:98,9754
DA:99,119939296
DA:101,19209
DA:102,299
DA:127,3
DA:128,3
DA:129,3
DA:130,3
DA:131,3
DA:132,3
DA:133,60
DA:134,60
DA:135,14822152
DA:137,117
DA:138,3
DA:141,1
DA:142,1
LF:49
LH:45
end_of_record
TN:
SF:src/true_measure/johnsons_su.jl
DA:39,2
DA:47,4
DA:48,2
DA:49,2
DA:50,2
DA:51,2
DA:52,2
DA:53,2
DA:54,2
DA:55,2
DA:58,2
DA:64,2
DA:65,2
DA:66,2
DA:67,2
DA:68,4
DA:69,2
LF:17
LH:17
end_of_record
TN:
SF:src/true_measure/kumaraswamy.jl
DA:35,4
DA:41,8
DA:42,4
DA:43,4
DA:44,4
DA:45,4
DA:46,4
DA:47,4
DA:50,4
DA:51,4
DA:52,4
DA:53,4
DA:54,4
DA:55,4
DA:56,4
DA:57,1835008
DA:58,3670012
DA:59,4
DA:60,4
LF:19
LH:19
end_of_record
TN:
SF:src/true_measure/lebesgue.jl
DA:34,3
DA:41,6
DA:42,3
DA:43,3
DA:44,3
DA:45,3
DA:47,6
DA:48,3
DA:51,14
DA:53,28
DA:54,14
LF:11
LH:11
end_of_record
TN:
SF:src/true_measure/student_t.jl
DA:37,3
DA:44,6
DA:45,3
DA:46,3
DA:47,3
DA:48,3
DA:49,3
DA:50,3
DA:51,3
DA:52,3
DA:53,6
DA:54,3
DA:60,20000
DA:61,10000
DA:86,1
DA:87,1
DA:88,1
DA:89,1
DA:90,10000
DA:92,1
DA:93,1
DA:108,2
DA:113,2
DA:114,2
DA:115,2
DA:116,2
DA:117,20000
DA:118,39998
DA:119,2
DA:120,2
DA:140,3
DA:141,3
DA:142,3
DA:143,3
DA:144,3
DA:174,1
DA:190,2
LF:37
LH:37
end_of_record
TN:
SF:src/true_measure/triangular.jl
DA:32,2
DA:39,4
DA:40,2
DA:41,2
DA:42,2
DA:43,2
DA:44,2
DA:45,2
DA:46,2
DA:51,20000
DA:52,20000
DA:53,13352
DA:55,6648
DA:59,2
DA:60,2
DA:61,2
DA:62,2
DA:63,2
DA:64,20000
DA:65,39998
DA:66,2
DA:67,2
LF:22
LH:22
end_of_record
TN:
SF:src/true_measure/uniform.jl
DA:43,88
DA:49,176
DA:50,88
DA:51,330
DA:52,330
DA:53,88
DA:55,88
DA:59,10
DA:60,182
DA:61,656
DA:63,10
DA:66,10
DA:70,415
DA:72,830
DA:73,415
DA:84,1
LF:16
LH:16
end_of_record
TN:
SF:src/true_measure/uniform_triangle.jl
DA:28,1
DA:29,1
DA:30,1
DA:34,1
DA:35,4096
DA:36,4096
DA:38,1
DA:39,1
DA:40,1
DA:41,1
LF:10
LH:10
end_of_record
TN:
SF:src/true_measure/zero_inflated_exp_uniform.jl
DA:31,1
DA:38,1
DA:45,1
DA:46,1
DA:47,1
DA:48,1
DA:49,1
DA:54,1
DA:55,1
DA:56,4096
DA:57,4096
DA:59,4096
DA:60,1
DA:61,1
DA:63,1
DA:64,4096
DA:65,1229
DA:66,2867
DA:68,1433
DA:71,1434
DA:73,8191
DA:74,1
LF:22
LH:22
end_of_record
TN:
SF:src/util/bernoulli.jl
DA:41,0
DA:42,0
DA:43,0
DA:44,0
DA:45,0
DA:46,0
DA:47,0
DA:48,0
DA:49,0
DA:50,0
DA:51,0
DA:52,0
DA:53,0
DA:54,0
DA:55,0
DA:57,0
LF:16
LH:0
end_of_record
TN:
SF:src/util/bro_fft.jl
DA:36,4
DA:37,1280
DA:38,1280
DA:40,1280
DA:41,1280
DA:49,4
DA:50,4
DA:51,4
DA:54,1284
DA:55,1284
DA:56,1284
DA:57,1284
DA:58,1284
DA:59,668739488
DA:60,38903680
DA:61,77806076
DA:62,1284
DA:66,38903680
DA:67,38903680
DA:68,668739488
DA:69,668739488
DA:70,1298575296
DA:71,38903680
LF:23
LH:23
end_of_record
TN:
SF:src/util/diagnostics.jl
DA:40,638
DA:49,638
DA:52,29
DA:55,42
DA:57,55
DA:58,18
DA:59,45
DA:60,3
DA:61,18
DA:64,155
DA:72,155
DA:73,155
DA:81,155
DA:82,155
DA:90,29
DA:93,18
DA:241,42
DA:270,84
DA:277,84
DA:278,42
DA:279,0
DA:281,0
DA:283,42
DA:284,42
DA:286,84
DA:288,42
DA:289,211
DA:291,233
DA:294,84
DA:296,42
DA:298,42
DA:299,42
DA:300,42
DA:399,18
DA:400,18
DA:401,18
DA:403,9
DA:407,9
DA:409,9
DA:410,9
DA:412,9
DA:413,9
DA:414,9
DA:415,4
DA:416,10
DA:420,10
DA:422,9
DA:423,9
DA:426,9
DA:427,9
DA:428,9
DA:429,9
DA:434,9
DA:435,12
DA:447,12
DA:450,9
DA:459,9
DA:478,5
DA:492,4
LF:59
LH:57
end_of_record
TN:
SF:src/util/fwht.jl
DA:36,1617
DA:37,1617
DA:38,1617
DA:39,1617
DA:40,19505
DA:41,35776
DA:42,110324495
DA:43,1199034368
DA:44,1199034368
DA:45,1199034368
DA:46,1199034368
DA:47,2287744241
DA:48,220631102
DA:49,17888
DA:50,17888
DA:51,1617
DA:60,4
DA:61,3234
DA:62,1617
DA:63,1617
DA:169,1127
DA:170,1127
DA:171,1127
DA:181,1127
DA:209,1106
DA:216,2212
DA:217,11808
DA:218,11808
DA:219,11808
DA:220,106376764
DA:221,106376764
DA:222,106376764
DA:223,52980894
DA:225,212741720
DA:226,11808
DA:227,21396
DA:228,29313306
DA:229,527314565
DA:230,527314565
DA:231,527314565
DA:232,527314565
DA:233,29313306
DA:234,22510
DA:235,1106
LF:44
LH:44
end_of_record
TN:
SF:src/util/latnetbuilder_linker.jl
DA:39,6
DA:40,6
DA:41,6
DA:43,6
DA:44,6
DA:46,42
DA:48,6
DA:50,3
DA:51,3
DA:52,3
DA:53,3
DA:54,9
DA:55,15
DA:56,3
DA:59,3
DA:60,3
DA:61,3
DA:62,3
DA:63,3
DA:65,3
DA:66,3
DA:67,0
DA:68,3
DA:69,3
DA:73,6
DA:74,3
DA:76,3
DA:77,6
DA:78,6
DA:79,6
DA:80,12
DA:81,12
DA:82,12
DA:83,18
DA:85,6
DA:86,12
DA:87,18
DA:88,9
DA:90,3
LF:39
LH:38
end_of_record
TN:
SF:src/util/periodization.jl
DA:57,19
DA:58,27
DA:59,11
DA:60,8
DA:61,5
DA:62,3
DA:63,0
DA:64,3
DA:65,0
DA:66,3
DA:67,0
DA:68,3
DA:69,3
DA:71,0
DA:85,19
DA:86,19
DA:87,19
DA:88,20992
DA:90,27
DA:91,14
DA:94,5
DA:95,5
DA:96,0
DA:97,0
DA:98,0
DA:99,0
DA:100,0
DA:101,0
DA:103,5
DA:109,5
DA:110,3840
DA:111,3850
DA:112,5
DA:115,3840
DA:116,0
DA:117,0
DA:118,0
DA:119,14336
DA:120,3840
DA:121,0
DA:122,0
DA:123,0
LF:42
LH:26
end_of_record
