TN:
SF:src/QuasiMC.jl
DA:106,38
LF:1
LH:1
end_of_record
TN:
SF:src/abstract_types.jl
DA:80,2681440
DA:100,1667
DA:123,1031
DA:131,932
DA:141,2164
DA:149,791
DA:156,2
DA:187,0
DA:188,0
DA:189,0
DA:190,0
DA:196,0
DA:203,0
DA:232,454
DA:326,601
DA:330,9
DA:331,9
DA:332,9
DA:333,18
DA:334,9
DA:335,0
DA:336,0
DA:338,18
DA:339,6
DA:341,9
DA:342,9
LF:26
LH:18
end_of_record
TN:
SF:src/discrete_distribution/digital_net_b2.jl
DA:123,0
DA:124,0
DA:125,0
DA:126,0
DA:127,0
DA:128,0
DA:129,0
DA:130,0
DA:132,0
DA:135,0
DA:136,0
DA:137,0
DA:155,3818
DA:156,3818
DA:157,3818
DA:162,3818
DA:164,3818
DA:165,3818
DA:166,11426
DA:167,11426
DA:168,365632
DA:169,719838
DA:170,19034
DA:171,3818
DA:324,3830
DA:337,3818
DA:338,3818
DA:339,3818
DA:341,3818
DA:342,3818
DA:343,3813
DA:344,5
DA:345,1
DA:346,4
DA:347,1
DA:348,5
DA:349,1
DA:350,2
DA:351,0
DA:352,2
DA:353,2
DA:355,0
DA:362,1
DA:363,1
DA:364,1
DA:366,1
DA:367,1
DA:368,1
DA:369,1
DA:370,1
DA:371,0
DA:438,3818
DA:439,3818
DA:440,0
DA:441,0
DA:442,0
DA:443,0
DA:444,0
DA:446,0
DA:448,0
DA:452,0
DA:453,0
DA:454,0
DA:456,0
DA:458,0
DA:460,0
DA:467,7626
DA:479,3818
DA:480,3818
DA:481,3818
DA:482,3818
DA:489,3818
DA:490,14
DA:493,3818
DA:494,3818
DA:496,3818
DA:497,3818
DA:500,0
DA:502,3818
DA:505,3818
DA:506,3818
DA:507,3818
DA:508,3818
DA:510,3818
DA:511,3818
DA:514,3818
DA:543,10438
DA:565,5219
DA:566,5219
DA:567,5219
DA:568,5219
DA:569,5219
DA:570,5219
DA:571,29548
DA:574,29528
DA:575,944896
DA:576,944896
DA:577,944896
DA:578,1860264
DA:582,20
DA:583,640
DA:585,640
DA:586,640
DA:587,1260
DA:588,20
DA:589,620
DA:590,620
DA:592,29548
DA:593,945536
DA:594,945536
DA:595,945536
DA:596,30276992
DA:597,59608448
DA:598,945536
DA:599,1861524
DA:600,53877
DA:601,5219
DA:608,4728
DA:609,4728
DA:610,4728
DA:611,4728
DA:612,730208
DA:613,748299
DA:614,4728
DA:617,4793
DA:618,4793
DA:619,4793
DA:620,4793
DA:623,5224
DA:624,0
DA:633,10
DA:645,0
DA:646,0
DA:647,0
DA:650,0
DA:652,0
DA:654,0
DA:664,0
DA:665,0
DA:666,0
DA:667,0
DA:668,0
DA:669,0
DA:670,0
DA:677,9456
DA:678,4728
DA:679,4728
DA:680,4728
DA:681,4728
DA:683,4735
DA:684,4722
DA:685,4722
DA:686,4722
DA:687,4722
DA:688,4722
DA:690,4722
DA:701,4722
DA:702,4722
DA:703,4721
DA:704,4721
DA:706,3
DA:707,1
DA:709,6
DA:710,1
DA:712,1
DA:713,1
DA:715,1
DA:726,1
DA:727,1
DA:728,1
DA:729,5
DA:730,1
DA:732,1
DA:734,1
DA:735,1
DA:736,1
DA:738,0
DA:742,1
DA:744,1
DA:745,1
DA:746,0
DA:747,0
DA:757,0
DA:758,0
DA:760,1
DA:761,0
DA:763,1
DA:764,1
DA:765,1
DA:766,1
DA:768,4
DA:769,4
DA:770,4
DA:772,4
DA:783,4
DA:784,8
DA:785,4
DA:788,4727
DA:789,4727
DA:790,4727
DA:791,4727
DA:792,3506
DA:807,1221
DA:823,0
DA:824,0
DA:825,0
DA:827,0
DA:829,0
DA:830,0
DA:831,0
DA:833,4727
DA:840,0
DA:846,0
DA:847,0
DA:848,0
DA:849,0
DA:850,0
DA:851,0
DA:852,0
DA:853,0
DA:854,0
DA:855,0
DA:856,0
DA:857,0
DA:858,0
DA:873,0
DA:889,0
DA:890,0
DA:891,0
DA:892,0
DA:894,0
DA:896,0
DA:897,0
DA:899,0
DA:900,0
DA:935,9598
DA:936,4799
DA:937,4799
DA:938,4799
DA:939,9598
DA:940,4799
DA:947,4870
DA:948,4728
DA:951,71
DA:952,71
DA:953,71
DA:954,71
DA:955,71
DA:957,71
DA:958,71
DA:959,71
DA:960,71
DA:961,71
DA:962,497
DA:963,497
DA:964,497
DA:965,215744
DA:966,221989
DA:967,923
DA:968,71
DA:980,71
DA:981,497
DA:982,71
DA:983,71
DA:984,71
DA:986,0
DA:987,0
DA:989,0
DA:990,0
DA:992,0
DA:1004,0
DA:1005,0
DA:1006,0
DA:1007,0
DA:1008,0
DA:1009,0
DA:1011,0
DA:1012,0
DA:1013,0
DA:1015,0
DA:1018,0
DA:1019,0
DA:1020,0
DA:1021,0
DA:1022,0
DA:1023,0
DA:1024,0
DA:1025,0
DA:1026,0
DA:1027,0
DA:1037,0
DA:1038,0
DA:1040,0
DA:1041,0
DA:1044,0
DA:1045,0
DA:1046,0
DA:1047,0
DA:1048,0
DA:1049,0
DA:1051,0
DA:1052,0
DA:1064,0
DA:1065,0
DA:1066,0
DA:1067,0
DA:1070,497
DA:1071,71
DA:1072,71
DA:1073,71
DA:1074,71
DA:1089,0
DA:1105,0
DA:1106,0
DA:1107,0
DA:1109,0
DA:1111,0
DA:1112,0
DA:1113,0
DA:1115,71
DA:1118,2
DA:1119,2
DA:1120,2
DA:1121,2
DA:1147,256
DA:1148,256
DA:1149,256
DA:1150,8192
DA:1151,8192
DA:1153,8192
DA:1154,8192
DA:1155,8192
DA:1156,8192
DA:1157,8192
DA:1158,16128
DA:1159,256
DA:1170,1
DA:1177,1
DA:1178,128
DA:1179,256
DA:1180,256
DA:1181,384
DA:1182,128
LF:343
LH:214
end_of_record
TN:
SF:src/discrete_distribution/halton.jl
DA:68,265
DA:76,265
DA:83,265
DA:84,265
DA:86,265
DA:87,3
DA:90,265
DA:91,265
DA:105,564
DA:106,282
DA:107,282
DA:108,282
DA:109,688
DA:110,300
DA:112,282
DA:115,1010
DA:117,564
DA:118,264
DA:121,264
DA:125,18
DA:126,18
DA:127,464
DA:128,928
DA:129,910
DA:130,18
LF:25
LH:25
end_of_record
TN:
SF:src/discrete_distribution/iid_std_uniform.jl
DA:41,3959
DA:46,3959
DA:47,3959
DA:48,3959
DA:49,3959
DA:52,8252
DA:53,4126
DA:54,4126
LF:8
LH:8
end_of_record
TN:
SF:src/discrete_distribution/kronecker.jl
DA:50,1
DA:58,1
DA:59,1
DA:60,1
DA:61,3
DA:62,2
DA:63,2
DA:64,1
DA:65,0
DA:66,0
DA:67,0
DA:69,0
DA:70,2
DA:71,2
DA:73,2
DA:74,2
DA:75,1
DA:78,2
DA:79,1
DA:81,1
DA:82,1
DA:83,1
DA:84,0
DA:85,0
DA:90,0
DA:92,0
DA:95,1
DA:96,1
DA:97,1
DA:98,1
DA:100,0
DA:103,1
DA:112,2
DA:113,1
DA:114,1
DA:115,1
DA:120,1
DA:121,4
DA:122,4
DA:123,2
DA:124,2000
DA:125,2000
DA:126,2000
DA:127,1146
DA:129,3998
DA:130,3
DA:132,1
LF:47
LH:38
end_of_record
TN:
SF:src/discrete_distribution/lattice.jl
DA:115,701
DA:134,701
DA:138,701
DA:139,701
DA:140,701
DA:141,701
DA:142,701
DA:148,701
DA:289,8
DA:290,8
DA:292,8
DA:293,8
DA:294,8
DA:295,8
DA:296,8
DA:297,22
DA:298,36
DA:300,8
DA:309,701
DA:310,693
DA:315,693
DA:320,1386
DA:321,8
DA:322,0
DA:327,0
DA:331,0
DA:332,0
DA:333,8
DA:334,8
DA:339,8
DA:340,16
DA:341,0
DA:342,0
DA:347,0
DA:348,0
DA:349,0
DA:350,0
DA:355,0
DA:357,0
DA:359,0
DA:360,0
DA:361,0
DA:366,0
DA:368,0
DA:369,0
DA:370,0
DA:375,0
DA:377,0
DA:385,1418
DA:394,701
DA:395,701
DA:396,701
DA:397,0
DA:401,701
DA:402,701
DA:404,701
DA:405,1402
DA:407,701
DA:409,701
DA:423,1750
DA:424,1750
DA:425,3500
DA:426,1750
DA:427,1751
DA:434,1749
DA:435,1749
DA:436,1744
DA:441,1743
DA:449,3500
DA:450,1750
DA:451,1750
DA:452,1750
DA:453,1749
DA:454,1802
DA:455,1749
DA:458,1749
DA:459,715
DA:463,1749
DA:464,1749
DA:465,1
DA:466,0
DA:468,1
DA:469,1748
DA:470,1743
DA:472,5
DA:476,1749
DA:479,1749
DA:480,1749
DA:482,1749
DA:486,1
DA:487,1
LF:91
LH:68
end_of_record
TN:
SF:src/discrete_distribution/qmctoolscl_c.jl
DA:24,38
DA:25,38
DA:26,38
DA:27,38
DA:30,38
DA:31,38
DA:32,38
DA:33,0
DA:35,38
DA:45,76
DA:46,38
DA:47,38
DA:48,38
DA:50,38
DA:51,38
DA:53,38
DA:54,38
DA:55,38
DA:56,0
DA:57,0
DA:59,38
DA:60,38
DA:61,38
DA:62,38
DA:63,38
DA:64,38
DA:65,38
DA:67,0
DA:70,0
DA:72,0
DA:73,0
DA:74,0
DA:75,0
DA:86,0
DA:98,0
DA:99,0
DA:110,0
DA:117,9026
DA:118,9026
DA:132,6424
DA:135,0
DA:137,0
DA:138,0
DA:139,0
DA:141,0
DA:142,0
DA:147,124
DA:165,1
DA:166,1
DA:181,1743
DA:188,1743
DA:204,5
DA:211,5
DA:227,1749
DA:236,1749
DA:280,1
DA:289,1
DA:317,0
DA:326,0
DA:354,0
DA:364,0
DA:394,0
DA:405,0
DA:437,1
DA:445,1
DA:489,3577
DA:503,3577
DA:541,1221
DA:555,1221
DA:608,728
DA:617,728
LF:71
LH:46
end_of_record
TN:
SF:src/integrand/custom_fun.jl
DA:41,45
DA:46,43
DA:48,139
DA:49,1540565
DA:50,265
DA:51,0
DA:53,391
DA:72,147
DA:73,137
DA:74,150
DA:85,5
DA:86,215
DA:87,215
DA:98,169
DA:99,165
DA:100,169
DA:101,8
DA:102,8
DA:104,165
DA:114,15
DA:115,232
DA:116,252
LF:22
LH:21
end_of_record
TN:
SF:src/integrand/financial_option.jl
DA:70,498
DA:85,996
DA:98,498
DA:99,0
DA:102,498
DA:103,9
DA:104,9
DA:105,9
DA:107,489
DA:108,489
DA:109,489
DA:111,498
DA:113,498
DA:114,498
DA:119,498
DA:121,498
DA:122,1
DA:124,1
DA:128,498
DA:129,498
DA:130,498
DA:132,0
DA:135,498
DA:137,498
DA:171,87654985
DA:172,87654985
DA:173,87654985
DA:175,87654985
DA:176,100000
DA:177,100000
DA:178,87554985
DA:179,87354985
DA:180,3269726
DA:182,85720122
DA:184,87354985
DA:185,200000
DA:186,100000
DA:187,100000
DA:189,0
DA:191,100000
DA:192,0
DA:193,0
DA:194,0
DA:195,100000
DA:196,100000
DA:198,0
DA:200,87654985
DA:203,100000
DA:204,100000
DA:205,100000
DA:206,100000
DA:207,100000
DA:210,100000
DA:211,2200583
DA:213,0
DA:217,100000
DA:218,100000
DA:219,73573
DA:223,26427
DA:226,2364
DA:227,2364
DA:228,2364
DA:229,2364
DA:234,2364
DA:235,15
DA:236,15
DA:237,15
DA:238,15
DA:240,0
DA:250,2349
DA:251,51
DA:252,51
DA:253,4797393
DA:254,51
DA:255,51
DA:256,716
DA:257,65117812
DA:259,1381
DA:260,51
DA:262,0
DA:263,0
DA:264,0
DA:266,0
DA:267,0
DA:269,51
DA:270,51
DA:272,0
DA:278,2298
DA:279,0
DA:280,0
DA:281,0
DA:282,0
DA:284,0
DA:291,2298
DA:292,0
DA:293,0
DA:294,0
DA:295,0
DA:296,0
DA:297,0
DA:299,0
DA:300,0
DA:301,0
DA:303,0
DA:304,0
DA:305,0
DA:307,0
DA:308,0
DA:309,0
DA:315,2298
DA:316,0
DA:317,0
DA:318,0
DA:319,0
DA:320,0
DA:321,0
DA:322,0
DA:323,0
DA:324,0
DA:326,0
DA:328,0
DA:329,0
DA:330,0
DA:332,0
DA:334,0
DA:335,0
DA:336,0
DA:338,0
DA:342,2298
DA:343,2298
DA:344,2298
DA:347,0
DA:348,0
DA:349,0
DA:354,2298
DA:355,2298
DA:356,2298
DA:357,2298
DA:358,2298
DA:359,2298
DA:360,2298
DA:361,87654985
DA:362,1117254340
DA:363,2146853695
DA:364,87654985
DA:365,87654985
DA:367,2298
DA:379,9
DA:380,9
DA:381,9
DA:382,9
DA:383,9
DA:384,9
DA:385,9
DA:386,9
DA:397,9
DA:398,9
DA:399,9
DA:400,9
DA:401,9
DA:402,9
DA:403,9
DA:405,9
DA:406,4
DA:407,4
DA:409,5
DA:411,5
DA:412,5
DA:413,5
DA:414,5
DA:415,5
DA:416,5
DA:417,0
DA:421,0
DA:422,0
DA:423,0
DA:424,0
DA:425,0
DA:426,0
DA:428,0
LF:180
LH:116
end_of_record
TN:
SF:src/integrand/financial_option_ml.jl
DA:53,5
DA:66,5
DA:67,5
DA:68,5
DA:69,5
DA:74,5
DA:134,5
DA:145,5
DA:146,5
DA:147,5
DA:148,5
DA:149,5
DA:150,5
DA:165,268
DA:167,212
DA:170,215
DA:202,2783763
DA:203,2783763
DA:204,2783763
DA:205,3218383
DA:206,2783763
DA:207,0
DA:208,0
DA:209,0
DA:210,0
DA:211,0
DA:213,0
DA:215,0
DA:218,0
DA:219,0
DA:220,0
DA:223,0
DA:224,0
DA:225,0
DA:226,0
DA:227,0
DA:228,0
DA:229,0
DA:235,3218383
DA:236,3218383
DA:237,3218383
DA:239,3218383
DA:240,0
DA:241,0
DA:242,3218383
DA:243,3218383
DA:244,3218383
DA:246,0
DA:248,3218383
DA:249,0
DA:250,0
DA:251,0
DA:253,0
DA:255,0
DA:256,0
DA:257,0
DA:258,0
DA:260,0
DA:264,215
DA:265,215
DA:266,215
DA:267,215
DA:268,215
DA:269,215
DA:271,2783763
DA:272,2783763
DA:274,215
DA:275,2783763
DA:276,3218383
DA:277,2783763
DA:279,2783763
DA:280,434620
DA:282,5567311
DA:284,215
LF:74
LH:45
end_of_record
TN:
SF:src/integrand/genz.jl
DA:46,38
DA:56,76
DA:62,38
DA:63,38
DA:64,38
DA:65,38
DA:66,38
DA:67,38
DA:68,38
DA:71,162
DA:72,162
DA:73,162
DA:74,162
DA:75,162
DA:77,162
DA:80,270
DA:81,270
DA:83,27
DA:88,0
DA:89,0
DA:90,0
DA:91,0
DA:92,0
DA:93,0
DA:95,0
DA:97,27
DA:100,67111493
DA:101,20
DA:102,80
DA:103,80
DA:104,268445972
DA:106,140
DA:107,20
DA:109,7
DA:112,0
DA:113,0
DA:114,0
DA:115,0
DA:116,0
DA:117,0
DA:119,0
DA:120,0
DA:122,7
DA:125,3840
DA:126,7
DA:127,33
DA:128,33
DA:129,33
DA:130,18688
DA:132,59
DA:133,7
DA:135,0
DA:139,0
DA:140,0
DA:141,0
DA:142,0
DA:143,0
DA:144,0
DA:145,0
DA:146,0
DA:147,0
DA:148,0
DA:150,0
DA:153,0
DA:154,0
DA:155,0
DA:156,0
DA:157,0
DA:160,162
DA:168,1
DA:169,1
DA:170,1
DA:171,1
DA:173,1
DA:176,0
DA:177,0
DA:178,0
DA:179,0
DA:180,0
DA:181,0
DA:183,0
DA:184,0
DA:186,1
DA:187,0
DA:188,0
DA:189,0
DA:190,0
DA:191,0
DA:193,1
DA:198,0
DA:199,0
DA:200,0
DA:201,0
DA:202,0
DA:203,0
DA:204,0
DA:205,0
DA:206,0
DA:207,0
DA:209,0
DA:210,0
DA:211,0
DA:212,0
DA:213,0
DA:214,0
DA:215,0
DA:216,0
DA:218,1
DA:219,0
DA:220,0
DA:221,0
DA:222,0
DA:223,0
DA:224,0
DA:226,0
DA:227,0
DA:228,0
DA:230,1
DA:231,1
DA:232,1
DA:233,5
DA:234,5
DA:235,5
DA:236,0
DA:238,5
DA:240,9
DA:241,1
DA:243,0
DA:244,0
DA:245,0
DA:246,0
DA:247,0
DA:248,0
DA:249,0
DA:251,0
DA:253,0
DA:254,0
LF:137
LH:54
end_of_record
TN:
SF:src/integrand/ishigami.jl
DA:47,1
DA:53,1
DA:54,1
DA:55,1
DA:56,1
DA:59,6
DA:60,6
DA:61,6
DA:62,6
DA:63,6
DA:64,6
DA:65,24576
DA:66,24576
DA:67,24576
DA:68,24576
DA:69,49146
DA:70,6
DA:106,2
DA:107,1
DA:108,1
DA:109,1
DA:110,2
DA:111,2
DA:112,1
LF:24
LH:24
end_of_record
TN:
SF:src/integrand/keister.jl
DA:29,190
DA:33,190
DA:35,265
DA:36,265
DA:39,530
DA:40,265
DA:56,35
DA:57,35
DA:58,35
DA:59,35
DA:60,35
DA:61,35
DA:62,35
DA:63,35
DA:64,457
DA:65,457
DA:66,457
DA:67,35
DA:69,422
DA:70,844
DA:71,0
LF:21
LH:20
end_of_record
TN:
SF:src/integrand/ml_integrand.jl
DA:73,45
DA:82,16
DA:83,32
DA:84,16
DA:85,0
DA:90,0
DA:91,0
DA:92,0
DA:93,0
DA:94,0
DA:107,16
DA:117,40
DA:118,20
DA:119,20
DA:120,24
DA:134,8
DA:160,34
DA:197,47
DA:235,191
DA:242,191
DA:243,191
DA:244,0
DA:245,0
DA:247,191
DA:248,191
DA:249,382
DA:250,191
DA:251,191
DA:254,84
DA:262,84
DA:263,84
DA:265,168
DA:266,84
DA:271,168
DA:275,84
DA:276,168
DA:277,84
DA:280,0
DA:281,0
DA:282,0
DA:283,0
DA:284,0
DA:285,0
DA:286,0
DA:287,0
DA:288,0
LF:46
LH:29
end_of_record
TN:
SF:src/integrand/sensitivity_indices.jl
DA:56,2
DA:64,39
DA:65,0
DA:67,39
DA:70,4
DA:71,2
DA:72,2
DA:74,2
DA:75,6
DA:76,0
DA:78,0
DA:79,0
DA:80,0
DA:81,0
DA:82,0
DA:83,0
DA:84,0
DA:85,0
DA:86,0
DA:87,0
DA:88,0
DA:90,0
DA:92,0
DA:96,2
DA:97,2
DA:100,2
DA:101,2
DA:102,2
DA:103,2
DA:106,2
DA:107,2
DA:110,2
DA:111,2
DA:114,2
DA:115,4
DA:117,2
DA:120,6
DA:121,18
DA:122,6
DA:124,12
DA:126,30
DA:127,6
DA:129,6
DA:130,61440
DA:131,61440
DA:132,61440
DA:133,122874
DA:134,10
DA:136,2
DA:145,2
DA:146,2
DA:147,2
DA:150,2
DA:151,2
DA:152,2
DA:153,2
DA:154,3
DA:155,2
DA:157,2
DA:158,2
DA:160,2
DA:161,6
DA:162,6
DA:163,10
DA:165,2
DA:169,1
DA:170,1
LF:67
LH:52
end_of_record
TN:
SF:src/kernel/dig_shift_invariant.jl
DA:30,2
DA:33,2
DA:34,2
DA:35,2
DA:43,6528
DA:44,3264
DA:45,3264
DA:46,3264
DA:47,3264
DA:66,6528
DA:67,3264
DA:68,6
DA:70,3258
DA:71,3258
DA:73,3258
DA:74,3258
DA:75,28614
DA:76,28614
DA:77,28614
DA:80,28614
DA:81,31872
DA:83,28614
DA:84,3258
DA:86,25356
DA:87,3258
DA:96,2
DA:97,2
DA:98,2
DA:100,1088
DA:102,2
DA:103,6
DA:104,6
DA:105,3264
DA:106,3264
DA:107,6522
DA:108,10
DA:110,4
DA:111,2
LF:38
LH:38
end_of_record
TN:
SF:src/kernel/matern.jl
DA:78,1
DA:82,1
DA:83,1
DA:84,1
DA:85,1
DA:89,136
DA:90,136
DA:211,1
DA:212,1
DA:213,1
DA:214,1
DA:215,16
DA:216,17
DA:217,120
DA:218,120
DA:219,120
DA:220,120
DA:221,120
DA:222,120
DA:223,120
DA:224,120
DA:225,225
DA:226,31
DA:227,1
LF:24
LH:24
end_of_record
TN:
SF:src/kernel/shift_invariant.jl
DA:33,3
DA:36,3
DA:37,3
DA:38,3
DA:53,3456
DA:54,6903
DA:55,3456
DA:56,3456
DA:57,3456
DA:58,0
DA:59,3456
DA:60,3456
DA:63,0
DA:65,3456
DA:74,3
DA:75,3
DA:78,1152
DA:80,3
DA:81,9
DA:82,9
DA:83,3456
DA:84,3456
DA:85,6903
DA:86,15
DA:88,3
DA:89,3
LF:26
LH:24
end_of_record
TN:
SF:src/stopping_criterion/control_variates.jl
DA:30,6
DA:46,6
DA:51,567
DA:52,10
DA:55,6
DA:57,6
DA:60,10
DA:63,6
DA:69,6
DA:70,6
DA:71,6
DA:72,6
DA:73,10
DA:78,10
DA:83,10
DA:84,10
DA:85,6
DA:94,10
DA:95,10
DA:96,10
DA:97,10
DA:98,10
DA:99,15
DA:100,15
DA:105,15
DA:106,20
DA:107,10
DA:117,3
DA:118,6
DA:119,6
DA:120,3
DA:147,10
DA:153,10
DA:174,0
DA:181,11
DA:182,11
DA:183,11
DA:184,0
DA:185,0
DA:203,31
DA:209,31
DA:210,31
DA:211,31
DA:212,31
DA:213,31
DA:214,31
DA:215,31
DA:216,4060256
DA:217,4060256
DA:218,4060256
DA:219,7105696
DA:220,10151136
DA:221,8120481
DA:222,31
LF:54
LH:51
end_of_record
TN:
SF:src/stopping_criterion/cub_mc_clt.jl
DA:42,119
DA:53,122
DA:65,119
DA:66,119
DA:67,119
DA:68,119
DA:69,122
DA:82,238
DA:83,119
DA:84,119
DA:85,119
DA:86,119
DA:87,119
DA:90,119
DA:91,119
DA:92,119
DA:93,124
DA:95,3
DA:96,4
DA:97,3
DA:98,3
DA:99,3
DA:101,119
DA:102,119
DA:105,119
DA:106,119
DA:107,119
DA:108,0
DA:119,119
DA:120,119
DA:122,119
DA:123,0
DA:125,0
DA:132,137
DA:133,231
DA:134,224
DA:135,215
DA:137,9
DA:139,7
DA:140,9
DA:141,7
DA:142,7
DA:146,122
DA:147,119
DA:148,119
DA:153,119
DA:154,119
DA:155,119
DA:156,462
DA:157,112
DA:158,112
DA:159,116
DA:160,112
DA:161,112
DA:162,112
DA:163,112
DA:164,112
DA:165,112
DA:168,119
DA:170,119
DA:171,119
DA:173,119
DA:174,119
DA:175,0
DA:178,119
DA:179,0
DA:189,119
DA:202,119
DA:203,3
DA:205,119
DA:206,0
DA:208,119
LF:72
LH:66
end_of_record
TN:
SF:src/stopping_criterion/cub_mc_clt_vec.jl
DA:57,1
DA:66,1
DA:75,1
DA:76,1
DA:77,1
DA:78,1
DA:80,1
DA:83,2
DA:87,1
DA:88,0
DA:90,1
DA:91,1
DA:92,1
DA:93,1
DA:95,1
DA:96,1
DA:99,1
DA:100,0
DA:101,0
DA:102,0
DA:103,0
DA:104,0
DA:106,1
DA:107,1
DA:108,1
DA:109,1
DA:110,1
DA:113,1
DA:114,1
DA:116,13
DA:117,13
DA:118,13
DA:119,26
DA:121,26
DA:122,26
DA:123,13
DA:125,13
DA:126,13
DA:127,13
DA:128,13
DA:130,13
DA:132,13
DA:133,0
DA:143,13
DA:145,13
DA:146,13
DA:147,12
DA:149,1
DA:150,1
DA:158,1
DA:159,0
DA:162,1
LF:52
LH:44
end_of_record
TN:
SF:src/stopping_criterion/cub_mc_g.jl
DA:67,11
DA:80,22
DA:92,11
DA:93,11
DA:94,11
DA:95,11
DA:96,11
DA:98,11
DA:99,11
DA:102,11
DA:104,11
DA:129,11
DA:136,11
DA:137,22
DA:140,11
DA:143,11
DA:145,1111
DA:146,1100
DA:147,1100
DA:154,11
DA:155,11
DA:156,1100
DA:157,1100
DA:158,503
DA:160,597
DA:162,2189
DA:163,11
DA:165,11
DA:168,11
DA:169,11
DA:171,1111
DA:172,1100
DA:178,11
DA:179,11
DA:180,1100
DA:181,1100
DA:182,539
DA:184,561
DA:186,2189
DA:187,11
DA:189,11
DA:197,11
DA:198,11
DA:199,11
DA:200,22
DA:202,11
DA:204,1111
DA:205,1100
DA:212,11
DA:213,11
DA:214,1100
DA:215,1100
DA:216,1100
DA:218,0
DA:220,2189
DA:221,11
DA:222,11
DA:225,22
DA:226,11
DA:227,11
DA:228,11
DA:229,11
DA:230,11
DA:231,11
DA:232,11
DA:235,11
DA:236,11
DA:237,11
DA:238,0
DA:239,0
DA:240,0
DA:242,11
DA:243,22
DA:244,11
DA:245,11
DA:247,11
DA:249,11
DA:250,11
DA:251,11
DA:252,0
DA:261,11
DA:262,11
DA:264,11
DA:265,11
DA:266,11
DA:267,11
DA:269,0
DA:271,11
DA:272,11
DA:273,0
DA:284,0
DA:285,0
DA:286,0
DA:287,0
DA:288,0
DA:289,0
DA:290,0
DA:291,0
DA:301,0
DA:302,0
DA:303,0
DA:304,0
DA:308,0
DA:309,0
DA:311,0
DA:312,0
DA:313,0
DA:314,0
DA:315,0
DA:316,0
DA:319,0
DA:320,0
DA:321,0
DA:322,0
DA:323,0
DA:332,0
DA:335,11
DA:336,11
DA:343,11
DA:344,0
DA:346,11
DA:347,0
DA:350,11
LF:123
LH:88
end_of_record
TN:
SF:src/stopping_criterion/cub_mlmc.jl
DA:55,3
DA:68,6
DA:82,3
DA:83,3
DA:84,3
DA:85,3
DA:87,3
DA:88,3
DA:89,3
DA:92,3
DA:110,10
DA:125,3
DA:126,3
DA:127,3
DA:128,3
DA:146,88
DA:147,106
DA:148,18
DA:149,18
DA:150,18
DA:151,18
DA:152,18
DA:153,18
DA:154,18
DA:155,18
DA:160,9
DA:161,9
DA:162,9
DA:163,9
DA:164,9
DA:165,18
DA:166,9
DA:167,9
DA:168,9
DA:169,9
DA:175,31
DA:176,31
DA:177,159
DA:178,71
DA:180,88
DA:181,88
DA:182,88
DA:189,88
DA:190,88
DA:191,88
DA:192,88
DA:193,287
DA:194,31
DA:199,31
DA:200,31
DA:201,31
DA:202,159
DA:203,159
DA:204,159
DA:205,159
DA:207,159
DA:209,287
DA:212,31
DA:213,97
DA:215,97
DA:217,163
DA:220,31
DA:221,256
DA:222,128
DA:224,31
DA:225,62
DA:226,31
DA:227,31
DA:229,31
DA:230,62
DA:231,31
DA:232,31
DA:234,31
DA:235,62
DA:236,31
DA:237,31
DA:244,37
DA:245,37
DA:246,74
DA:247,74
DA:249,74
DA:250,74
DA:251,37
DA:252,37
DA:256,0
DA:262,12
DA:263,12
DA:264,12
DA:265,12
DA:266,12
DA:267,12
DA:268,33
DA:269,33
DA:270,54
DA:271,12
DA:275,0
DA:282,0
DA:283,0
DA:288,6
DA:289,3
DA:290,3
DA:291,3
DA:294,9
DA:295,3
DA:296,3
DA:297,0
DA:308,28
DA:310,28
DA:311,56
DA:314,56
DA:315,56
DA:316,0
DA:317,0
DA:321,28
DA:322,28
DA:323,0
DA:334,56
DA:336,12
DA:338,12
DA:340,9
DA:341,0
DA:342,0
DA:344,9
DA:346,9
DA:347,18
DA:348,9
DA:352,3
DA:355,25
DA:358,3
DA:362,6
DA:363,3
DA:365,6
DA:378,3
DA:379,0
DA:382,3
LF:135
LH:124
end_of_record
TN:
SF:src/stopping_criterion/cub_mlmc_cont.jl
DA:53,7
DA:69,14
DA:83,7
DA:84,7
DA:85,7
DA:86,7
DA:87,7
DA:89,7
DA:90,7
DA:91,7
DA:93,0
DA:96,7
DA:116,7
DA:117,7
DA:118,7
DA:119,7
DA:137,112
DA:138,112
DA:139,0
DA:142,112
DA:143,112
DA:144,112
DA:145,112
DA:146,112
DA:147,224
DA:148,112
DA:149,112
DA:150,112
DA:151,112
DA:155,56
DA:156,56
DA:157,56
DA:158,186
DA:159,186
DA:160,186
DA:162,316
DA:163,56
DA:166,56
DA:167,56
DA:168,56
DA:172,56
DA:176,56
DA:177,99
DA:182,56
DA:183,56
DA:184,112
DA:185,112
DA:186,112
DA:187,112
DA:188,56
DA:189,56
DA:194,50
DA:195,50
DA:198,156
DA:199,50
DA:200,156
DA:201,21
DA:203,262
DA:204,100
DA:205,7
DA:208,50
DA:209,106
DA:211,56
DA:212,30
DA:213,6
DA:214,6
DA:218,99
DA:221,56
DA:222,112
DA:225,112
DA:226,112
DA:227,0
DA:228,0
DA:232,112
DA:233,32
DA:237,56
DA:238,56
DA:239,6
DA:240,0
DA:241,0
DA:243,6
DA:246,56
DA:251,103
DA:252,130
DA:253,27
DA:254,27
DA:255,27
DA:256,27
DA:257,27
DA:258,27
DA:259,27
DA:260,27
DA:263,45
DA:264,45
DA:265,324
DA:266,59
DA:268,103
DA:269,103
DA:270,103
DA:277,103
DA:278,103
DA:279,103
DA:280,103
DA:281,279
DA:282,45
DA:285,45
DA:286,45
DA:287,45
DA:288,162
DA:289,162
DA:290,162
DA:291,162
DA:293,162
DA:295,279
DA:297,45
DA:298,72
DA:300,72
DA:302,99
DA:304,45
DA:305,234
DA:306,117
DA:307,45
DA:308,90
DA:309,45
DA:310,45
DA:312,45
DA:313,90
DA:314,45
DA:315,45
DA:317,45
DA:318,90
DA:319,45
DA:320,45
DA:325,6
DA:326,6
DA:327,6
DA:328,6
DA:329,6
DA:330,12
DA:331,6
DA:332,6
DA:333,6
DA:334,6
DA:340,14
DA:341,7
DA:342,7
DA:343,7
DA:346,7
DA:347,93
DA:348,50
DA:349,50
DA:350,0
DA:359,93
DA:362,7
DA:366,14
DA:367,7
DA:369,14
DA:382,7
DA:383,0
DA:386,7
LF:160
LH:152
end_of_record
TN:
SF:src/stopping_criterion/cub_mlqmc.jl
DA:48,2
DA:60,233
DA:61,0
DA:63,233
DA:66,4
DA:77,2
DA:78,2
DA:79,2
DA:80,2
DA:82,2
DA:83,4
DA:84,2
DA:85,4
DA:87,2
DA:88,2
DA:89,2
DA:91,0
DA:94,2
DA:109,2
DA:110,2
DA:111,2
DA:112,2
DA:127,28
DA:128,39
DA:129,11
DA:130,11
DA:131,11
DA:132,17
DA:133,11
DA:134,11
DA:135,11
DA:136,11
DA:139,5
DA:140,5
DA:141,5
DA:142,5
DA:143,5
DA:144,5
DA:145,5
DA:146,40
DA:147,5
DA:148,5
DA:149,5
DA:150,5
DA:154,24
DA:155,24
DA:156,24
DA:157,86
DA:158,58
DA:160,28
DA:162,45
DA:163,28
DA:165,28
DA:166,28
DA:168,224
DA:169,28
DA:171,56
DA:172,28
DA:174,28
DA:175,28
DA:176,28
DA:177,28
DA:178,28
DA:179,28
DA:180,28
DA:181,148
DA:184,24
DA:185,24
DA:188,24
DA:189,24
DA:190,24
DA:191,0
DA:192,0
DA:194,24
DA:195,24
DA:196,24
DA:197,24
DA:198,24
DA:199,48
DA:200,24
DA:201,24
DA:202,24
DA:205,4
DA:206,2
DA:207,2
DA:208,2
DA:209,2
DA:211,2
DA:212,9
DA:213,7
DA:216,7
DA:217,7
DA:221,14
DA:222,24
DA:223,34
DA:224,17
DA:226,34
DA:227,34
DA:231,17
DA:232,0
DA:233,0
DA:234,0
DA:237,17
DA:238,17
DA:239,17
DA:241,34
DA:242,17
DA:244,7
DA:245,0
DA:246,0
DA:247,0
DA:256,0
DA:260,7
DA:261,7
DA:262,0
DA:271,7
DA:272,7
DA:273,5
DA:274,0
DA:275,0
DA:277,5
DA:280,7
DA:282,4
DA:283,4
DA:284,2
DA:286,4
DA:297,2
DA:298,0
DA:301,2
LF:129
LH:114
end_of_record
TN:
SF:src/stopping_criterion/cub_mlqmc_cont.jl
DA:56,7
DA:70,14
DA:84,7
DA:85,7
DA:86,7
DA:87,7
DA:88,7
DA:90,7
DA:91,9
DA:92,7
DA:94,7
DA:95,7
DA:96,7
DA:98,0
DA:101,7
DA:120,9
DA:133,7
DA:134,7
DA:135,7
DA:136,7
DA:151,56
DA:152,81
DA:153,25
DA:154,25
DA:155,25
DA:156,31
DA:157,25
DA:158,25
DA:159,25
DA:160,25
DA:163,4
DA:164,4
DA:165,4
DA:166,4
DA:167,4
DA:168,4
DA:169,4
DA:170,32
DA:171,4
DA:172,4
DA:173,4
DA:174,4
DA:180,85
DA:181,85
DA:182,85
DA:183,283
DA:184,227
DA:186,56
DA:189,87
DA:190,56
DA:192,56
DA:193,56
DA:196,448
DA:197,56
DA:200,112
DA:201,56
DA:203,56
DA:204,56
DA:205,56
DA:206,56
DA:207,56
DA:208,56
DA:209,56
DA:210,481
DA:213,85
DA:216,85
DA:219,85
DA:220,85
DA:221,85
DA:222,0
DA:223,0
DA:225,85
DA:226,85
DA:227,85
DA:228,85
DA:229,85
DA:230,170
DA:231,85
DA:232,85
DA:233,85
DA:236,85
DA:237,85
DA:238,85
DA:239,0
DA:240,0
DA:242,85
DA:243,85
DA:244,85
DA:245,85
DA:246,85
DA:247,170
DA:248,85
DA:249,85
DA:250,85
DA:251,85
DA:254,139
DA:257,54
DA:260,54
DA:264,50
DA:265,50
DA:266,104
DA:268,54
DA:269,54
DA:272,85
DA:274,62
DA:275,31
DA:278,62
DA:282,62
DA:283,31
DA:284,0
DA:285,0
DA:288,31
DA:289,31
DA:290,31
DA:293,54
DA:294,54
DA:295,4
DA:296,0
DA:297,0
DA:299,4
DA:302,54
DA:307,14
DA:308,7
DA:309,7
DA:310,7
DA:313,7
DA:314,93
DA:315,50
DA:316,50
DA:317,0
DA:326,93
DA:329,14
DA:330,14
DA:331,7
DA:333,14
DA:344,7
DA:345,0
DA:348,7
LF:138
LH:127
end_of_record
TN:
SF:src/stopping_criterion/cub_qmc_bayes_lattice_g.jl
DA:73,6
DA:85,12
DA:97,6
DA:98,6
DA:99,6
DA:100,6
DA:101,6
DA:102,6
DA:124,344
DA:125,344
DA:126,344
DA:127,688
DA:129,344
DA:130,0
DA:131,344
DA:132,781912
DA:134,688
DA:135,0
DA:140,344
DA:141,344
DA:142,781568
DA:143,782901
DA:146,688
DA:147,688
DA:148,344
DA:149,1333
DA:150,1333
DA:151,2666
DA:152,2666
DA:153,2365
DA:155,688
DA:156,344
DA:158,344
DA:159,688
DA:160,344
DA:162,344
DA:167,344
DA:174,344
DA:175,344
DA:177,344
DA:180,132096
DA:181,344
DA:182,132096
DA:183,132096
DA:185,263848
DA:187,344
DA:188,0
DA:189,0
DA:190,0
DA:191,0
DA:192,0
DA:193,0
DA:197,688
DA:198,688
DA:199,344
DA:200,344
DA:201,344
DA:204,344
DA:209,8
DA:210,8
DA:213,8
DA:214,8
DA:215,168
DA:216,168
DA:217,94
DA:218,94
DA:220,328
DA:221,8
DA:222,16
DA:223,168
DA:224,168
DA:225,41
DA:226,41
DA:228,328
DA:230,8
DA:232,8
DA:233,0
DA:235,16
DA:238,8
DA:239,0
DA:241,16
DA:246,8
DA:247,8
DA:352,12
DA:353,6
DA:354,0
DA:356,6
DA:357,6
DA:358,0
DA:361,0
DA:363,6
DA:365,6
DA:366,6
DA:367,6
DA:368,6
DA:369,6
DA:370,6
DA:371,6
DA:373,8
DA:374,8
DA:375,8
DA:379,8
DA:380,8
DA:381,16
DA:383,8
DA:385,8
DA:388,8
DA:389,8
DA:390,1
DA:392,8
DA:394,2
DA:395,0
DA:396,2
DA:397,2
DA:399,6
DA:410,6
DA:411,1
DA:413,6
LF:118
LH:104
end_of_record
TN:
SF:src/stopping_criterion/cub_qmc_bayes_net_g.jl
DA:33,4
DA:45,8
DA:57,4
DA:58,4
DA:59,4
DA:60,4
DA:61,4
DA:62,4
DA:82,473
DA:83,473
DA:84,473
DA:85,473
DA:86,946
DA:88,473
DA:89,0
DA:90,473
DA:91,3677145
DA:93,946
DA:94,0
DA:99,473
DA:100,473
DA:101,473
DA:102,473
DA:103,1849
DA:104,1849
DA:105,3676672
DA:106,3676672
DA:107,3676672
DA:108,7351495
DA:109,3225
DA:112,946
DA:113,946
DA:114,473
DA:115,2752
DA:116,2752
DA:117,2322
DA:119,946
DA:120,473
DA:123,946
DA:124,946
DA:125,473
DA:127,473
DA:132,473
DA:139,473
DA:140,473
DA:142,473
DA:144,770560
DA:145,473
DA:146,770560
DA:147,1540647
DA:149,473
DA:150,0
DA:151,0
DA:152,0
DA:153,0
DA:154,0
DA:155,0
DA:159,946
DA:160,946
DA:161,473
DA:162,473
DA:163,473
DA:166,473
DA:171,11
DA:172,11
DA:174,11
DA:175,11
DA:176,231
DA:177,231
DA:178,451
DA:179,11
DA:180,22
DA:181,231
DA:182,231
DA:183,451
DA:185,11
DA:187,11
DA:189,22
DA:195,11
DA:200,8
DA:201,4
DA:202,4
DA:203,0
DA:206,0
DA:208,4
DA:210,4
DA:211,4
DA:212,4
DA:213,4
DA:214,4
DA:215,4
DA:216,4
DA:218,11
DA:219,11
DA:220,11
DA:222,11
DA:223,11
DA:224,22
DA:227,22
DA:229,11
DA:231,11
DA:232,11
DA:233,0
DA:235,11
DA:237,7
DA:238,0
DA:239,7
DA:240,7
DA:242,4
DA:253,4
DA:254,0
DA:256,4
LF:112
LH:99
end_of_record
TN:
SF:src/stopping_criterion/cub_qmc_lattice_g.jl
DA:76,228
DA:88,228
DA:101,228
DA:102,228
DA:130,1257
DA:138,1257
DA:139,2514
DA:140,5840
DA:141,5840
DA:143,5840
DA:144,36458932
DA:145,36458932
DA:146,36458932
DA:147,72912024
DA:149,5840
DA:150,36458932
DA:151,11567117
DA:152,30896549
DA:153,19329432
DA:154,19329432
DA:155,19329432
DA:156,19329432
DA:157,19329432
DA:158,72912024
DA:159,5840
DA:185,228
DA:189,228
DA:190,10
DA:191,10
DA:192,10
DA:194,218
DA:195,218
DA:198,228
DA:199,228
DA:200,228
DA:201,228
DA:202,228
DA:204,228
DA:205,228
DA:206,228
DA:207,228
DA:209,228
DA:212,228
DA:213,228
DA:214,228
DA:216,1258
DA:217,1258
DA:220,1258
DA:221,1030
DA:222,2060
DA:224,1258
DA:225,1257
DA:226,1257
DA:227,1485
DA:229,1279
DA:230,1291
DA:231,1257
DA:233,1269
DA:234,2502
DA:236,1257
DA:238,77738
DA:239,238
DA:240,228
DA:243,1029
DA:244,2056
DA:245,1031
DA:246,1029
DA:247,1029
DA:249,1257
DA:251,1257
DA:252,2514
DA:253,1257
DA:254,1257
DA:255,1212359
DA:256,2423461
DA:257,1257
DA:258,1257
DA:259,1257
DA:261,1257
DA:262,118
DA:265,1257
DA:266,1257
DA:267,1030
DA:268,1030
DA:270,227
DA:272,227
DA:273,227
DA:283,227
DA:284,26
DA:286,227
DA:569,247
DA:571,456
DA:573,228
DA:574,0
DA:578,228
DA:579,228
DA:586,0
DA:590,0
DA:591,0
DA:593,0
DA:594,0
DA:595,0
DA:596,0
DA:598,0
DA:599,0
DA:602,0
DA:603,0
DA:604,0
DA:605,0
DA:606,0
DA:607,0
DA:608,0
DA:609,0
DA:611,0
DA:612,0
DA:613,0
DA:614,0
DA:615,0
DA:616,0
DA:617,0
DA:620,0
DA:621,0
DA:622,0
DA:624,0
DA:625,0
DA:626,0
DA:627,0
DA:628,0
DA:629,0
DA:632,0
DA:633,0
DA:634,0
DA:635,0
DA:636,0
DA:637,0
DA:638,0
DA:639,0
DA:640,0
DA:641,0
DA:642,0
DA:643,0
DA:644,0
DA:646,0
DA:647,0
DA:648,0
DA:649,0
DA:650,0
DA:651,0
DA:652,0
DA:653,0
DA:654,0
DA:656,0
DA:657,0
DA:659,0
DA:660,0
DA:661,0
DA:662,0
DA:664,0
DA:665,0
DA:675,0
DA:676,0
DA:677,0
DA:679,0
DA:680,0
DA:681,0
DA:684,0
DA:685,0
DA:686,0
DA:696,0
DA:697,0
DA:699,0
DA:700,0
DA:702,0
LF:173
LH:95
end_of_record
TN:
SF:src/stopping_criterion/cub_qmc_net_g.jl
DA:77,209
DA:87,418
DA:98,209
DA:99,209
DA:100,209
DA:103,209
DA:106,209
DA:107,209
DA:108,209
DA:109,0
DA:110,0
DA:112,209
DA:113,209
DA:254,418
DA:255,209
DA:256,0
DA:258,209
DA:259,209
DA:260,209
DA:262,209
DA:263,209
DA:264,209
DA:265,209
DA:267,209
DA:268,209
DA:269,209
DA:270,209
DA:271,209
DA:272,209
DA:273,209
DA:275,1077
DA:276,1077
DA:277,1077
DA:280,1077
DA:281,1077
DA:282,0
DA:283,0
DA:285,1077
DA:288,1077
DA:289,1077
DA:290,102267136
DA:292,1077
DA:297,1077
DA:298,31
DA:299,31
DA:300,31
DA:302,31
DA:303,4191232
DA:304,4191232
DA:305,7334912
DA:306,10478592
DA:307,4191232
DA:308,8382433
DA:309,4191232
DA:310,31
DA:311,31
DA:312,52
DA:313,73
DA:314,31
DA:317,1077
DA:318,2154
DA:319,1077
DA:320,1077
DA:321,3195848
DA:322,6390619
DA:323,1077
DA:325,1077
DA:326,1077
DA:327,1077
DA:328,0
DA:331,1077
DA:334,868
DA:335,868
DA:337,209
DA:338,209
DA:339,0
DA:342,209
DA:343,209
DA:344,209
DA:354,209
DA:355,3
DA:357,209
DA:358,0
DA:360,209
LF:84
LH:76
end_of_record
TN:
SF:src/stopping_criterion/cub_qmc_net_g_rep.jl
DA:34,1
DA:45,1
DA:55,1
DA:107,3
DA:114,3
DA:116,3
DA:117,3
DA:121,0
DA:122,0
DA:123,0
DA:124,0
DA:125,0
DA:126,0
DA:127,0
DA:128,0
DA:129,0
DA:130,0
DA:131,0
DA:133,0
DA:134,0
DA:135,0
DA:136,0
DA:138,0
DA:140,3
DA:141,30
DA:142,30
DA:143,30
DA:144,57
DA:145,3
DA:148,0
DA:149,0
DA:150,0
DA:151,0
DA:152,0
DA:154,0
DA:158,0
DA:161,2
DA:162,1
DA:163,1
DA:165,1
DA:166,0
DA:167,0
DA:168,0
DA:170,1
DA:171,1
DA:174,1
DA:175,1
DA:176,1
DA:177,1
DA:178,1
DA:179,1
DA:180,1
DA:181,1
DA:182,1
DA:184,3
DA:185,3
DA:186,3
DA:188,3
DA:189,6
DA:190,3
DA:191,3
DA:193,3
DA:194,0
DA:204,3
DA:205,2
DA:206,2
DA:208,1
DA:209,1
DA:210,0
DA:213,1
DA:214,1
DA:215,1
DA:225,1
DA:226,0
DA:228,1
LF:75
LH:46
end_of_record
TN:
SF:src/stopping_criterion/cub_qmc_rep_student_t.jl
DA:56,4
DA:67,8
DA:79,4
DA:80,4
DA:81,4
DA:82,4
DA:83,4
DA:84,4
DA:99,30
DA:100,30
DA:102,0
DA:106,8
DA:107,4
DA:108,4
DA:109,4
DA:111,4
DA:114,4
DA:115,0
DA:116,0
DA:117,0
DA:119,4
DA:120,4
DA:123,4
DA:124,4
DA:125,4
DA:126,4
DA:127,4
DA:128,4
DA:132,72
DA:133,4
DA:135,30
DA:136,30
DA:140,30
DA:141,30
DA:142,30
DA:144,60
DA:145,60
DA:146,44
DA:147,44
DA:148,30
DA:151,60
DA:152,30
DA:153,60
DA:154,30
DA:156,30
DA:158,30
DA:159,0
DA:169,30
DA:170,4
DA:171,4
DA:174,26
DA:175,0
DA:177,0
DA:180,26
DA:181,26
DA:183,4
DA:184,8
DA:185,4
DA:186,8
DA:188,4
DA:202,4
DA:203,0
DA:205,4
LF:63
LH:55
end_of_record
TN:
SF:src/true_measure/acceptance_rejection.jl
DA:55,162
DA:63,162
DA:73,162
DA:74,0
DA:76,162
DA:77,0
DA:83,162
DA:84,0
DA:87,162
DA:88,162
DA:89,162
DA:90,162
DA:92,162
DA:93,162
DA:94,655104
DA:97,162
DA:110,164
DA:111,164
DA:112,164
DA:113,164
DA:119,164
DA:120,164
DA:121,164
DA:122,164
DA:124,655104
DA:126,655104
DA:129,655104
DA:130,655104
DA:131,327677
DA:132,327677
DA:133,327677
DA:134,327677
DA:136,1310044
DA:138,164
DA:141,164
DA:145,0
DA:146,0
DA:147,0
DA:148,0
DA:149,0
DA:150,0
DA:154,1
DA:232,1
DA:243,2
DA:252,1
DA:253,1
DA:254,1
DA:260,1
DA:261,1
DA:262,1
DA:263,2
DA:264,1
DA:288,1
DA:289,1
DA:290,1
DA:291,1
DA:292,1
DA:296,1
DA:297,1
DA:298,1
DA:299,1
DA:300,4096
DA:301,2048
DA:303,1
DA:308,1
DA:309,1
DA:310,1
DA:311,2048
DA:312,2048
DA:313,4096
DA:314,1008
DA:316,4095
DA:318,1
DA:319,1
DA:323,0
DA:324,0
DA:325,0
DA:326,0
DA:327,0
DA:328,0
DA:332,1
LF:81
LH:66
end_of_record
TN:
SF:src/true_measure/bernoulli_cont.jl
DA:35,2
DA:40,4
DA:41,2
DA:42,2
DA:43,2
DA:44,2
DA:48,1310720
DA:49,0
DA:51,1310720
DA:52,1310720
DA:55,2
DA:56,2
DA:57,2
DA:58,2
DA:59,2
DA:60,1310720
DA:61,2621438
DA:62,2
DA:63,2
LF:19
LH:18
end_of_record
TN:
SF:src/true_measure/brownian_motion.jl
DA:41,582
DA:50,994
DA:59,497
DA:60,497
DA:61,497
DA:62,0
DA:64,497
DA:65,0
DA:66,0
DA:68,0
DA:69,0
DA:70,497
DA:71,7
DA:72,7
DA:74,490
DA:78,994
DA:81,497
DA:82,497
DA:94,497
DA:95,497
DA:96,497
DA:97,497
DA:98,7462
DA:99,390770
DA:100,774078
DA:101,14427
DA:102,497
DA:105,2429
DA:107,2429
DA:109,4857
DA:110,4
DA:112,2429
DA:131,208
DA:132,208
DA:133,416
DA:134,0
DA:136,208
LF:37
LH:31
end_of_record
TN:
SF:src/true_measure/distributions_wrapper.jl
DA:40,3
DA:45,3
DA:50,3
DA:51,3
DA:52,0
DA:53,3
DA:54,3
DA:57,6
DA:59,0
DA:62,3
DA:65,5
DA:66,5
DA:67,5
DA:68,5
DA:69,29
DA:70,29
DA:72,53760
DA:73,26880
DA:74,53731
DA:75,53
DA:76,5
LF:21
LH:19
end_of_record
TN:
SF:src/true_measure/gaussian.jl
DA:44,846
DA:55,1692
DA:61,846
DA:62,14672
DA:63,846
DA:64,846
DA:66,846
DA:70,846
DA:71,846
DA:74,10
DA:75,846
DA:76,14662
DA:78,10
DA:81,10
DA:85,591
DA:86,846
DA:87,255
DA:88,591
DA:89,1
DA:94,1
DA:95,590
DA:96,590
DA:98,590
DA:100,0
DA:112,846
DA:113,846
DA:114,844
DA:115,844
DA:118,844
DA:119,14689
DA:120,6085
DA:122,28534
DA:124,844
DA:125,844
DA:126,844
DA:128,1688
DA:129,1688
DA:130,844
DA:132,2
DA:133,2
DA:137,2919
DA:141,2919
DA:142,2919
DA:144,5384
DA:146,2692
DA:147,5384
DA:148,2692
DA:158,227
DA:159,227
DA:160,227
DA:196,215
DA:198,7
DA:199,7
DA:200,7
DA:202,208
DA:203,416
DA:204,208
LF:57
LH:56
end_of_record
TN:
SF:src/true_measure/geometric_brownian_motion.jl
DA:33,85
DA:42,170
DA:53,85
DA:54,0
DA:56,85
DA:57,0
DA:59,85
DA:60,0
DA:62,85
DA:63,0
DA:66,85
DA:67,85
DA:68,85
DA:71,85
DA:72,85
DA:74,85
DA:76,85
DA:77,85
DA:80,85
DA:81,85
DA:82,1572728
DA:83,1578575
DA:85,85
DA:86,85
DA:88,85
DA:91,328
DA:92,328
DA:93,328
DA:94,328
DA:95,328
DA:96,328
DA:97,11390
DA:98,11390
DA:99,120217380
DA:101,22452
DA:102,328
DA:127,3
DA:128,3
DA:129,3
DA:130,3
DA:131,3
DA:132,3
DA:133,60
DA:134,60
DA:135,14822152
DA:137,117
DA:138,3
DA:141,1
DA:142,1
LF:49
LH:45
end_of_record
TN:
SF:src/true_measure/johnsons_su.jl
DA:39,2
DA:47,4
DA:48,2
DA:49,2
DA:50,2
DA:51,2
DA:52,2
DA:53,2
DA:54,2
DA:55,2
DA:58,2
DA:64,2
DA:65,2
DA:66,2
DA:67,2
DA:68,4
DA:69,2
LF:17
LH:17
end_of_record
TN:
SF:src/true_measure/kumaraswamy.jl
DA:35,4
DA:41,8
DA:42,4
DA:43,4
DA:44,4
DA:45,4
DA:46,4
DA:47,4
DA:50,4
DA:51,4
DA:52,4
DA:53,4
DA:54,4
DA:55,4
DA:56,4
DA:57,1835008
DA:58,3670012
DA:59,4
DA:60,4
LF:19
LH:19
end_of_record
TN:
SF:src/true_measure/lebesgue.jl
DA:34,3
DA:41,6
DA:42,3
DA:43,3
DA:44,3
DA:45,3
DA:47,6
DA:48,3
DA:51,14
DA:53,28
DA:54,14
LF:11
LH:11
end_of_record
TN:
SF:src/true_measure/student_t.jl
DA:37,3
DA:44,6
DA:45,3
DA:46,3
DA:47,3
DA:48,3
DA:49,3
DA:50,3
DA:51,3
DA:52,3
DA:53,6
DA:54,3
DA:60,20000
DA:61,10000
DA:86,1
DA:87,1
DA:88,1
DA:89,1
DA:90,10000
DA:92,1
DA:93,1
DA:108,2
DA:113,2
DA:114,2
DA:115,2
DA:116,2
DA:117,20000
DA:118,39998
DA:119,2
DA:120,2
DA:140,3
DA:141,3
DA:142,3
DA:143,3
DA:144,3
DA:174,1
DA:190,2
LF:37
LH:37
end_of_record
TN:
SF:src/true_measure/triangular.jl
DA:32,2
DA:39,4
DA:40,2
DA:41,2
DA:42,2
DA:43,2
DA:44,2
DA:45,2
DA:46,2
DA:51,20000
DA:52,20000
DA:53,13352
DA:55,6648
DA:59,2
DA:60,2
DA:61,2
DA:62,2
DA:63,2
DA:64,20000
DA:65,39998
DA:66,2
DA:67,2
LF:22
LH:22
end_of_record
TN:
SF:src/true_measure/uniform.jl
DA:43,55
DA:49,110
DA:50,55
DA:51,210
DA:52,210
DA:53,55
DA:55,55
DA:59,10
DA:60,116
DA:61,416
DA:63,10
DA:66,10
DA:70,310
DA:72,620
DA:73,310
DA:84,1
LF:16
LH:16
end_of_record
TN:
SF:src/true_measure/uniform_triangle.jl
DA:28,1
DA:29,1
DA:30,1
DA:34,1
DA:35,4096
DA:36,4096
DA:38,1
DA:39,1
DA:40,1
DA:41,1
LF:10
LH:10
end_of_record
TN:
SF:src/true_measure/zero_inflated_exp_uniform.jl
DA:31,1
DA:38,1
DA:45,1
DA:46,1
DA:47,1
DA:48,1
DA:49,1
DA:54,1
DA:55,1
DA:56,4096
DA:57,4096
DA:59,4096
DA:60,1
DA:61,1
DA:63,1
DA:64,4096
DA:65,1229
DA:66,2867
DA:68,1433
DA:71,1434
DA:73,8191
DA:74,1
LF:22
LH:22
end_of_record
TN:
SF:src/util/bernoulli.jl
DA:41,0
DA:42,0
DA:43,0
DA:44,0
DA:45,0
DA:46,0
DA:47,0
DA:48,0
DA:49,0
DA:50,0
DA:51,0
DA:52,0
DA:53,0
DA:54,0
DA:55,0
DA:57,0
LF:16
LH:0
end_of_record
TN:
SF:src/util/bro_fft.jl
DA:36,4
DA:37,1261
DA:38,1261
DA:40,1261
DA:41,1261
DA:49,4
DA:50,4
DA:51,4
DA:54,1265
DA:55,1265
DA:56,1265
DA:57,1265
DA:58,1265
DA:59,668628096
DA:60,38894624
DA:61,77787983
DA:62,1265
DA:66,38894624
DA:67,38894624
DA:68,668628096
DA:69,668628096
DA:70,1298361568
DA:71,38894624
LF:23
LH:23
end_of_record
TN:
SF:src/util/diagnostics.jl
DA:40,602
DA:49,602
DA:52,17
DA:55,18
DA:57,19
DA:58,6
DA:59,33
DA:60,3
DA:61,6
DA:64,119
DA:72,119
DA:73,119
DA:81,119
DA:82,119
DA:90,17
DA:93,6
DA:241,36
DA:270,72
DA:277,72
DA:278,36
DA:279,0
DA:281,0
DA:283,36
DA:284,36
DA:286,72
DA:288,36
DA:289,190
DA:291,185
DA:294,72
DA:296,36
DA:298,36
DA:299,36
DA:300,36
DA:399,6
DA:400,6
DA:401,6
DA:403,3
DA:407,3
DA:409,3
DA:410,3
DA:412,3
DA:413,3
DA:414,3
DA:415,1
DA:416,7
DA:420,7
DA:422,3
DA:423,3
DA:426,3
DA:427,3
DA:428,3
DA:429,3
DA:434,3
DA:435,6
DA:447,6
DA:450,3
DA:459,3
DA:478,2
DA:492,1
LF:59
LH:57
end_of_record
TN:
SF:src/util/fwht.jl
DA:36,1619
DA:37,1619
DA:38,1619
DA:39,1619
DA:40,19534
DA:41,35830
DA:42,110392077
DA:43,1199569920
DA:44,1199569920
DA:45,1199569920
DA:46,1199569920
DA:47,2288747763
DA:48,220766239
DA:49,17915
DA:50,17915
DA:51,1619
DA:60,4
DA:61,3238
DA:62,1619
DA:63,1619
DA:169,1129
DA:170,1129
DA:171,1129
DA:181,1129
DA:209,1108
DA:216,2216
DA:217,11833
DA:218,11833
DA:219,11833
DA:220,106444319
DA:221,106444319
DA:222,106444319
DA:223,53016712
DA:225,212876805
DA:226,11833
DA:227,21620
DA:228,29465918
DA:229,527660399
DA:230,527660399
DA:231,527660399
DA:232,527660399
DA:233,29465918
DA:234,22558
DA:235,1108
LF:44
LH:44
end_of_record
TN:
SF:src/util/periodization.jl
DA:57,19
DA:58,27
DA:59,11
DA:60,8
DA:61,5
DA:62,3
DA:63,0
DA:64,3
DA:65,0
DA:66,3
DA:67,0
DA:68,3
DA:69,3
DA:71,0
DA:85,19
DA:86,19
DA:87,19
DA:88,20992
DA:90,27
DA:91,14
DA:94,5
DA:95,5
DA:96,0
DA:97,0
DA:98,0
DA:99,0
DA:100,0
DA:101,0
DA:103,5
DA:109,5
DA:110,3840
DA:111,3850
DA:112,5
DA:115,3840
DA:116,0
DA:117,0
DA:118,0
DA:119,14336
DA:120,3840
DA:121,0
DA:122,0
DA:123,0
LF:42
LH:26
end_of_record
