TN:
SF:src/QuasiMC.jl
DA:98,38
LF:1
LH:1
end_of_record
TN:
SF:src/abstract_types.jl
DA:80,2681440
DA:100,1668
DA:123,1031
DA:131,932
DA:141,2112
DA:149,791
DA:153,2
DA:184,0
DA:185,0
DA:186,0
DA:187,0
DA:193,0
DA:200,0
DA:229,454
DA:323,601
DA:327,9
DA:328,9
DA:329,9
DA:330,18
DA:331,9
DA:332,0
DA:333,0
DA:335,18
DA:336,6
DA:338,9
DA:339,9
LF:26
LH:18
end_of_record
TN:
SF:src/discrete_distribution/digital_net_b2.jl
DA:122,0
DA:123,0
DA:124,0
DA:125,0
DA:126,0
DA:127,0
DA:128,0
DA:129,0
DA:131,0
DA:134,0
DA:135,0
DA:136,0
DA:154,3820
DA:155,3820
DA:156,3820
DA:161,3820
DA:163,3820
DA:164,3820
DA:165,11618
DA:166,11618
DA:167,371776
DA:168,731934
DA:169,19416
DA:170,3820
DA:323,3832
DA:336,3820
DA:337,3820
DA:338,3820
DA:340,3820
DA:341,3820
DA:342,3815
DA:343,5
DA:344,1
DA:345,4
DA:346,1
DA:347,5
DA:348,1
DA:349,2
DA:350,0
DA:351,2
DA:352,2
DA:354,0
DA:361,1
DA:362,1
DA:363,1
DA:365,1
DA:366,1
DA:367,1
DA:368,1
DA:369,1
DA:370,0
DA:437,3820
DA:438,3820
DA:439,0
DA:440,0
DA:441,0
DA:442,0
DA:443,0
DA:445,0
DA:447,0
DA:451,0
DA:452,0
DA:453,0
DA:455,0
DA:457,0
DA:459,0
DA:466,7632
DA:478,3820
DA:479,3820
DA:480,3820
DA:481,3820
DA:488,3820
DA:489,16
DA:492,3820
DA:493,3820
DA:495,3820
DA:496,3820
DA:499,0
DA:501,3820
DA:504,3820
DA:505,3820
DA:506,3820
DA:507,3820
DA:509,3820
DA:510,3820
DA:513,3820
DA:542,18666
DA:564,9333
DA:565,9333
DA:566,9333
DA:567,9333
DA:568,9333
DA:569,102636
DA:570,102636
DA:573,102616
DA:574,3283712
DA:575,3283712
DA:576,3283712
DA:577,6464808
DA:581,20
DA:582,640
DA:584,640
DA:585,640
DA:586,1260
DA:587,20
DA:588,620
DA:589,620
DA:591,102636
DA:592,3284352
DA:593,3284352
DA:594,3284352
DA:595,105119104
DA:596,105119104
DA:597,28760718
DA:599,206953856
DA:600,3284352
DA:601,6466068
DA:602,195939
DA:603,9333
DA:610,4722
DA:611,4722
DA:612,4722
DA:613,4722
DA:614,724064
DA:615,741969
DA:616,4722
DA:619,5302
DA:620,5302
DA:621,5302
DA:622,5302
DA:625,9338
DA:626,0
DA:635,10
DA:647,0
DA:648,0
DA:649,0
DA:652,0
DA:654,0
DA:656,0
DA:666,0
DA:667,0
DA:668,0
DA:669,0
DA:670,0
DA:671,0
DA:672,0
DA:679,9444
DA:680,4722
DA:681,4722
DA:682,4722
DA:683,4722
DA:685,4729
DA:686,4716
DA:687,4716
DA:688,4716
DA:689,4716
DA:690,4716
DA:692,4716
DA:703,4716
DA:704,4716
DA:705,4715
DA:706,4715
DA:708,3
DA:709,1
DA:711,6
DA:712,1
DA:714,1
DA:715,1
DA:717,1
DA:728,1
DA:729,1
DA:730,1
DA:731,5
DA:732,1
DA:734,1
DA:736,1
DA:737,1
DA:738,1
DA:740,0
DA:744,1
DA:746,1
DA:747,1
DA:748,0
DA:749,0
DA:759,0
DA:760,0
DA:762,1
DA:763,0
DA:765,1
DA:766,1
DA:767,1
DA:768,1
DA:770,4
DA:771,4
DA:772,4
DA:774,4
DA:785,4
DA:786,8
DA:787,4
DA:790,4721
DA:791,4721
DA:792,4721
DA:793,4721
DA:794,3506
DA:809,1215
DA:825,0
DA:826,0
DA:827,0
DA:829,0
DA:831,0
DA:832,0
DA:833,0
DA:835,4721
DA:870,10616
DA:871,5308
DA:872,5308
DA:873,5308
DA:874,10616
DA:875,5308
DA:882,5894
DA:883,4722
DA:886,586
DA:887,586
DA:888,586
DA:889,586
DA:890,586
DA:892,586
DA:893,586
DA:894,586
DA:895,586
DA:896,586
DA:897,4617
DA:898,4617
DA:899,4617
DA:900,2560704
DA:901,2636109
DA:902,8648
DA:903,586
DA:915,586
DA:916,4617
DA:917,586
DA:918,586
DA:919,586
DA:921,0
DA:922,0
DA:924,0
DA:925,0
DA:927,0
DA:939,0
DA:940,0
DA:941,0
DA:942,0
DA:943,0
DA:944,0
DA:946,0
DA:947,0
DA:948,0
DA:950,0
DA:953,0
DA:954,0
DA:955,0
DA:956,0
DA:957,0
DA:958,0
DA:959,0
DA:960,0
DA:961,0
DA:962,0
DA:972,0
DA:973,0
DA:975,0
DA:976,0
DA:979,0
DA:980,0
DA:981,0
DA:982,0
DA:983,0
DA:984,0
DA:986,0
DA:987,0
DA:999,0
DA:1000,0
DA:1001,0
DA:1002,0
DA:1005,4617
DA:1006,586
DA:1007,586
DA:1008,586
DA:1009,586
DA:1024,0
DA:1040,0
DA:1041,0
DA:1042,0
DA:1044,0
DA:1046,0
DA:1047,0
DA:1048,0
DA:1050,586
DA:1053,2
DA:1054,2
DA:1055,2
DA:1056,2
DA:1082,256
DA:1083,256
DA:1084,256
DA:1085,8192
DA:1086,8192
DA:1088,8192
DA:1089,8192
DA:1090,8192
DA:1091,8192
DA:1092,8192
DA:1093,16128
DA:1094,256
DA:1105,1
DA:1112,1
DA:1113,128
DA:1114,256
DA:1115,256
DA:1116,384
DA:1117,128
LF:321
LH:216
end_of_record
TN:
SF:src/discrete_distribution/halton.jl
DA:67,265
DA:75,265
DA:82,265
DA:83,265
DA:85,265
DA:86,3
DA:89,265
DA:90,265
DA:104,564
DA:105,282
DA:106,282
DA:107,282
DA:108,688
DA:109,300
DA:111,282
DA:114,1010
DA:116,564
DA:117,264
DA:120,264
DA:124,18
DA:125,18
DA:126,464
DA:127,928
DA:128,910
DA:129,18
LF:25
LH:25
end_of_record
TN:
SF:src/discrete_distribution/iid_std_uniform.jl
DA:41,3958
DA:46,3958
DA:47,3958
DA:48,3958
DA:49,3958
DA:52,8164
DA:53,4082
DA:54,4082
LF:8
LH:8
end_of_record
TN:
SF:src/discrete_distribution/kronecker.jl
DA:50,1
DA:58,1
DA:59,1
DA:60,1
DA:61,3
DA:62,2
DA:63,2
DA:64,1
DA:65,0
DA:66,0
DA:67,0
DA:69,0
DA:70,2
DA:71,2
DA:73,2
DA:74,2
DA:75,1
DA:78,2
DA:79,1
DA:81,1
DA:82,1
DA:83,1
DA:84,0
DA:85,0
DA:90,0
DA:92,0
DA:95,1
DA:96,1
DA:97,1
DA:98,1
DA:100,0
DA:103,1
DA:112,2
DA:113,1
DA:114,1
DA:115,1
DA:119,1
DA:120,2
DA:121,2
DA:122,2
DA:123,2000
DA:124,3998
DA:125,3
DA:127,1
LF:44
LH:35
end_of_record
TN:
SF:src/discrete_distribution/lattice.jl
DA:114,700
DA:133,700
DA:137,700
DA:138,700
DA:139,700
DA:140,700
DA:141,700
DA:147,700
DA:288,8
DA:289,8
DA:291,8
DA:292,8
DA:293,8
DA:294,8
DA:295,8
DA:296,22
DA:297,36
DA:299,8
DA:308,700
DA:309,692
DA:314,692
DA:319,1384
DA:320,8
DA:321,0
DA:326,0
DA:330,0
DA:331,0
DA:332,8
DA:333,8
DA:338,8
DA:339,16
DA:340,0
DA:341,0
DA:346,0
DA:347,0
DA:348,0
DA:349,0
DA:354,0
DA:356,0
DA:358,0
DA:359,0
DA:360,0
DA:365,0
DA:367,0
DA:368,0
DA:369,0
DA:374,0
DA:376,0
DA:384,1415
DA:393,700
DA:394,700
DA:395,700
DA:396,0
DA:400,700
DA:401,700
DA:403,700
DA:404,1400
DA:406,700
DA:408,700
DA:422,1963
DA:423,1963
DA:424,3926
DA:425,1963
DA:426,1964
DA:433,1962
DA:434,1962
DA:435,1957
DA:440,1956
DA:448,3926
DA:449,1963
DA:450,1963
DA:451,1963
DA:452,1962
DA:453,2223
DA:454,1962
DA:457,1962
DA:458,924
DA:462,1962
DA:463,1962
DA:464,1
DA:465,0
DA:467,1
DA:468,1961
DA:469,1956
DA:471,5
DA:475,1962
DA:478,1962
DA:479,1962
DA:481,1962
DA:485,1
DA:486,1
LF:91
LH:68
end_of_record
TN:
SF:src/discrete_distribution/qmctoolscl_c.jl
DA:20,38
DA:22,38
DA:23,38
DA:26,38
DA:27,152
DA:28,0
DA:30,190
DA:33,38
DA:34,0
DA:40,38
DA:41,152
DA:42,152
DA:43,152
DA:44,0
DA:45,0
DA:46,0
DA:48,152
DA:49,190
DA:51,38
DA:52,76
DA:53,152
DA:54,114
DA:56,38
DA:57,38
DA:58,38
DA:59,228
DA:60,266
DA:61,76
DA:62,76
DA:64,228
DA:66,38
DA:76,76
DA:77,38
DA:78,38
DA:79,38
DA:81,38
DA:93,38
DA:94,38
DA:95,38
DA:96,38
DA:97,38
DA:98,76
DA:99,38
DA:100,38
DA:101,76
DA:102,38
DA:103,38
DA:104,76
DA:105,38
DA:106,38
DA:108,0
DA:109,0
DA:111,0
DA:113,0
DA:114,0
DA:115,0
DA:116,0
DA:117,0
DA:118,0
DA:119,0
DA:121,0
DA:122,0
DA:123,0
DA:124,0
DA:136,0
DA:149,0
DA:150,0
DA:161,0
DA:168,9961
DA:169,9961
DA:183,6423
DA:188,847
DA:206,1
DA:207,1
DA:222,1956
DA:229,1956
DA:245,5
DA:252,5
DA:268,1962
DA:277,1962
DA:321,1
DA:330,1
DA:358,0
DA:367,0
DA:395,0
DA:405,0
DA:435,0
DA:446,0
DA:478,1
DA:486,1
DA:530,4092
DA:544,4092
DA:582,1215
DA:596,1215
DA:649,728
DA:658,728
LF:96
LH:67
end_of_record
TN:
SF:src/integrand/custom_fun.jl
DA:41,45
DA:46,43
DA:48,139
DA:49,1540564
DA:50,264
DA:51,0
DA:53,389
DA:72,147
DA:73,137
DA:74,150
DA:85,5
DA:86,189
DA:87,189
DA:98,169
DA:99,165
DA:100,169
DA:101,8
DA:102,8
DA:104,165
DA:114,15
DA:115,232
DA:116,252
LF:22
LH:21
end_of_record
TN:
SF:src/integrand/financial_option.jl
DA:70,498
DA:85,996
DA:98,498
DA:99,0
DA:102,498
DA:103,9
DA:104,9
DA:105,9
DA:107,489
DA:108,489
DA:109,489
DA:111,498
DA:113,498
DA:114,498
DA:119,498
DA:121,498
DA:122,1
DA:124,1
DA:128,498
DA:129,498
DA:130,498
DA:132,0
DA:135,498
DA:137,498
DA:171,85402182
DA:172,85402182
DA:173,85402182
DA:175,85402182
DA:176,100000
DA:177,100000
DA:178,85302182
DA:179,85102182
DA:180,3140444
DA:182,83531960
DA:184,85102182
DA:185,200000
DA:186,100000
DA:187,100000
DA:189,0
DA:191,100000
DA:192,0
DA:193,0
DA:194,0
DA:195,100000
DA:196,100000
DA:198,0
DA:200,85402182
DA:203,100000
DA:204,100000
DA:205,100000
DA:206,100000
DA:207,100000
DA:210,100000
DA:211,2200583
DA:213,0
DA:217,100000
DA:218,100000
DA:219,73573
DA:223,26427
DA:226,2337
DA:227,2337
DA:228,2337
DA:229,2337
DA:234,2337
DA:235,15
DA:236,15
DA:237,15
DA:238,15
DA:240,0
DA:250,2322
DA:251,51
DA:252,51
DA:253,4797393
DA:254,51
DA:255,51
DA:256,716
DA:257,65117812
DA:259,1381
DA:260,51
DA:262,0
DA:263,0
DA:264,0
DA:266,0
DA:267,0
DA:269,51
DA:270,51
DA:272,0
DA:278,2271
DA:279,0
DA:280,0
DA:281,0
DA:282,0
DA:284,0
DA:291,2271
DA:292,0
DA:293,0
DA:294,0
DA:295,0
DA:296,0
DA:297,0
DA:299,0
DA:300,0
DA:301,0
DA:303,0
DA:304,0
DA:305,0
DA:307,0
DA:308,0
DA:309,0
DA:315,2271
DA:316,0
DA:317,0
DA:318,0
DA:319,0
DA:320,0
DA:321,0
DA:322,0
DA:323,0
DA:324,0
DA:326,0
DA:328,0
DA:329,0
DA:330,0
DA:332,0
DA:334,0
DA:335,0
DA:336,0
DA:338,0
DA:342,2271
DA:343,2271
DA:344,2271
DA:347,0
DA:348,0
DA:349,0
DA:354,2271
DA:355,2271
DA:356,2271
DA:357,2271
DA:358,2271
DA:359,2271
DA:360,2271
DA:361,85402182
DA:362,1087635064
DA:363,2089867946
DA:364,85402182
DA:365,85402182
DA:367,2271
DA:379,9
DA:380,9
DA:381,9
DA:382,9
DA:383,9
DA:384,9
DA:385,9
DA:386,9
DA:397,9
DA:398,9
DA:399,9
DA:400,9
DA:401,9
DA:402,9
DA:403,9
DA:405,9
DA:406,4
DA:407,4
DA:409,5
DA:411,5
DA:412,5
DA:413,5
DA:414,5
DA:415,5
DA:416,5
DA:417,0
DA:421,0
DA:422,0
DA:423,0
DA:424,0
DA:425,0
DA:426,0
DA:428,0
LF:180
LH:116
end_of_record
TN:
SF:src/integrand/financial_option_ml.jl
DA:53,5
DA:66,5
DA:67,5
DA:68,5
DA:69,5
DA:74,5
DA:134,5
DA:145,5
DA:146,5
DA:147,5
DA:148,5
DA:149,5
DA:150,5
DA:165,743
DA:167,189
DA:170,689
DA:202,3684763
DA:203,3684763
DA:204,3684763
DA:205,4191994
DA:206,3684763
DA:207,0
DA:208,0
DA:209,0
DA:210,0
DA:211,0
DA:213,0
DA:215,0
DA:218,0
DA:219,0
DA:220,0
DA:223,0
DA:224,0
DA:225,0
DA:226,0
DA:227,0
DA:228,0
DA:229,0
DA:235,4191994
DA:236,4191994
DA:237,4191994
DA:239,4191994
DA:240,0
DA:241,0
DA:242,4191994
DA:243,4191994
DA:244,4191994
DA:246,0
DA:248,4191994
DA:249,0
DA:250,0
DA:251,0
DA:253,0
DA:255,0
DA:256,0
DA:257,0
DA:258,0
DA:260,0
DA:264,689
DA:265,689
DA:266,689
DA:267,689
DA:268,689
DA:269,689
DA:271,3684763
DA:272,3684763
DA:274,689
DA:275,3684763
DA:276,4191994
DA:277,3684763
DA:279,3684763
DA:280,507231
DA:282,7368837
DA:284,689
LF:74
LH:45
end_of_record
TN:
SF:src/integrand/genz.jl
DA:46,38
DA:56,76
DA:62,38
DA:63,38
DA:64,38
DA:65,38
DA:66,38
DA:67,38
DA:68,38
DA:71,162
DA:72,162
DA:73,162
DA:74,162
DA:75,162
DA:77,162
DA:80,270
DA:81,270
DA:83,27
DA:88,0
DA:89,0
DA:90,0
DA:91,0
DA:92,0
DA:93,0
DA:95,0
DA:97,27
DA:100,67111493
DA:101,20
DA:102,80
DA:103,80
DA:104,268445972
DA:106,140
DA:107,20
DA:109,7
DA:112,0
DA:113,0
DA:114,0
DA:115,0
DA:116,0
DA:117,0
DA:119,0
DA:120,0
DA:122,7
DA:125,3840
DA:126,7
DA:127,33
DA:128,33
DA:129,33
DA:130,18688
DA:132,59
DA:133,7
DA:135,0
DA:139,0
DA:140,0
DA:141,0
DA:142,0
DA:143,0
DA:144,0
DA:145,0
DA:146,0
DA:147,0
DA:148,0
DA:150,0
DA:153,0
DA:154,0
DA:155,0
DA:156,0
DA:157,0
DA:160,162
DA:168,1
DA:169,1
DA:170,1
DA:171,1
DA:173,1
DA:176,0
DA:177,0
DA:178,0
DA:179,0
DA:180,0
DA:181,0
DA:183,0
DA:184,0
DA:186,1
DA:187,0
DA:188,0
DA:189,0
DA:190,0
DA:191,0
DA:193,1
DA:198,0
DA:199,0
DA:200,0
DA:201,0
DA:202,0
DA:203,0
DA:204,0
DA:205,0
DA:206,0
DA:207,0
DA:209,0
DA:210,0
DA:211,0
DA:212,0
DA:213,0
DA:214,0
DA:215,0
DA:216,0
DA:218,1
DA:219,0
DA:220,0
DA:221,0
DA:222,0
DA:223,0
DA:224,0
DA:226,0
DA:227,0
DA:228,0
DA:230,1
DA:231,1
DA:232,1
DA:233,5
DA:234,5
DA:235,5
DA:236,0
DA:238,5
DA:240,9
DA:241,1
DA:243,0
DA:244,0
DA:245,0
DA:246,0
DA:247,0
DA:248,0
DA:249,0
DA:251,0
DA:253,0
DA:254,0
LF:137
LH:54
end_of_record
TN:
SF:src/integrand/ishigami.jl
DA:47,1
DA:53,1
DA:54,1
DA:55,1
DA:56,1
DA:59,6
DA:60,6
DA:61,6
DA:62,6
DA:63,6
DA:64,6
DA:65,24576
DA:66,24576
DA:67,24576
DA:68,24576
DA:69,49146
DA:70,6
DA:106,2
DA:107,1
DA:108,1
DA:109,1
DA:110,2
DA:111,2
DA:112,1
LF:24
LH:24
end_of_record
TN:
SF:src/integrand/keister.jl
DA:29,190
DA:33,190
DA:35,265
DA:36,265
DA:39,530
DA:40,265
DA:56,35
DA:57,35
DA:58,35
DA:59,35
DA:60,35
DA:61,35
DA:62,35
DA:63,35
DA:64,457
DA:65,457
DA:66,457
DA:67,35
DA:69,422
DA:70,844
DA:71,0
LF:21
LH:20
end_of_record
TN:
SF:src/integrand/ml_integrand.jl
DA:73,44
DA:82,15
DA:83,30
DA:84,15
DA:85,0
DA:90,0
DA:91,0
DA:92,0
DA:93,0
DA:94,0
DA:107,15
DA:117,44
DA:118,22
DA:119,22
DA:120,24
DA:134,10
DA:160,33
DA:197,48
DA:235,147
DA:242,147
DA:243,147
DA:244,0
DA:245,0
DA:247,147
DA:248,147
DA:249,294
DA:250,147
DA:251,147
LF:28
LH:20
end_of_record
TN:
SF:src/integrand/sensitivity_indices.jl
DA:56,2
DA:64,39
DA:65,0
DA:67,39
DA:70,4
DA:71,2
DA:72,2
DA:74,2
DA:75,6
DA:76,0
DA:78,0
DA:79,0
DA:80,0
DA:81,0
DA:82,0
DA:83,0
DA:84,0
DA:85,0
DA:86,0
DA:87,0
DA:88,0
DA:90,0
DA:92,0
DA:96,2
DA:97,2
DA:100,2
DA:101,2
DA:102,2
DA:103,2
DA:106,2
DA:107,2
DA:110,2
DA:111,2
DA:114,2
DA:115,4
DA:117,2
DA:120,6
DA:121,18
DA:122,6
DA:124,12
DA:126,30
DA:127,6
DA:129,6
DA:130,61440
DA:131,61440
DA:132,61440
DA:133,122874
DA:134,10
DA:136,2
DA:145,2
DA:146,2
DA:147,2
DA:150,2
DA:151,2
DA:152,2
DA:153,2
DA:154,3
DA:155,2
DA:157,2
DA:158,2
DA:160,2
DA:161,6
DA:162,6
DA:163,10
DA:165,2
DA:169,1
DA:170,1
LF:67
LH:52
end_of_record
TN:
SF:src/kernel/dig_shift_invariant.jl
DA:30,2
DA:33,2
DA:34,2
DA:35,2
DA:43,6528
DA:44,3264
DA:45,3264
DA:46,3264
DA:47,3264
DA:66,6528
DA:67,3264
DA:68,6
DA:70,3258
DA:71,3258
DA:73,3258
DA:74,3258
DA:75,28614
DA:76,28614
DA:77,28614
DA:80,28614
DA:81,31872
DA:83,28614
DA:84,3258
DA:86,25356
DA:87,3258
DA:96,2
DA:97,2
DA:98,2
DA:100,1088
DA:102,2
DA:103,6
DA:104,6
DA:105,3264
DA:106,3264
DA:107,6522
DA:108,10
DA:110,4
DA:111,2
LF:38
LH:38
end_of_record
TN:
SF:src/kernel/matern.jl
DA:78,1
DA:82,1
DA:83,1
DA:84,1
DA:85,1
DA:89,136
DA:90,136
DA:211,1
DA:212,1
DA:213,1
DA:214,1
DA:215,16
DA:216,17
DA:217,120
DA:218,120
DA:219,120
DA:220,120
DA:221,120
DA:222,120
DA:223,120
DA:224,120
DA:225,225
DA:226,31
DA:227,1
LF:24
LH:24
end_of_record
TN:
SF:src/kernel/shift_invariant.jl
DA:33,3
DA:36,3
DA:37,3
DA:38,3
DA:53,3456
DA:54,6903
DA:55,3456
DA:56,3456
DA:57,3456
DA:58,0
DA:59,3456
DA:60,3456
DA:63,0
DA:65,3456
DA:74,3
DA:75,3
DA:78,1152
DA:80,3
DA:81,9
DA:82,9
DA:83,3456
DA:84,3456
DA:85,6903
DA:86,15
DA:88,3
DA:89,3
LF:26
LH:24
end_of_record
TN:
SF:src/stopping_criterion/control_variates.jl
DA:30,6
DA:46,6
DA:51,567
DA:52,10
DA:55,6
DA:57,6
DA:60,10
DA:63,6
DA:69,6
DA:70,6
DA:71,6
DA:72,6
DA:73,10
DA:78,10
DA:83,10
DA:84,10
DA:85,6
DA:94,10
DA:95,10
DA:96,10
DA:97,10
DA:98,10
DA:99,15
DA:100,15
DA:105,15
DA:106,20
DA:107,10
DA:117,3
DA:118,6
DA:119,6
DA:120,3
DA:147,10
DA:153,10
DA:174,0
DA:181,11
DA:182,11
DA:183,11
DA:184,0
DA:185,0
DA:203,31
DA:209,31
DA:210,31
DA:211,31
DA:212,31
DA:213,31
DA:214,31
DA:215,31
DA:216,4060256
DA:217,4060256
DA:218,4060256
DA:219,7105696
DA:220,10151136
DA:221,8120481
DA:222,31
LF:54
LH:51
end_of_record
TN:
SF:src/stopping_criterion/cub_mc_clt.jl
DA:42,119
DA:53,122
DA:65,119
DA:66,119
DA:67,119
DA:68,119
DA:69,122
DA:82,238
DA:83,119
DA:84,119
DA:85,119
DA:86,119
DA:87,119
DA:90,119
DA:91,119
DA:92,119
DA:93,124
DA:95,3
DA:96,4
DA:97,3
DA:98,3
DA:99,3
DA:101,119
DA:102,119
DA:105,119
DA:106,119
DA:107,119
DA:108,0
DA:119,119
DA:120,119
DA:122,119
DA:123,0
DA:125,0
DA:132,137
DA:133,205
DA:134,198
DA:135,189
DA:137,9
DA:139,7
DA:140,9
DA:141,7
DA:142,7
DA:146,122
DA:147,119
DA:148,119
DA:153,119
DA:154,119
DA:155,119
DA:156,410
DA:157,86
DA:158,86
DA:159,90
DA:160,86
DA:161,86
DA:162,86
DA:163,86
DA:164,86
DA:165,86
DA:168,119
DA:170,119
DA:171,119
DA:173,119
DA:174,119
DA:175,0
DA:178,119
DA:179,0
DA:189,119
DA:202,119
DA:203,3
DA:205,119
DA:206,0
DA:208,119
LF:72
LH:66
end_of_record
TN:
SF:src/stopping_criterion/cub_mc_clt_vec.jl
DA:57,1
DA:66,1
DA:75,1
DA:76,1
DA:77,1
DA:78,1
DA:80,1
DA:83,2
DA:87,1
DA:88,0
DA:90,1
DA:91,1
DA:92,1
DA:93,1
DA:95,1
DA:96,1
DA:99,1
DA:100,0
DA:101,0
DA:102,0
DA:103,0
DA:104,0
DA:106,1
DA:107,1
DA:108,1
DA:109,1
DA:110,1
DA:113,1
DA:114,1
DA:116,13
DA:117,13
DA:118,13
DA:119,26
DA:121,26
DA:122,26
DA:123,13
DA:125,13
DA:126,13
DA:127,13
DA:128,13
DA:130,13
DA:132,13
DA:133,0
DA:143,13
DA:145,13
DA:146,13
DA:147,12
DA:149,1
DA:150,1
DA:158,1
DA:159,0
DA:162,1
LF:52
LH:44
end_of_record
TN:
SF:src/stopping_criterion/cub_mc_g.jl
DA:67,11
DA:80,22
DA:92,11
DA:93,11
DA:94,11
DA:95,11
DA:96,11
DA:98,11
DA:99,11
DA:102,11
DA:104,11
DA:129,11
DA:136,11
DA:137,22
DA:140,11
DA:143,11
DA:145,1111
DA:146,1100
DA:147,1100
DA:154,11
DA:155,11
DA:156,1100
DA:157,1100
DA:158,521
DA:160,579
DA:162,2189
DA:163,11
DA:165,11
DA:168,11
DA:169,11
DA:171,1111
DA:172,1100
DA:178,11
DA:179,11
DA:180,1100
DA:181,1100
DA:182,560
DA:184,540
DA:186,2189
DA:187,11
DA:189,11
DA:197,11
DA:198,11
DA:199,11
DA:200,22
DA:202,11
DA:204,1111
DA:205,1100
DA:212,11
DA:213,11
DA:214,1100
DA:215,1100
DA:216,1100
DA:218,0
DA:220,2189
DA:221,11
DA:222,11
DA:225,22
DA:226,11
DA:227,11
DA:228,11
DA:229,11
DA:230,11
DA:231,11
DA:232,11
DA:235,11
DA:236,11
DA:237,11
DA:238,0
DA:239,0
DA:240,0
DA:242,11
DA:243,22
DA:244,11
DA:245,11
DA:247,11
DA:249,11
DA:250,11
DA:251,11
DA:252,0
DA:261,11
DA:262,11
DA:264,11
DA:265,11
DA:266,11
DA:267,11
DA:269,0
DA:271,11
DA:272,11
DA:273,0
DA:284,0
DA:285,0
DA:286,0
DA:287,0
DA:288,0
DA:289,0
DA:290,0
DA:291,0
DA:301,0
DA:302,0
DA:303,0
DA:304,0
DA:308,0
DA:309,0
DA:311,0
DA:312,0
DA:313,0
DA:314,0
DA:315,0
DA:316,0
DA:319,0
DA:320,0
DA:321,0
DA:322,0
DA:323,0
DA:332,0
DA:335,11
DA:336,11
DA:343,11
DA:344,0
DA:346,11
DA:347,0
DA:350,11
LF:123
LH:88
end_of_record
TN:
SF:src/stopping_criterion/cub_mlmc.jl
DA:55,3
DA:68,6
DA:82,3
DA:83,3
DA:84,3
DA:85,3
DA:87,3
DA:88,3
DA:89,3
DA:92,3
DA:110,10
DA:125,3
DA:126,3
DA:127,3
DA:128,3
DA:146,71
DA:147,89
DA:148,18
DA:149,18
DA:150,18
DA:151,18
DA:152,18
DA:153,18
DA:154,18
DA:155,18
DA:160,9
DA:161,9
DA:162,9
DA:163,9
DA:164,9
DA:165,18
DA:166,9
DA:167,9
DA:168,9
DA:169,9
DA:175,31
DA:176,31
DA:177,151
DA:178,80
DA:180,71
DA:181,71
DA:182,71
DA:189,71
DA:190,71
DA:191,71
DA:192,71
DA:193,271
DA:194,31
DA:199,31
DA:200,31
DA:201,31
DA:202,151
DA:203,151
DA:204,151
DA:205,151
DA:207,151
DA:209,271
DA:212,31
DA:213,89
DA:215,89
DA:217,147
DA:220,31
DA:221,240
DA:222,120
DA:224,31
DA:225,62
DA:226,31
DA:227,31
DA:229,31
DA:230,62
DA:231,31
DA:232,31
DA:234,31
DA:235,62
DA:236,31
DA:237,31
DA:244,37
DA:245,37
DA:246,74
DA:247,74
DA:249,74
DA:250,74
DA:251,37
DA:252,37
DA:256,0
DA:262,12
DA:263,12
DA:264,12
DA:265,12
DA:266,12
DA:267,12
DA:268,33
DA:269,33
DA:270,54
DA:271,12
DA:275,0
DA:282,0
DA:283,0
DA:288,6
DA:289,3
DA:290,3
DA:291,3
DA:294,9
DA:295,3
DA:296,3
DA:297,0
DA:308,28
DA:310,28
DA:311,56
DA:314,56
DA:315,56
DA:316,0
DA:317,0
DA:321,28
DA:322,28
DA:323,0
DA:334,56
DA:336,12
DA:338,12
DA:340,9
DA:341,0
DA:342,0
DA:344,9
DA:346,9
DA:347,18
DA:348,9
DA:352,3
DA:355,25
DA:358,3
DA:362,6
DA:363,3
DA:365,6
DA:378,3
DA:379,0
DA:382,3
LF:135
LH:124
end_of_record
TN:
SF:src/stopping_criterion/cub_mlmc_cont.jl
DA:53,7
DA:69,14
DA:83,7
DA:84,7
DA:85,7
DA:86,7
DA:87,7
DA:89,7
DA:90,7
DA:91,7
DA:93,0
DA:96,7
DA:116,7
DA:117,7
DA:118,7
DA:119,7
DA:137,110
DA:138,110
DA:139,0
DA:142,110
DA:143,110
DA:144,110
DA:145,110
DA:146,110
DA:147,220
DA:148,110
DA:149,110
DA:150,110
DA:151,110
DA:155,55
DA:156,55
DA:157,55
DA:158,179
DA:159,179
DA:160,179
DA:162,303
DA:163,55
DA:166,55
DA:167,55
DA:168,55
DA:172,55
DA:176,55
DA:177,98
DA:182,55
DA:183,55
DA:184,110
DA:185,110
DA:186,110
DA:187,110
DA:188,55
DA:189,55
DA:194,50
DA:195,50
DA:198,155
DA:199,50
DA:200,155
DA:201,21
DA:203,260
DA:204,100
DA:205,7
DA:208,50
DA:209,105
DA:211,55
DA:212,24
DA:213,5
DA:214,5
DA:218,98
DA:221,55
DA:222,110
DA:225,110
DA:226,110
DA:227,0
DA:228,0
DA:232,110
DA:233,23
DA:237,55
DA:238,55
DA:239,5
DA:240,0
DA:241,0
DA:243,5
DA:246,55
DA:251,76
DA:252,102
DA:253,26
DA:254,26
DA:255,26
DA:256,26
DA:257,26
DA:258,26
DA:259,26
DA:260,26
DA:263,35
DA:264,35
DA:265,248
DA:266,48
DA:268,76
DA:269,76
DA:270,76
DA:277,76
DA:278,76
DA:279,76
DA:280,76
DA:281,213
DA:282,35
DA:285,35
DA:286,35
DA:287,35
DA:288,124
DA:289,124
DA:290,124
DA:291,124
DA:293,124
DA:295,213
DA:297,35
DA:298,54
DA:300,54
DA:302,73
DA:304,35
DA:305,178
DA:306,89
DA:307,35
DA:308,70
DA:309,35
DA:310,35
DA:312,35
DA:313,70
DA:314,35
DA:315,35
DA:317,35
DA:318,70
DA:319,35
DA:320,35
DA:325,5
DA:326,5
DA:327,5
DA:328,5
DA:329,5
DA:330,10
DA:331,5
DA:332,5
DA:333,5
DA:334,5
DA:340,14
DA:341,7
DA:342,7
DA:343,7
DA:346,7
DA:347,93
DA:348,50
DA:349,50
DA:350,0
DA:359,93
DA:362,7
DA:366,14
DA:367,7
DA:369,14
DA:382,7
DA:383,0
DA:386,7
LF:160
LH:152
end_of_record
TN:
SF:src/stopping_criterion/cub_mlqmc.jl
DA:48,2
DA:60,597
DA:61,0
DA:63,597
DA:66,4
DA:77,2
DA:78,2
DA:79,2
DA:80,2
DA:82,2
DA:83,4
DA:84,2
DA:85,4
DA:87,2
DA:88,2
DA:89,2
DA:91,0
DA:94,2
DA:109,2
DA:110,2
DA:111,2
DA:112,2
DA:127,40
DA:128,51
DA:129,11
DA:130,11
DA:131,11
DA:132,17
DA:133,11
DA:134,11
DA:135,11
DA:136,11
DA:139,5
DA:140,5
DA:141,5
DA:142,5
DA:143,5
DA:144,5
DA:145,5
DA:146,40
DA:147,5
DA:148,5
DA:149,5
DA:150,5
DA:154,36
DA:155,36
DA:156,36
DA:157,128
DA:158,88
DA:160,40
DA:162,69
DA:163,40
DA:165,40
DA:166,40
DA:168,320
DA:169,40
DA:170,320
DA:171,320
DA:172,320
DA:174,320
DA:175,320
DA:176,320
DA:177,600
DA:179,80
DA:180,40
DA:182,40
DA:183,40
DA:184,40
DA:185,40
DA:186,40
DA:187,40
DA:188,40
DA:189,220
DA:192,36
DA:193,36
DA:196,36
DA:197,36
DA:198,36
DA:199,0
DA:200,0
DA:202,36
DA:203,36
DA:204,36
DA:205,36
DA:206,36
DA:207,72
DA:208,36
DA:209,36
DA:210,36
DA:213,4
DA:214,2
DA:215,2
DA:216,2
DA:217,2
DA:219,2
DA:220,9
DA:221,7
DA:224,7
DA:225,7
DA:229,14
DA:230,36
DA:231,58
DA:232,29
DA:234,58
DA:235,58
DA:239,29
DA:240,0
DA:241,0
DA:242,0
DA:245,29
DA:246,29
DA:247,29
DA:249,58
DA:250,29
DA:252,7
DA:253,0
DA:254,0
DA:255,0
DA:264,0
DA:268,7
DA:269,7
DA:270,0
DA:279,7
DA:280,7
DA:281,5
DA:282,0
DA:283,0
DA:285,5
DA:288,7
DA:290,4
DA:291,4
DA:292,2
DA:294,4
DA:305,2
DA:306,0
DA:309,2
LF:136
LH:121
end_of_record
TN:
SF:src/stopping_criterion/cub_mlqmc_cont.jl
DA:56,7
DA:70,14
DA:84,7
DA:85,7
DA:86,7
DA:87,7
DA:88,7
DA:90,7
DA:91,9
DA:92,7
DA:94,7
DA:95,7
DA:96,7
DA:98,0
DA:101,7
DA:120,9
DA:133,7
DA:134,7
DA:135,7
DA:136,7
DA:151,61
DA:152,87
DA:153,26
DA:154,26
DA:155,26
DA:156,32
DA:157,26
DA:158,26
DA:159,26
DA:160,26
DA:163,5
DA:164,5
DA:165,5
DA:166,5
DA:167,5
DA:168,5
DA:169,5
DA:170,40
DA:171,5
DA:172,5
DA:173,5
DA:174,5
DA:180,90
DA:181,90
DA:182,90
DA:183,314
DA:184,253
DA:186,61
DA:189,96
DA:190,61
DA:192,61
DA:193,61
DA:196,488
DA:197,61
DA:198,488
DA:199,488
DA:201,488
DA:203,488
DA:204,488
DA:205,488
DA:206,915
DA:209,122
DA:210,61
DA:212,61
DA:213,61
DA:214,61
DA:215,61
DA:216,61
DA:217,61
DA:218,61
DA:219,538
DA:222,90
DA:225,90
DA:228,90
DA:229,90
DA:230,90
DA:231,0
DA:232,0
DA:234,90
DA:235,90
DA:236,90
DA:237,90
DA:238,90
DA:239,180
DA:240,90
DA:241,90
DA:242,90
DA:245,90
DA:246,90
DA:247,90
DA:248,0
DA:249,0
DA:251,90
DA:252,90
DA:253,90
DA:254,90
DA:255,90
DA:256,180
DA:257,90
DA:258,90
DA:259,90
DA:260,90
DA:263,145
DA:266,55
DA:269,55
DA:273,50
DA:274,50
DA:275,105
DA:277,55
DA:278,55
DA:281,90
DA:283,70
DA:284,35
DA:287,70
DA:291,70
DA:292,35
DA:293,0
DA:294,0
DA:297,35
DA:298,35
DA:299,35
DA:302,55
DA:303,55
DA:304,5
DA:305,0
DA:306,0
DA:308,5
DA:311,55
DA:316,14
DA:317,7
DA:318,7
DA:319,7
DA:322,7
DA:323,93
DA:324,50
DA:325,50
DA:326,0
DA:335,93
DA:338,14
DA:339,14
DA:340,7
DA:342,14
DA:353,7
DA:354,0
DA:357,7
LF:145
LH:134
end_of_record
TN:
SF:src/stopping_criterion/cub_qmc_bayes_lattice_g.jl
DA:73,6
DA:85,12
DA:97,6
DA:98,6
DA:99,6
DA:100,6
DA:101,6
DA:102,6
DA:124,344
DA:125,344
DA:126,344
DA:127,688
DA:129,344
DA:130,0
DA:131,344
DA:132,781912
DA:134,688
DA:135,0
DA:140,344
DA:141,344
DA:142,781568
DA:143,782901
DA:146,688
DA:147,688
DA:148,344
DA:149,1333
DA:150,1333
DA:151,2666
DA:152,2666
DA:153,2365
DA:155,688
DA:156,344
DA:158,344
DA:159,688
DA:160,344
DA:162,344
DA:167,344
DA:174,344
DA:175,344
DA:177,344
DA:180,132096
DA:181,344
DA:182,132096
DA:183,132096
DA:185,263848
DA:187,344
DA:188,0
DA:189,0
DA:190,0
DA:191,0
DA:192,0
DA:193,0
DA:197,688
DA:198,688
DA:199,344
DA:200,344
DA:201,344
DA:204,344
DA:209,8
DA:210,8
DA:213,8
DA:214,8
DA:215,168
DA:216,168
DA:217,94
DA:218,94
DA:220,328
DA:221,8
DA:222,16
DA:223,168
DA:224,168
DA:225,41
DA:226,41
DA:228,328
DA:230,8
DA:232,8
DA:233,0
DA:235,16
DA:238,8
DA:239,0
DA:241,16
DA:246,8
DA:247,8
DA:352,12
DA:353,6
DA:354,0
DA:356,6
DA:357,6
DA:358,0
DA:361,0
DA:363,6
DA:365,6
DA:366,6
DA:367,6
DA:368,6
DA:369,6
DA:370,6
DA:371,6
DA:373,8
DA:374,8
DA:375,8
DA:379,8
DA:380,8
DA:381,16
DA:383,8
DA:385,8
DA:388,8
DA:389,8
DA:390,1
DA:392,8
DA:394,2
DA:395,0
DA:396,2
DA:397,2
DA:399,6
DA:410,6
DA:411,1
DA:413,6
LF:118
LH:104
end_of_record
TN:
SF:src/stopping_criterion/cub_qmc_bayes_net_g.jl
DA:33,4
DA:45,8
DA:57,4
DA:58,4
DA:59,4
DA:60,4
DA:61,4
DA:62,4
DA:82,473
DA:83,473
DA:84,473
DA:85,473
DA:86,946
DA:88,473
DA:89,0
DA:90,473
DA:91,3677145
DA:93,946
DA:94,0
DA:99,473
DA:100,473
DA:101,473
DA:102,473
DA:103,1849
DA:104,1849
DA:105,3676672
DA:106,3676672
DA:107,3676672
DA:108,7351495
DA:109,3225
DA:112,946
DA:113,946
DA:114,473
DA:115,2752
DA:116,2752
DA:117,2322
DA:119,946
DA:120,473
DA:123,946
DA:124,946
DA:125,473
DA:127,473
DA:132,473
DA:139,473
DA:140,473
DA:142,473
DA:144,770560
DA:145,473
DA:146,770560
DA:147,1540647
DA:149,473
DA:150,0
DA:151,0
DA:152,0
DA:153,0
DA:154,0
DA:155,0
DA:159,946
DA:160,946
DA:161,473
DA:162,473
DA:163,473
DA:166,473
DA:171,11
DA:172,11
DA:174,11
DA:175,11
DA:176,231
DA:177,231
DA:178,451
DA:179,11
DA:180,22
DA:181,231
DA:182,231
DA:183,451
DA:185,11
DA:187,11
DA:189,22
DA:195,11
DA:200,8
DA:201,4
DA:202,4
DA:203,0
DA:206,0
DA:208,4
DA:210,4
DA:211,4
DA:212,4
DA:213,4
DA:214,4
DA:215,4
DA:216,4
DA:218,11
DA:219,11
DA:220,11
DA:222,11
DA:223,11
DA:224,22
DA:227,22
DA:229,11
DA:231,11
DA:232,11
DA:233,0
DA:235,11
DA:237,7
DA:238,0
DA:239,7
DA:240,7
DA:242,4
DA:253,4
DA:254,0
DA:256,4
LF:112
LH:99
end_of_record
TN:
SF:src/stopping_criterion/cub_qmc_lattice_g.jl
DA:76,228
DA:88,228
DA:101,228
DA:102,228
DA:130,1261
DA:138,1261
DA:139,2522
DA:140,5856
DA:141,5856
DA:143,5856
DA:144,36733476
DA:145,36733476
DA:146,36733476
DA:147,73461096
DA:149,5856
DA:150,36733476
DA:151,11653223
DA:152,31101702
DA:153,19448479
DA:154,19448479
DA:155,19448479
DA:156,19448479
DA:157,19448479
DA:158,73461096
DA:159,5856
DA:185,228
DA:189,228
DA:190,10
DA:191,10
DA:192,10
DA:194,218
DA:195,218
DA:198,228
DA:199,228
DA:200,228
DA:201,228
DA:202,228
DA:204,228
DA:205,228
DA:206,228
DA:207,228
DA:209,228
DA:212,228
DA:213,228
DA:214,228
DA:216,1262
DA:217,1262
DA:220,1262
DA:221,1034
DA:222,2068
DA:224,1262
DA:225,1261
DA:226,1261
DA:227,1489
DA:229,1282
DA:230,1294
DA:231,1261
DA:233,1273
DA:234,2510
DA:236,1261
DA:238,77738
DA:239,238
DA:240,228
DA:243,1033
DA:244,2064
DA:245,1035
DA:246,1033
DA:247,1033
DA:249,1261
DA:251,1261
DA:252,2522
DA:253,1261
DA:254,1261
DA:255,1221511
DA:256,2441761
DA:257,1261
DA:258,1261
DA:259,1261
DA:261,1261
DA:262,118
DA:265,1261
DA:266,1261
DA:267,1034
DA:268,1034
DA:270,227
DA:272,227
DA:273,227
DA:283,227
DA:284,26
DA:286,227
DA:569,247
DA:571,456
DA:573,228
DA:574,0
DA:578,228
DA:579,228
DA:586,0
DA:590,0
DA:591,0
DA:593,0
DA:594,0
DA:595,0
DA:596,0
DA:598,0
DA:599,0
DA:602,0
DA:603,0
DA:604,0
DA:605,0
DA:606,0
DA:607,0
DA:608,0
DA:609,0
DA:611,0
DA:612,0
DA:613,0
DA:614,0
DA:615,0
DA:616,0
DA:617,0
DA:620,0
DA:621,0
DA:622,0
DA:624,0
DA:625,0
DA:626,0
DA:627,0
DA:628,0
DA:629,0
DA:632,0
DA:633,0
DA:634,0
DA:635,0
DA:636,0
DA:637,0
DA:638,0
DA:639,0
DA:640,0
DA:641,0
DA:642,0
DA:643,0
DA:644,0
DA:646,0
DA:647,0
DA:648,0
DA:649,0
DA:650,0
DA:651,0
DA:652,0
DA:653,0
DA:654,0
DA:656,0
DA:657,0
DA:659,0
DA:660,0
DA:661,0
DA:662,0
DA:664,0
DA:665,0
DA:675,0
DA:676,0
DA:677,0
DA:679,0
DA:680,0
DA:681,0
DA:684,0
DA:685,0
DA:686,0
DA:696,0
DA:697,0
DA:699,0
DA:700,0
DA:702,0
LF:173
LH:95
end_of_record
TN:
SF:src/stopping_criterion/cub_qmc_net_g.jl
DA:77,209
DA:87,418
DA:98,209
DA:99,209
DA:100,209
DA:103,209
DA:106,209
DA:107,209
DA:108,209
DA:109,0
DA:110,0
DA:112,209
DA:113,209
DA:254,418
DA:255,209
DA:256,0
DA:258,209
DA:259,209
DA:260,209
DA:262,209
DA:263,209
DA:264,209
DA:265,209
DA:267,209
DA:268,209
DA:269,209
DA:270,209
DA:271,209
DA:272,209
DA:273,209
DA:275,1071
DA:276,1071
DA:277,1071
DA:280,1071
DA:281,1071
DA:282,0
DA:283,0
DA:285,1071
DA:288,1071
DA:289,1071
DA:290,101550336
DA:292,1071
DA:297,1071
DA:298,31
DA:299,31
DA:300,31
DA:302,31
DA:303,4191232
DA:304,4191232
DA:305,7334912
DA:306,10478592
DA:307,4191232
DA:308,8382433
DA:309,4191232
DA:310,31
DA:311,31
DA:312,52
DA:313,73
DA:314,31
DA:317,1071
DA:318,2142
DA:319,1071
DA:320,1071
DA:321,3173448
DA:322,6345825
DA:323,1071
DA:325,1071
DA:326,1071
DA:327,1071
DA:328,0
DA:331,1071
DA:334,862
DA:335,862
DA:337,209
DA:338,209
DA:339,0
DA:342,209
DA:343,209
DA:344,209
DA:354,209
DA:355,3
DA:357,209
DA:358,0
DA:360,209
LF:84
LH:76
end_of_record
TN:
SF:src/stopping_criterion/cub_qmc_net_g_rep.jl
DA:34,1
DA:44,1
DA:54,1
DA:66,2
DA:67,1
DA:68,1
DA:70,1
DA:71,0
DA:72,0
DA:73,0
DA:75,1
DA:76,1
DA:79,1
DA:80,1
DA:81,1
DA:82,1
DA:83,1
DA:84,1
DA:85,1
DA:86,1
DA:87,1
DA:89,3
DA:90,3
DA:94,3
DA:95,3
DA:96,30
DA:97,30
DA:99,57
DA:107,3
DA:108,60
DA:109,30
DA:112,3
DA:113,6
DA:114,3
DA:115,3
DA:117,3
DA:118,0
DA:128,3
DA:129,2
DA:130,2
DA:132,1
DA:133,1
DA:134,0
DA:137,1
DA:138,1
DA:139,1
DA:149,1
DA:150,0
DA:152,1
LF:49
LH:43
end_of_record
TN:
SF:src/stopping_criterion/cub_qmc_rep_student_t.jl
DA:56,4
DA:67,8
DA:79,4
DA:80,4
DA:81,4
DA:82,4
DA:83,4
DA:84,4
DA:99,30
DA:100,30
DA:102,0
DA:106,8
DA:107,4
DA:108,4
DA:109,4
DA:111,4
DA:114,4
DA:115,0
DA:116,0
DA:117,0
DA:119,4
DA:120,4
DA:123,4
DA:124,4
DA:125,4
DA:126,4
DA:127,4
DA:128,4
DA:132,72
DA:133,4
DA:135,30
DA:136,30
DA:140,30
DA:141,30
DA:142,30
DA:144,60
DA:145,60
DA:146,44
DA:147,44
DA:148,30
DA:151,60
DA:152,30
DA:153,60
DA:154,30
DA:156,30
DA:158,30
DA:159,0
DA:169,30
DA:170,4
DA:171,4
DA:174,26
DA:175,0
DA:177,0
DA:180,26
DA:181,26
DA:183,4
DA:184,8
DA:185,4
DA:186,8
DA:188,4
DA:202,4
DA:203,0
DA:205,4
LF:63
LH:55
end_of_record
TN:
SF:src/true_measure/acceptance_rejection.jl
DA:55,162
DA:63,162
DA:73,162
DA:74,0
DA:76,162
DA:77,0
DA:83,162
DA:84,0
DA:87,162
DA:88,162
DA:89,162
DA:90,162
DA:92,162
DA:93,162
DA:94,655104
DA:97,162
DA:110,164
DA:111,164
DA:112,164
DA:113,164
DA:119,164
DA:120,164
DA:121,164
DA:122,164
DA:124,655104
DA:126,655104
DA:129,655104
DA:130,655104
DA:131,327677
DA:132,327677
DA:133,327677
DA:134,327677
DA:136,1310044
DA:138,164
DA:141,164
DA:145,0
DA:146,0
DA:147,0
DA:148,0
DA:149,0
DA:150,0
DA:154,1
DA:232,1
DA:243,2
DA:252,1
DA:253,1
DA:254,1
DA:260,1
DA:261,1
DA:262,1
DA:263,2
DA:264,1
DA:288,1
DA:289,1
DA:290,1
DA:291,1
DA:292,1
DA:296,1
DA:297,1
DA:298,1
DA:299,1
DA:300,4096
DA:301,2048
DA:303,1
DA:308,1
DA:309,1
DA:310,1
DA:311,2048
DA:312,2048
DA:313,4096
DA:314,1008
DA:316,4095
DA:318,1
DA:319,1
DA:323,0
DA:324,0
DA:325,0
DA:326,0
DA:327,0
DA:328,0
DA:332,1
LF:81
LH:66
end_of_record
TN:
SF:src/true_measure/bernoulli_cont.jl
DA:35,2
DA:40,4
DA:41,2
DA:42,2
DA:43,2
DA:44,2
DA:48,1310720
DA:49,0
DA:51,1310720
DA:52,1310720
DA:55,2
DA:56,2
DA:57,2
DA:58,2
DA:59,2
DA:60,1310720
DA:61,2621438
DA:62,2
DA:63,2
LF:19
LH:18
end_of_record
TN:
SF:src/true_measure/brownian_motion.jl
DA:41,583
DA:50,994
DA:59,497
DA:60,497
DA:61,497
DA:62,0
DA:64,497
DA:65,0
DA:66,0
DA:68,0
DA:69,0
DA:70,497
DA:71,7
DA:72,7
DA:74,490
DA:78,994
DA:81,497
DA:82,497
DA:94,497
DA:95,497
DA:96,497
DA:97,497
DA:98,7462
DA:99,390770
DA:100,774078
DA:101,14427
DA:102,497
DA:105,2902
DA:107,2902
DA:109,5803
DA:110,4
DA:112,2902
DA:117,182
DA:118,182
DA:119,364
DA:120,0
DA:122,182
LF:37
LH:31
end_of_record
TN:
SF:src/true_measure/distributions_wrapper.jl
DA:40,3
DA:45,3
DA:50,3
DA:51,3
DA:52,0
DA:53,3
DA:54,3
DA:57,6
DA:59,0
DA:62,3
DA:65,5
DA:66,5
DA:67,5
DA:68,5
DA:69,29
DA:70,29
DA:72,53760
DA:73,26880
DA:74,53731
DA:75,53
DA:76,5
LF:21
LH:19
end_of_record
TN:
SF:src/true_measure/gaussian.jl
DA:44,846
DA:55,1692
DA:61,846
DA:62,14720
DA:63,846
DA:64,846
DA:66,846
DA:70,846
DA:71,846
DA:74,10
DA:75,846
DA:76,14710
DA:78,10
DA:81,10
DA:85,592
DA:86,846
DA:87,254
DA:88,592
DA:89,1
DA:94,1
DA:95,591
DA:96,591
DA:98,591
DA:100,0
DA:112,846
DA:113,846
DA:114,844
DA:115,844
DA:118,844
DA:119,14737
DA:120,6112
DA:122,28630
DA:124,844
DA:125,844
DA:126,844
DA:128,1688
DA:129,1688
DA:130,844
DA:132,2
DA:133,2
DA:137,3597
DA:141,3597
DA:142,3597
DA:144,6330
DA:146,3165
DA:147,6330
DA:148,3165
DA:158,432
DA:159,432
DA:160,432
DA:168,189
DA:170,7
DA:171,7
DA:172,7
DA:174,182
DA:175,364
DA:176,182
LF:57
LH:56
end_of_record
TN:
SF:src/true_measure/geometric_brownian_motion.jl
DA:33,86
DA:42,172
DA:53,86
DA:54,0
DA:56,86
DA:57,0
DA:59,86
DA:60,0
DA:62,86
DA:63,0
DA:66,86
DA:67,86
DA:68,86
DA:71,86
DA:72,86
DA:74,86
DA:76,86
DA:77,86
DA:80,86
DA:81,86
DA:82,1576824
DA:83,1582734
DA:85,86
DA:86,86
DA:88,86
DA:91,802
DA:92,802
DA:93,802
DA:94,802
DA:95,802
DA:96,802
DA:97,18158
DA:98,18158
DA:99,124969888
DA:101,35514
DA:102,802
DA:107,3
DA:108,3
DA:109,3
DA:110,3
DA:111,3
DA:112,3
DA:113,60
DA:114,60
DA:115,14822152
DA:117,117
DA:118,3
DA:121,1
DA:122,1
LF:49
LH:45
end_of_record
TN:
SF:src/true_measure/johnsons_su.jl
DA:39,2
DA:47,4
DA:48,2
DA:49,2
DA:50,2
DA:51,2
DA:52,2
DA:53,2
DA:54,2
DA:55,2
DA:58,2
DA:64,2
DA:65,2
DA:66,2
DA:67,2
DA:68,4
DA:69,2
LF:17
LH:17
end_of_record
TN:
SF:src/true_measure/kumaraswamy.jl
DA:35,4
DA:41,8
DA:42,4
DA:43,4
DA:44,4
DA:45,4
DA:46,4
DA:47,4
DA:50,4
DA:51,4
DA:52,4
DA:53,4
DA:54,4
DA:55,4
DA:56,4
DA:57,1835008
DA:58,3670012
DA:59,4
DA:60,4
LF:19
LH:19
end_of_record
TN:
SF:src/true_measure/lebesgue.jl
DA:34,3
DA:41,6
DA:42,3
DA:43,3
DA:44,3
DA:45,3
DA:47,6
DA:48,3
DA:51,14
DA:53,28
DA:54,14
LF:11
LH:11
end_of_record
TN:
SF:src/true_measure/student_t.jl
DA:37,3
DA:44,6
DA:45,3
DA:46,3
DA:47,3
DA:48,3
DA:49,3
DA:50,3
DA:51,3
DA:52,3
DA:53,6
DA:54,3
DA:60,20000
DA:61,10000
DA:86,1
DA:87,1
DA:88,1
DA:89,1
DA:90,10000
DA:92,1
DA:93,1
DA:108,2
DA:113,2
DA:114,2
DA:115,2
DA:116,2
DA:117,20000
DA:118,39998
DA:119,2
DA:120,2
DA:140,3
DA:141,3
DA:142,3
DA:143,3
DA:144,3
DA:174,1
DA:190,2
LF:37
LH:37
end_of_record
TN:
SF:src/true_measure/triangular.jl
DA:32,2
DA:39,4
DA:40,2
DA:41,2
DA:42,2
DA:43,2
DA:44,2
DA:45,2
DA:46,2
DA:51,20000
DA:52,20000
DA:53,13352
DA:55,6648
DA:59,2
DA:60,2
DA:61,2
DA:62,2
DA:63,2
DA:64,20000
DA:65,39998
DA:66,2
DA:67,2
LF:22
LH:22
end_of_record
TN:
SF:src/true_measure/uniform.jl
DA:43,55
DA:49,110
DA:50,55
DA:51,210
DA:52,210
DA:53,55
DA:55,55
DA:59,10
DA:60,116
DA:61,416
DA:63,10
DA:66,10
DA:70,310
DA:72,620
DA:73,310
DA:84,1
LF:16
LH:16
end_of_record
TN:
SF:src/true_measure/uniform_triangle.jl
DA:28,1
DA:29,1
DA:30,1
DA:34,1
DA:35,4096
DA:36,4096
DA:38,1
DA:39,1
DA:40,1
DA:41,1
LF:10
LH:10
end_of_record
TN:
SF:src/true_measure/zero_inflated_exp_uniform.jl
DA:31,1
DA:38,1
DA:45,1
DA:46,1
DA:47,1
DA:48,1
DA:49,1
DA:54,1
DA:55,1
DA:56,4096
DA:57,4096
DA:59,4096
DA:60,1
DA:61,1
DA:63,1
DA:64,4096
DA:65,1229
DA:66,2867
DA:68,1433
DA:71,1434
DA:73,8191
DA:74,1
LF:22
LH:22
end_of_record
TN:
SF:src/util/bernoulli.jl
DA:41,0
DA:42,0
DA:43,0
DA:44,0
DA:45,0
DA:46,0
DA:47,0
DA:48,0
DA:49,0
DA:50,0
DA:51,0
DA:52,0
DA:53,0
DA:54,0
DA:55,0
DA:57,0
LF:16
LH:0
end_of_record
TN:
SF:src/util/bro_fft.jl
DA:36,4
DA:37,1265
DA:38,1265
DA:40,1265
DA:41,1265
DA:49,4
DA:50,4
DA:51,4
DA:54,1269
DA:55,1269
DA:56,1269
DA:57,1269
DA:58,1269
DA:59,673543296
DA:60,39173152
DA:61,78345035
DA:62,1269
DA:66,39173152
DA:67,39173152
DA:68,673543296
DA:69,673543296
DA:70,1307913440
DA:71,39173152
LF:23
LH:23
end_of_record
TN:
SF:src/util/diagnostics.jl
DA:40,602
DA:49,602
DA:52,17
DA:55,18
DA:57,19
DA:58,6
DA:59,33
DA:60,3
DA:61,6
DA:64,119
DA:72,119
DA:73,119
DA:81,119
DA:82,119
DA:90,17
DA:93,6
DA:241,36
DA:270,72
DA:277,72
DA:278,36
DA:279,0
DA:281,0
DA:283,36
DA:284,36
DA:286,72
DA:288,36
DA:289,190
DA:291,185
DA:294,72
DA:296,36
DA:298,36
DA:299,36
DA:300,36
DA:399,6
DA:400,6
DA:401,6
DA:403,3
DA:407,3
DA:409,3
DA:410,3
DA:412,3
DA:413,3
DA:414,3
DA:415,1
DA:416,7
DA:420,7
DA:422,3
DA:423,3
DA:426,3
DA:427,3
DA:428,3
DA:429,3
DA:434,3
DA:435,6
DA:447,6
DA:450,3
DA:459,3
DA:478,2
DA:492,1
LF:59
LH:57
end_of_record
TN:
SF:src/util/fwht.jl
DA:36,1613
DA:37,1613
DA:38,1613
DA:39,1613
DA:40,19428
DA:41,35630
DA:42,109675283
DA:43,1193368576
DA:44,1193368576
DA:45,1193368576
DA:46,1193368576
DA:47,2277061869
DA:48,219332751
DA:49,17815
DA:50,17815
DA:51,1613
DA:60,4
DA:61,3226
DA:62,1613
DA:63,1613
DA:169,1123
DA:170,1123
DA:171,1123
DA:181,1123
DA:209,1102
DA:216,2204
DA:217,11739
DA:218,11739
DA:219,11739
DA:220,105727625
DA:221,105727625
DA:222,105727625
DA:223,52657063
DA:225,211443511
DA:226,11739
DA:227,21440
DA:228,29354448
DA:229,525075297
DA:230,525075297
DA:231,525075297
DA:232,525075297
DA:233,29354448
DA:234,22376
DA:235,1102
LF:44
LH:44
end_of_record
TN:
SF:src/util/periodization.jl
DA:57,19
DA:58,27
DA:59,11
DA:60,8
DA:61,5
DA:62,3
DA:63,0
DA:64,3
DA:65,0
DA:66,3
DA:67,0
DA:68,3
DA:69,3
DA:71,0
DA:85,19
DA:86,19
DA:87,19
DA:88,20992
DA:90,27
DA:91,14
DA:94,5
DA:95,5
DA:96,0
DA:97,0
DA:98,0
DA:99,0
DA:100,0
DA:101,0
DA:103,5
DA:109,5
DA:110,3840
DA:111,3850
DA:112,5
DA:115,3840
DA:116,0
DA:117,0
DA:118,0
DA:119,14336
DA:120,3840
DA:121,0
DA:122,0
DA:123,0
LF:42
LH:26
end_of_record
