TN:
SF:src/QuasiMC.jl
DA:106,41
LF:1
LH:1
end_of_record
TN:
SF:src/abstract_types.jl
DA:45,4
DA:51,3
DA:52,1
DA:54,1
DA:55,1
DA:57,3
DA:58,2
DA:60,1
DA:61,1
DA:63,2
DA:64,1
DA:65,1
DA:66,1
DA:67,0
DA:68,0
DA:70,0
DA:73,2
DA:83,2681440
DA:103,1696
DA:126,1056
DA:134,946
DA:144,2218
DA:152,842
DA:162,2
DA:166,5564
DA:167,5564
DA:169,5564
DA:200,0
DA:201,0
DA:202,0
DA:203,0
DA:209,0
DA:216,0
DA:245,462
DA:253,7
DA:270,8
DA:279,9
DA:292,4
DA:302,3
DA:303,6
DA:304,6
DA:305,3
DA:306,3
DA:307,3
DA:308,3
DA:309,3
DA:310,3
DA:311,6
DA:312,6
DA:313,6
DA:314,6
DA:315,6
DA:316,6
DA:317,6
DA:318,6
DA:319,6
DA:320,6
DA:321,6
DA:323,0
DA:324,0
DA:326,9
DA:327,3
DA:339,608
DA:343,9
DA:344,9
DA:345,9
DA:346,18
DA:347,9
DA:348,0
DA:349,0
DA:351,18
DA:352,6
DA:354,9
DA:355,9
DA:370,5
LF:75
LH:62
end_of_record
TN:
SF:src/coverage_probes.jl
DA:9,1
DA:10,1
DA:11,1
DA:14,2
DA:17,19
DA:19,7
DA:20,7
DA:21,7
DA:22,14
DA:23,7
DA:26,17
DA:27,17
DA:28,29
DA:30,17
DA:32,17
DA:35,1
DA:36,1
DA:37,1
DA:38,1
DA:40,1
DA:41,1
DA:42,1
DA:43,1
DA:45,1
DA:46,1
DA:48,1
DA:49,1
DA:51,1
DA:52,1
DA:54,1
DA:57,1
DA:58,1
DA:59,1
DA:60,1
DA:61,3
DA:62,1
DA:63,1
DA:66,1
DA:67,1
DA:68,1
DA:69,1
DA:70,1
DA:71,1
DA:72,1
DA:73,1
DA:74,2
DA:75,1
DA:76,1
DA:77,1
DA:78,1
DA:79,1
DA:81,1
DA:82,1
DA:84,1
DA:85,1
DA:87,1
DA:88,4
DA:91,1
DA:92,1
DA:93,1
DA:94,1
DA:96,1
DA:99,1
DA:100,1
DA:101,1
DA:102,1
DA:103,1
DA:105,12
DA:106,6
DA:107,6
DA:108,6
DA:109,7
DA:110,1
DA:111,2
DA:112,2
DA:113,2
DA:114,1
DA:117,1
DA:118,1
DA:119,1
DA:126,2
DA:132,1
DA:133,2
DA:142,2
DA:151,2
DA:160,2
DA:170,2
DA:180,3
DA:182,1
DA:193,1
DA:205,1
DA:206,1
DA:207,1
DA:208,1
DA:218,1
DA:222,1
DA:233,1
DA:245,1
DA:248,1
DA:257,1
DA:260,1
DA:271,1
DA:272,1
DA:276,1
DA:277,1
DA:279,1
DA:280,1
DA:287,1
DA:290,1
DA:291,1
DA:292,1
DA:293,3
DA:294,17
DA:295,17
DA:296,2
DA:297,1
DA:298,2
DA:299,1
DA:300,1
DA:301,1
DA:302,2
DA:303,1
DA:304,1
DA:305,8
DA:306,2
DA:307,8
DA:308,1
DA:309,2
DA:311,1
DA:312,1
DA:313,1
DA:314,1
DA:315,2
DA:317,1
DA:318,1
DA:320,1
DA:321,1
DA:323,1
DA:324,1
DA:326,1
DA:329,1
DA:330,1
DA:331,2
DA:332,2
DA:335,2
DA:339,1
DA:340,1
DA:341,1
DA:343,1
DA:344,2
DA:345,1
DA:356,1
DA:369,1
DA:370,11
DA:371,1
DA:382,1
DA:383,1
DA:384,2
DA:387,2
DA:391,1
DA:401,1
DA:405,1
DA:406,1
DA:407,1
DA:408,1
DA:409,1
DA:410,1
DA:413,1
DA:414,1
DA:415,2
DA:416,1
DA:417,1
DA:421,1
DA:422,1
DA:425,1
DA:426,1
DA:427,1
DA:428,1
DA:429,1
DA:430,1
DA:431,1
DA:432,1
DA:436,1
DA:437,9
DA:451,1
DA:452,1
DA:454,1
DA:457,1
DA:458,15
DA:478,1
DA:479,1
DA:481,1
DA:483,1
DA:486,1
DA:487,1
DA:488,1
DA:489,1
DA:490,1
DA:491,1
DA:492,1
DA:493,1
DA:494,1
DA:495,1
DA:496,1
DA:497,1
LF:205
LH:205
end_of_record
TN:
SF:src/discrete_distribution/digital_net_b2.jl
DA:123,1
DA:124,1
DA:125,1
DA:126,1
DA:127,1
DA:128,1
DA:129,1
DA:130,678432
DA:132,678432
DA:135,1356863
DA:136,1
DA:137,1
DA:155,3834
DA:156,3834
DA:157,3834
DA:162,3835
DA:164,3834
DA:165,3834
DA:166,13402
DA:167,13402
DA:168,428864
DA:169,844326
DA:170,22970
DA:171,3834
DA:174,1
DA:175,1
DA:176,1
DA:177,1
DA:178,1
DA:179,1
DA:180,1
DA:181,1
DA:183,1
DA:186,1
DA:187,1
DA:188,1
DA:189,2
DA:190,1
DA:192,0
DA:201,0
DA:202,0
DA:204,0
DA:207,0
DA:208,0
DA:209,0
DA:210,0
DA:211,0
DA:212,0
DA:213,0
DA:214,0
DA:219,0
DA:220,0
DA:222,0
DA:223,0
DA:228,0
DA:233,0
DA:234,0
DA:239,0
DA:240,0
DA:245,0
DA:250,0
DA:255,0
DA:256,0
DA:257,0
DA:259,0
DA:260,0
DA:261,0
DA:262,0
DA:267,0
DA:268,0
DA:269,0
DA:274,0
DA:275,0
DA:277,0
DA:278,0
DA:284,0
DA:286,0
DA:287,0
DA:288,0
DA:291,0
DA:292,0
DA:293,0
DA:294,0
DA:295,0
DA:296,0
DA:297,0
DA:299,0
DA:300,0
DA:306,0
DA:324,3844
DA:337,3832
DA:338,3832
DA:339,3832
DA:341,3832
DA:342,3832
DA:343,3817
DA:344,15
DA:345,2
DA:346,13
DA:347,3
DA:348,18
DA:349,2
DA:350,8
DA:351,0
DA:352,8
DA:353,8
DA:355,0
DA:362,5
DA:363,5
DA:364,5
DA:366,5
DA:367,5
DA:368,5
DA:369,3
DA:370,3
DA:371,1
DA:378,2
DA:379,3
DA:384,1
DA:385,1
DA:390,1
DA:391,2
DA:392,1
DA:393,16
DA:394,16
DA:399,16
DA:404,16
DA:405,16
DA:407,0
DA:408,0
DA:414,0
DA:416,17
DA:417,1
DA:427,2
DA:428,1
DA:429,0
DA:430,0
DA:431,0
DA:432,0
DA:434,1
DA:437,1
DA:438,3836
DA:439,3833
DA:440,3
DA:441,2
DA:442,1
DA:443,1
DA:444,0
DA:446,1
DA:448,1
DA:452,1
DA:453,1
DA:454,0
DA:456,0
DA:458,0
DA:460,0
DA:467,7653
DA:479,3836
DA:480,3836
DA:481,3836
DA:482,3836
DA:489,3836
DA:490,20
DA:493,3836
DA:494,3836
DA:496,3835
DA:497,3834
DA:500,1
DA:502,3833
DA:505,3833
DA:506,3833
DA:507,3833
DA:508,3834
DA:510,3832
DA:511,3832
DA:514,3832
DA:543,10592
DA:565,5296
DA:566,5296
DA:567,5296
DA:568,5296
DA:569,5296
DA:570,5296
DA:571,33430
DA:574,33406
DA:575,1068992
DA:576,1068992
DA:577,1068992
DA:578,2104578
DA:582,24
DA:583,768
DA:585,768
DA:586,768
DA:587,1512
DA:588,24
DA:589,652
DA:590,652
DA:592,33430
DA:593,1069760
DA:594,1069760
DA:595,1069760
DA:596,34253184
DA:597,67436608
DA:598,1069760
DA:599,2106090
DA:600,61564
DA:601,5296
DA:608,4739
DA:609,4739
DA:610,4739
DA:611,4739
DA:612,773168
DA:613,792592
DA:614,4739
DA:617,4807
DA:618,4807
DA:619,4806
DA:620,4806
DA:623,5318
DA:624,1
DA:631,0
DA:640,0
DA:641,0
DA:642,0
DA:643,0
DA:644,0
DA:645,0
DA:646,0
DA:647,0
DA:648,0
DA:650,0
DA:651,0
DA:652,0
DA:653,0
DA:654,0
DA:655,0
DA:656,0
DA:657,0
DA:659,0
DA:660,0
DA:661,0
DA:662,0
DA:663,0
DA:664,0
DA:665,0
DA:666,0
DA:667,0
DA:668,0
DA:671,0
DA:676,0
DA:677,0
DA:678,0
DA:679,0
DA:680,0
DA:684,0
DA:685,0
DA:686,0
DA:687,0
DA:688,0
DA:691,0
DA:701,25
DA:713,1
DA:714,1
DA:715,1
DA:718,0
DA:720,0
DA:722,0
DA:732,0
DA:733,0
DA:734,0
DA:735,0
DA:736,0
DA:737,0
DA:738,0
DA:745,9474
DA:746,4737
DA:747,4738
DA:748,4737
DA:749,4737
DA:751,4758
DA:752,4718
DA:753,4718
DA:754,4717
DA:755,4717
DA:756,4716
DA:758,4718
DA:769,4717
DA:770,4717
DA:771,4716
DA:772,4716
DA:774,3
DA:775,1
DA:777,20
DA:778,9
DA:780,9
DA:781,9
DA:783,9
DA:794,9
DA:795,9
DA:796,9
DA:797,11
DA:798,1
DA:800,1
DA:802,1
DA:803,1
DA:804,1
DA:806,0
DA:810,1
DA:812,1
DA:813,1
DA:814,0
DA:815,0
DA:825,0
DA:826,0
DA:828,1
DA:829,0
DA:831,1
DA:832,1
DA:833,1
DA:834,1
DA:836,10
DA:837,10
DA:838,10
DA:840,10
DA:851,10
DA:852,1518
DA:853,10
DA:856,4736
DA:857,4736
DA:858,4736
DA:859,4736
DA:860,3520
DA:875,1216
DA:891,0
DA:892,0
DA:893,0
DA:895,0
DA:897,0
DA:898,0
DA:899,0
DA:901,4736
DA:980,0
DA:992,0
DA:993,0
DA:994,0
DA:995,0
DA:996,0
DA:997,0
DA:998,0
DA:999,0
DA:1000,0
DA:1015,0
DA:1031,0
DA:1032,0
DA:1033,0
DA:1034,0
DA:1036,0
DA:1038,0
DA:1039,0
DA:1041,0
DA:1042,0
DA:1077,9642
DA:1078,4821
DA:1079,4821
DA:1080,4821
DA:1081,9642
DA:1082,4821
DA:1089,4905
DA:1090,4737
DA:1093,84
DA:1094,84
DA:1095,84
DA:1096,84
DA:1097,84
DA:1099,87
DA:1100,82
DA:1101,82
DA:1102,82
DA:1103,82
DA:1104,579
DA:1105,579
DA:1106,579
DA:1107,345920
DA:1108,356151
DA:1109,1076
DA:1110,82
DA:1122,82
DA:1123,579
DA:1124,82
DA:1125,81
DA:1126,81
DA:1128,4
DA:1129,1
DA:1131,2
DA:1132,1
DA:1134,1
DA:1146,1
DA:1147,1
DA:1148,1
DA:1149,1
DA:1150,1
DA:1151,1
DA:1153,1
DA:1154,1
DA:1155,1
DA:1157,0
DA:1160,1
DA:1161,1
DA:1162,1
DA:1163,4
DA:1164,2
DA:1165,2
DA:1166,2
DA:1167,2
DA:1168,2
DA:1169,4
DA:1179,2
DA:1180,2
DA:1182,2
DA:1183,0
DA:1186,2
DA:1187,2
DA:1188,2
DA:1189,2
DA:1190,3
DA:1191,1
DA:1193,0
DA:1194,0
DA:1206,0
DA:1207,0
DA:1208,0
DA:1209,0
DA:1212,581
DA:1213,83
DA:1214,83
DA:1215,83
DA:1216,83
DA:1231,0
DA:1247,0
DA:1248,0
DA:1249,0
DA:1251,0
DA:1253,0
DA:1254,0
DA:1255,0
DA:1257,83
DA:1260,2
DA:1261,2
DA:1262,2
DA:1263,2
DA:1289,288
DA:1290,288
DA:1291,288
DA:1292,9216
DA:1293,9216
DA:1295,9216
DA:1296,9216
DA:1297,9216
DA:1298,9216
DA:1299,9216
DA:1300,18144
DA:1301,288
DA:1312,3
DA:1319,3
DA:1320,144
DA:1321,288
DA:1322,288
DA:1323,432
DA:1324,144
LF:469
LH:305
end_of_record
TN:
SF:src/discrete_distribution/halton.jl
DA:68,267
DA:76,268
DA:83,268
DA:84,268
DA:86,268
DA:87,6
DA:90,267
DA:91,267
DA:105,568
DA:106,284
DA:107,284
DA:108,284
DA:109,694
DA:110,303
DA:112,284
DA:115,1015
DA:117,568
DA:118,265
DA:121,265
DA:125,19
DA:126,19
DA:127,466
DA:128,932
DA:129,913
DA:130,19
LF:25
LH:25
end_of_record
TN:
SF:src/discrete_distribution/iid_std_uniform.jl
DA:41,3971
DA:46,3971
DA:47,3971
DA:48,3971
DA:49,3971
DA:52,8256
DA:53,4128
DA:54,4128
LF:8
LH:8
end_of_record
TN:
SF:src/discrete_distribution/kronecker.jl
DA:50,1
DA:58,1
DA:59,1
DA:60,1
DA:61,3
DA:62,2
DA:63,2
DA:64,1
DA:65,0
DA:66,0
DA:67,0
DA:69,0
DA:70,2
DA:71,2
DA:73,2
DA:74,2
DA:75,1
DA:78,2
DA:79,1
DA:81,1
DA:82,1
DA:83,1
DA:84,0
DA:85,0
DA:90,0
DA:92,0
DA:95,1
DA:96,1
DA:97,1
DA:98,1
DA:100,0
DA:103,1
DA:112,2
DA:113,1
DA:114,1
DA:115,1
DA:120,1
DA:121,4
DA:122,4
DA:123,2
DA:124,2000
DA:125,2000
DA:126,2000
DA:127,1146
DA:129,3998
DA:130,3
DA:132,1
LF:47
LH:38
end_of_record
TN:
SF:src/discrete_distribution/lattice.jl
DA:115,709
DA:132,0
DA:134,710
DA:138,710
DA:139,710
DA:140,710
DA:141,710
DA:142,711
DA:148,709
DA:151,1
DA:152,1
DA:157,1
DA:158,1
DA:159,3
DA:160,3
DA:163,3
DA:164,3
DA:166,0
DA:167,0
DA:173,0
DA:175,5
DA:176,1
DA:289,8
DA:290,8
DA:292,8
DA:293,8
DA:294,8
DA:295,8
DA:296,8
DA:297,22
DA:298,36
DA:300,8
DA:309,709
DA:310,700
DA:315,700
DA:320,1400
DA:321,9
DA:322,1
DA:327,1
DA:331,1
DA:332,2
DA:333,8
DA:334,8
DA:339,8
DA:340,16
DA:341,0
DA:342,0
DA:347,0
DA:348,0
DA:349,0
DA:350,0
DA:355,0
DA:357,0
DA:359,0
DA:360,0
DA:361,0
DA:366,0
DA:368,0
DA:369,0
DA:370,0
DA:375,0
DA:377,0
DA:385,1436
DA:394,710
DA:395,710
DA:396,709
DA:397,0
DA:401,709
DA:402,709
DA:404,709
DA:405,1418
DA:407,710
DA:409,709
DA:423,1790
DA:424,1790
DA:425,3579
DA:426,1789
DA:427,1790
DA:434,1789
DA:435,1789
DA:436,1783
DA:441,1781
DA:449,3580
DA:450,1790
DA:451,1790
DA:452,1790
DA:453,1789
DA:454,1843
DA:455,1789
DA:458,1789
DA:459,749
DA:463,1789
DA:464,1789
DA:465,2
DA:466,0
DA:468,2
DA:469,1787
DA:470,1781
DA:472,6
DA:476,1789
DA:479,1789
DA:480,1789
DA:482,1789
DA:486,1
DA:487,1
LF:105
LH:82
end_of_record
TN:
SF:src/discrete_distribution/qmctoolscl_c.jl
DA:24,41
DA:25,41
DA:26,41
DA:27,41
DA:30,41
DA:31,41
DA:32,41
DA:33,0
DA:35,41
DA:45,82
DA:46,41
DA:47,41
DA:48,41
DA:50,41
DA:51,41
DA:53,41
DA:54,41
DA:55,41
DA:56,0
DA:57,0
DA:59,41
DA:60,41
DA:61,41
DA:62,41
DA:63,41
DA:64,41
DA:65,41
DA:67,0
DA:70,0
DA:72,0
DA:73,0
DA:74,0
DA:75,0
DA:86,0
DA:98,0
DA:99,0
DA:110,0
DA:117,9136
DA:118,9136
DA:132,6472
DA:135,0
DA:137,0
DA:138,0
DA:139,0
DA:141,0
DA:142,0
DA:147,138
DA:165,2
DA:166,2
DA:181,1781
DA:188,1781
DA:204,6
DA:211,6
DA:227,1789
DA:236,1789
DA:280,2
DA:289,2
DA:317,0
DA:326,0
DA:354,2
DA:364,2
DA:394,1
DA:405,1
DA:437,3
DA:445,3
DA:489,3603
DA:503,3603
DA:541,1216
DA:555,1216
DA:608,731
DA:617,731
LF:71
LH:50
end_of_record
TN:
SF:src/integrand/custom_fun.jl
DA:41,51
DA:46,49
DA:48,143
DA:49,1540609
DA:50,281
DA:51,0
DA:53,419
DA:72,147
DA:73,137
DA:74,150
DA:85,5
DA:86,216
DA:87,216
DA:98,171
DA:99,167
DA:100,171
DA:101,8
DA:102,8
DA:104,167
DA:114,24
DA:115,244
DA:116,267
LF:22
LH:21
end_of_record
TN:
SF:src/integrand/financial_option.jl
DA:70,519
DA:85,1036
DA:98,521
DA:99,1
DA:102,520
DA:103,27
DA:104,27
DA:105,27
DA:107,493
DA:108,493
DA:109,493
DA:111,520
DA:113,520
DA:114,520
DA:119,520
DA:121,520
DA:122,7
DA:124,6
DA:128,519
DA:129,519
DA:130,519
DA:132,0
DA:135,519
DA:137,519
DA:171,86022371
DA:172,86022371
DA:173,86022371
DA:175,86022371
DA:176,100000
DA:177,100000
DA:178,85922371
DA:179,85722359
DA:180,3100166
DA:182,84172276
DA:184,85722359
DA:185,200012
DA:186,100004
DA:187,100000
DA:189,4
DA:191,100008
DA:192,0
DA:193,0
DA:194,0
DA:195,100008
DA:196,100008
DA:198,0
DA:200,86022371
DA:203,100008
DA:204,100008
DA:205,100008
DA:206,100008
DA:207,100008
DA:210,100008
DA:211,2200655
DA:213,0
DA:217,100012
DA:218,100008
DA:219,73577
DA:223,26431
DA:226,2378
DA:227,2378
DA:228,2378
DA:229,2378
DA:230,2378
DA:235,2378
DA:236,17
DA:237,17
DA:238,17
DA:239,16
DA:241,1
DA:251,2361
DA:252,55
DA:253,55
DA:254,4797405
DA:255,55
DA:256,53
DA:257,724
DA:258,65117836
DA:260,1395
DA:261,53
DA:263,2
DA:264,8
DA:265,24
DA:267,14
DA:268,2
DA:270,55
DA:271,53
DA:273,2
DA:279,2306
DA:280,2
DA:281,2
DA:282,2
DA:283,1
DA:285,1
DA:292,2304
DA:293,2
DA:294,6
DA:295,2
DA:296,1
DA:297,3
DA:298,9
DA:300,5
DA:301,1
DA:302,1
DA:304,1
DA:305,3
DA:306,9
DA:308,5
DA:309,1
DA:310,1
DA:316,2302
DA:317,2
DA:318,2
DA:319,2
DA:320,2
DA:321,2
DA:322,2
DA:323,1
DA:324,4
DA:325,12
DA:327,7
DA:329,1
DA:330,4
DA:331,12
DA:333,4
DA:335,3
DA:336,2
DA:337,1
DA:339,1
DA:343,2300
DA:344,2300
DA:345,2300
DA:348,0
DA:349,0
DA:350,0
DA:355,2300
DA:356,2300
DA:357,2300
DA:358,2300
DA:359,2300
DA:360,2300
DA:361,2300
DA:362,86022371
DA:363,1094271644
DA:364,2102520917
DA:365,86022371
DA:366,86022371
DA:368,2300
DA:448,11
DA:449,11
DA:450,11
DA:451,11
DA:452,11
DA:453,11
DA:454,11
DA:455,11
DA:466,13
DA:467,13
DA:468,13
DA:469,13
DA:470,13
DA:471,13
DA:472,13
DA:474,13
DA:475,5
DA:476,5
DA:478,8
DA:480,6
DA:481,6
DA:482,6
DA:483,6
DA:484,6
DA:485,6
DA:486,2
DA:490,1
DA:491,1
DA:492,1
DA:493,1
DA:494,1
DA:495,1
DA:497,1
DA:504,1
DA:505,1
DA:506,1
LF:184
LH:175
end_of_record
TN:
SF:src/integrand/financial_option_ml.jl
DA:53,7
DA:66,7
DA:67,7
DA:68,7
DA:69,7
DA:74,7
DA:77,1
DA:88,1
DA:89,1
DA:90,1
DA:91,1
DA:134,6
DA:145,6
DA:146,6
DA:147,6
DA:148,6
DA:149,6
DA:150,6
DA:165,278
DA:167,217
DA:170,219
DA:202,3233851
DA:203,3233851
DA:204,3233851
DA:205,3748767
DA:206,3233851
DA:207,0
DA:208,0
DA:209,0
DA:210,0
DA:211,0
DA:213,0
DA:215,0
DA:218,0
DA:219,0
DA:220,0
DA:223,0
DA:224,0
DA:225,0
DA:226,0
DA:227,0
DA:228,0
DA:229,0
DA:235,3748767
DA:236,3748767
DA:237,3748767
DA:239,3748767
DA:240,0
DA:241,0
DA:242,3748767
DA:243,3748767
DA:244,3748767
DA:246,0
DA:248,3748767
DA:249,0
DA:250,0
DA:251,0
DA:253,0
DA:255,0
DA:256,0
DA:257,0
DA:258,0
DA:260,0
DA:264,219
DA:265,219
DA:266,219
DA:267,219
DA:268,219
DA:269,219
DA:271,3233851
DA:272,3233851
DA:274,219
DA:275,3233851
DA:276,3748767
DA:277,3233851
DA:279,3233851
DA:280,514916
DA:282,6467483
DA:284,219
LF:79
LH:50
end_of_record
TN:
SF:src/integrand/genz.jl
DA:46,51
DA:56,102
DA:62,51
DA:63,51
DA:64,71
DA:65,71
DA:66,51
DA:67,51
DA:68,51
DA:71,180
DA:72,180
DA:73,180
DA:76,180
DA:77,180
DA:78,180
DA:80,180
DA:83,272
DA:84,272
DA:86,44
DA:91,8
DA:92,1
DA:93,2
DA:94,2
DA:95,2
DA:96,16
DA:98,2
DA:100,43
DA:103,67111501
DA:104,21
DA:105,82
DA:106,82
DA:107,268445988
DA:109,143
DA:110,21
DA:112,22
DA:115,200
DA:116,9
DA:117,18
DA:118,18
DA:119,18
DA:120,400
DA:122,27
DA:123,9
DA:125,13
DA:128,4136
DA:129,12
DA:130,43
DA:131,43
DA:132,43
DA:133,19280
DA:135,74
DA:136,12
DA:138,1
DA:142,1
DA:143,8
DA:144,1
DA:145,2
DA:146,2
DA:147,2
DA:148,16
DA:149,12
DA:150,12
DA:151,7
DA:153,5
DA:156,30
DA:157,3
DA:158,1
DA:159,8
DA:160,8
DA:163,180
DA:171,11
DA:172,11
DA:173,11
DA:174,11
DA:176,11
DA:179,1
DA:180,1
DA:181,1
DA:182,2
DA:183,2
DA:184,2
DA:186,3
DA:187,1
DA:189,10
DA:190,1
DA:191,1
DA:192,2
DA:193,3
DA:194,1
DA:196,9
DA:201,48
DA:202,2
DA:203,1
DA:204,1
DA:205,4
DA:206,4
DA:207,4
DA:208,8
DA:209,4
DA:210,4
DA:212,12
DA:213,4
DA:214,7
DA:215,1
DA:216,1
DA:217,1
DA:218,1
DA:219,1
DA:221,7
DA:222,2
DA:223,2
DA:224,4
DA:225,4
DA:226,4
DA:227,1
DA:229,3
DA:230,6
DA:231,2
DA:233,5
DA:234,3
DA:235,3
DA:236,9
DA:237,9
DA:238,9
DA:239,1
DA:241,8
DA:243,15
DA:244,3
DA:246,2
DA:247,2
DA:248,2
DA:249,4
DA:250,4
DA:251,4
DA:252,1
DA:254,3
DA:256,6
DA:257,2
DA:261,6
LF:139
LH:139
end_of_record
TN:
SF:src/integrand/ishigami.jl
DA:47,1
DA:53,1
DA:54,1
DA:55,1
DA:56,1
DA:59,6
DA:60,6
DA:61,6
DA:62,6
DA:63,6
DA:64,6
DA:65,24576
DA:66,24576
DA:67,24576
DA:68,24576
DA:69,49146
DA:70,6
DA:106,2
DA:107,1
DA:108,1
DA:109,1
DA:110,2
DA:111,2
DA:112,1
LF:24
LH:24
end_of_record
TN:
SF:src/integrand/keister.jl
DA:29,191
DA:33,191
DA:35,265
DA:36,265
DA:37,265
DA:40,530
DA:41,265
DA:74,35
DA:75,35
DA:76,35
DA:77,35
DA:78,35
DA:79,35
DA:80,35
DA:81,35
DA:82,457
DA:83,457
DA:84,457
DA:85,35
DA:87,422
DA:88,844
DA:89,0
LF:22
LH:21
end_of_record
TN:
SF:src/integrand/ml_integrand.jl
DA:73,46
DA:82,16
DA:83,32
DA:84,16
DA:85,0
DA:90,0
DA:91,0
DA:92,0
DA:93,0
DA:94,0
DA:107,16
DA:117,46
DA:118,23
DA:119,23
DA:120,24
DA:134,11
DA:160,34
DA:197,51
DA:218,2
DA:219,2
DA:220,2
DA:221,2
DA:222,2
DA:235,185
DA:242,185
DA:243,185
DA:244,0
DA:245,0
DA:247,185
DA:248,185
DA:249,370
DA:250,185
DA:251,185
DA:254,94
DA:262,94
DA:263,94
DA:265,188
DA:266,94
DA:271,188
DA:275,94
DA:276,188
DA:277,94
DA:280,0
DA:281,0
DA:282,0
DA:283,0
DA:284,0
DA:285,0
DA:286,0
DA:287,0
DA:288,0
LF:51
LH:34
end_of_record
TN:
SF:src/integrand/sensitivity_indices.jl
DA:56,2
DA:64,39
DA:65,0
DA:67,39
DA:70,4
DA:71,2
DA:72,2
DA:74,2
DA:75,6
DA:76,0
DA:78,0
DA:79,0
DA:80,0
DA:81,0
DA:82,0
DA:83,0
DA:84,0
DA:85,0
DA:86,0
DA:87,0
DA:88,0
DA:90,0
DA:92,0
DA:96,2
DA:97,2
DA:100,2
DA:101,2
DA:102,2
DA:103,2
DA:106,2
DA:107,2
DA:110,2
DA:111,2
DA:114,2
DA:115,4
DA:117,2
DA:120,6
DA:121,18
DA:122,6
DA:124,12
DA:126,30
DA:127,6
DA:129,6
DA:130,61440
DA:131,61440
DA:132,61440
DA:133,122874
DA:134,10
DA:136,2
DA:145,2
DA:146,2
DA:147,2
DA:150,2
DA:151,2
DA:152,2
DA:153,2
DA:154,3
DA:155,2
DA:157,2
DA:158,2
DA:160,2
DA:161,6
DA:162,6
DA:163,10
DA:165,2
DA:169,1
DA:170,1
LF:67
LH:52
end_of_record
TN:
SF:src/kernel/dig_shift_invariant.jl
DA:30,2
DA:33,2
DA:34,2
DA:35,2
DA:43,6528
DA:44,3264
DA:45,3264
DA:46,3264
DA:47,3264
DA:66,6528
DA:67,3264
DA:68,6
DA:70,3258
DA:71,3258
DA:73,3258
DA:74,3258
DA:75,28614
DA:76,28614
DA:77,28614
DA:80,28614
DA:81,31872
DA:83,28614
DA:84,3258
DA:86,25356
DA:87,3258
DA:96,2
DA:97,2
DA:98,2
DA:100,1088
DA:102,2
DA:103,6
DA:104,6
DA:105,3264
DA:106,3264
DA:107,6522
DA:108,10
DA:110,4
DA:111,2
LF:38
LH:38
end_of_record
TN:
SF:src/kernel/matern.jl
DA:78,1
DA:82,1
DA:83,1
DA:84,1
DA:85,1
DA:89,136
DA:90,136
DA:211,1
DA:212,1
DA:213,1
DA:214,1
DA:215,16
DA:216,17
DA:217,120
DA:218,120
DA:219,120
DA:220,120
DA:221,120
DA:222,120
DA:223,120
DA:224,120
DA:225,225
DA:226,31
DA:227,1
LF:24
LH:24
end_of_record
TN:
SF:src/kernel/shift_invariant.jl
DA:33,3
DA:36,3
DA:37,3
DA:38,3
DA:53,3456
DA:54,6903
DA:55,3456
DA:56,3456
DA:57,3456
DA:58,0
DA:59,3456
DA:60,3456
DA:63,0
DA:65,3456
DA:74,3
DA:75,3
DA:78,1152
DA:80,3
DA:81,9
DA:82,9
DA:83,3456
DA:84,3456
DA:85,6903
DA:86,15
DA:88,3
DA:89,3
LF:26
LH:24
end_of_record
TN:
SF:src/stopping_criterion/control_variates.jl
DA:30,8
DA:46,11
DA:51,582
DA:52,18
DA:55,12
DA:57,12
DA:60,17
DA:63,12
DA:69,10
DA:70,10
DA:71,10
DA:72,10
DA:73,16
DA:78,15
DA:83,13
DA:84,13
DA:85,8
DA:94,17
DA:95,17
DA:96,17
DA:97,17
DA:98,17
DA:99,24
DA:100,24
DA:105,24
DA:106,31
DA:107,17
DA:117,5
DA:118,10
DA:119,10
DA:120,5
DA:131,1
DA:132,1
DA:137,2
DA:138,2
DA:139,1
DA:147,12
DA:153,12
DA:156,1
DA:162,1
DA:174,1
DA:181,12
DA:182,13
DA:183,12
DA:184,1
DA:185,1
DA:203,32
DA:209,32
DA:210,32
DA:211,32
DA:212,32
DA:213,32
DA:214,32
DA:215,32
DA:216,4060262
DA:217,4060262
DA:218,4060262
DA:219,7105708
DA:220,10151154
DA:221,8120492
DA:222,32
LF:61
LH:61
end_of_record
TN:
SF:src/stopping_criterion/cub_mc_clt.jl
DA:42,120
DA:53,123
DA:65,120
DA:66,120
DA:67,120
DA:68,120
DA:69,123
DA:82,238
DA:83,119
DA:84,119
DA:85,119
DA:86,119
DA:87,119
DA:90,119
DA:91,119
DA:92,119
DA:93,124
DA:95,3
DA:96,4
DA:97,3
DA:98,3
DA:99,3
DA:101,119
DA:102,119
DA:105,119
DA:106,119
DA:107,119
DA:108,0
DA:119,119
DA:120,119
DA:122,119
DA:123,0
DA:125,0
DA:132,137
DA:133,232
DA:134,225
DA:135,216
DA:137,9
DA:139,7
DA:140,9
DA:141,7
DA:142,7
DA:146,122
DA:147,119
DA:148,119
DA:153,119
DA:154,119
DA:155,119
DA:156,464
DA:157,113
DA:158,113
DA:159,117
DA:160,113
DA:161,113
DA:162,113
DA:163,113
DA:164,113
DA:165,113
DA:168,119
DA:170,119
DA:171,119
DA:173,119
DA:174,119
DA:175,0
DA:178,119
DA:179,0
DA:189,119
DA:202,119
DA:203,3
DA:205,119
DA:206,0
DA:208,119
LF:72
LH:66
end_of_record
TN:
SF:src/stopping_criterion/cub_mc_clt_vec.jl
DA:57,4
DA:66,4
DA:75,4
DA:76,4
DA:77,4
DA:78,4
DA:80,4
DA:83,4
DA:87,3
DA:88,2
DA:90,1
DA:91,1
DA:92,1
DA:93,1
DA:95,1
DA:96,1
DA:99,1
DA:100,0
DA:101,0
DA:102,0
DA:103,0
DA:104,0
DA:106,1
DA:107,1
DA:108,1
DA:109,1
DA:110,1
DA:113,1
DA:114,1
DA:116,13
DA:117,13
DA:118,13
DA:119,26
DA:121,26
DA:122,26
DA:123,13
DA:125,13
DA:126,13
DA:127,13
DA:128,13
DA:130,13
DA:132,13
DA:133,0
DA:143,13
DA:145,13
DA:146,13
DA:147,12
DA:149,1
DA:150,1
DA:158,1
DA:159,0
DA:162,1
DA:172,2
DA:173,2
DA:174,2
DA:175,2
DA:176,4
DA:177,2
DA:178,4
DA:179,4
DA:180,4
DA:181,4
DA:182,4
DA:183,4
DA:184,4
DA:185,4
DA:186,8
DA:187,4
DA:189,8
DA:190,6
DA:191,2
DA:194,2
DA:198,2
DA:199,2
DA:200,2
DA:201,2
DA:207,2
DA:208,2
DA:209,2
DA:211,2
DA:212,2
DA:213,2
DA:214,2
DA:220,2
DA:221,2
DA:222,2
DA:223,2
DA:224,1
DA:225,1
DA:226,1
DA:227,1
DA:230,1
DA:231,1
DA:232,1
DA:234,2
DA:235,2
DA:236,2
DA:237,1
DA:239,2
DA:241,4
DA:242,4
DA:243,4
DA:244,4
DA:245,4
DA:246,4
DA:247,2
DA:248,2
DA:249,2
DA:251,5
DA:252,5
DA:253,4
DA:254,4
DA:255,4
DA:256,4
DA:257,4
DA:258,8
DA:259,8
DA:260,8
DA:261,8
DA:262,512
DA:263,512
DA:264,512
DA:265,574
DA:266,8
DA:267,8
DA:268,8
DA:269,12
DA:272,5
DA:274,5
DA:275,10
DA:276,10
DA:277,10
DA:278,10
DA:280,10
DA:281,10
DA:282,10
DA:283,10
DA:285,0
DA:286,0
DA:287,0
DA:289,15
DA:291,5
DA:292,10
DA:293,10
DA:301,5
DA:302,5
DA:303,5
DA:304,10
DA:305,10
DA:306,10
DA:307,10
DA:308,10
DA:309,10
DA:310,10
DA:311,10
DA:312,10
DA:313,10
DA:314,10
DA:316,0
DA:317,0
DA:319,15
DA:322,5
DA:323,5
DA:324,10
DA:325,15
DA:326,10
DA:328,5
DA:329,5
DA:339,5
DA:340,3
DA:341,3
DA:342,3
DA:343,3
DA:345,2
DA:346,4
DA:359,2
DA:360,2
DA:362,2
DA:366,1
LF:179
LH:167
end_of_record
TN:
SF:src/stopping_criterion/cub_mc_g.jl
DA:67,11
DA:80,22
DA:92,11
DA:93,11
DA:94,11
DA:95,11
DA:96,11
DA:98,11
DA:99,11
DA:102,11
DA:104,11
DA:129,11
DA:136,11
DA:137,22
DA:140,11
DA:143,11
DA:145,1111
DA:146,1100
DA:147,1100
DA:154,11
DA:155,11
DA:156,1100
DA:157,1100
DA:158,612
DA:160,488
DA:162,2189
DA:163,11
DA:165,11
DA:168,11
DA:169,11
DA:171,1111
DA:172,1100
DA:178,11
DA:179,11
DA:180,1100
DA:181,1100
DA:182,523
DA:184,577
DA:186,2189
DA:187,11
DA:189,11
DA:197,11
DA:198,11
DA:199,11
DA:200,22
DA:202,11
DA:204,1111
DA:205,1100
DA:212,11
DA:213,11
DA:214,1100
DA:215,1100
DA:216,1100
DA:218,0
DA:220,2189
DA:221,11
DA:222,11
DA:225,22
DA:226,11
DA:227,11
DA:228,11
DA:229,11
DA:230,11
DA:231,11
DA:232,11
DA:235,11
DA:236,11
DA:237,11
DA:238,0
DA:239,0
DA:240,0
DA:242,11
DA:243,22
DA:244,11
DA:245,11
DA:247,11
DA:249,11
DA:250,11
DA:251,11
DA:252,0
DA:261,11
DA:262,11
DA:264,11
DA:265,11
DA:266,11
DA:267,11
DA:269,0
DA:271,11
DA:272,11
DA:273,0
DA:284,0
DA:285,0
DA:286,0
DA:287,0
DA:288,0
DA:289,0
DA:290,0
DA:291,0
DA:301,0
DA:302,0
DA:303,0
DA:304,0
DA:308,0
DA:309,0
DA:311,0
DA:312,0
DA:313,0
DA:314,0
DA:315,0
DA:316,0
DA:319,0
DA:320,0
DA:321,0
DA:322,0
DA:323,0
DA:332,0
DA:335,11
DA:336,11
DA:343,11
DA:344,0
DA:346,11
DA:347,0
DA:350,11
LF:123
LH:88
end_of_record
TN:
SF:src/stopping_criterion/cub_mlmc.jl
DA:55,4
DA:68,7
DA:82,4
DA:83,4
DA:84,4
DA:85,4
DA:87,4
DA:88,4
DA:89,4
DA:92,4
DA:110,10
DA:125,3
DA:126,3
DA:127,3
DA:128,3
DA:146,86
DA:147,104
DA:148,18
DA:149,18
DA:150,18
DA:151,18
DA:152,18
DA:153,18
DA:154,18
DA:155,18
DA:160,9
DA:161,9
DA:162,9
DA:163,9
DA:164,9
DA:165,18
DA:166,9
DA:167,9
DA:168,9
DA:169,9
DA:175,32
DA:176,32
DA:177,160
DA:178,74
DA:180,86
DA:181,86
DA:182,86
DA:189,86
DA:190,86
DA:191,86
DA:192,86
DA:193,288
DA:194,32
DA:199,32
DA:200,32
DA:201,32
DA:202,160
DA:203,160
DA:204,160
DA:205,160
DA:207,160
DA:209,288
DA:212,32
DA:213,96
DA:215,96
DA:217,160
DA:220,32
DA:221,256
DA:222,128
DA:224,32
DA:225,64
DA:226,32
DA:227,32
DA:229,32
DA:230,64
DA:231,32
DA:232,32
DA:234,32
DA:235,64
DA:236,32
DA:237,32
DA:244,38
DA:245,38
DA:246,76
DA:247,76
DA:249,76
DA:250,76
DA:251,38
DA:252,38
DA:256,0
DA:262,12
DA:263,12
DA:264,12
DA:265,12
DA:266,12
DA:267,12
DA:268,33
DA:269,33
DA:270,54
DA:271,12
DA:275,0
DA:282,0
DA:283,0
DA:288,6
DA:289,3
DA:290,3
DA:291,3
DA:294,9
DA:295,3
DA:296,3
DA:297,0
DA:308,29
DA:310,29
DA:311,58
DA:314,58
DA:315,58
DA:316,0
DA:317,0
DA:321,29
DA:322,29
DA:323,0
DA:334,58
DA:336,12
DA:338,12
DA:340,9
DA:341,0
DA:342,0
DA:344,9
DA:346,9
DA:347,18
DA:348,9
DA:352,3
DA:355,26
DA:358,3
DA:362,6
DA:363,3
DA:365,6
DA:378,3
DA:379,0
DA:382,3
LF:135
LH:124
end_of_record
TN:
SF:src/stopping_criterion/cub_mlmc_cont.jl
DA:53,7
DA:69,14
DA:83,7
DA:84,7
DA:85,7
DA:86,7
DA:87,7
DA:89,7
DA:90,7
DA:91,7
DA:93,0
DA:96,7
DA:116,7
DA:117,7
DA:118,7
DA:119,7
DA:137,110
DA:138,110
DA:139,0
DA:142,110
DA:143,110
DA:144,110
DA:145,110
DA:146,110
DA:147,220
DA:148,110
DA:149,110
DA:150,110
DA:151,110
DA:155,55
DA:156,55
DA:157,55
DA:158,181
DA:159,181
DA:160,181
DA:162,307
DA:163,55
DA:166,55
DA:167,55
DA:168,55
DA:172,55
DA:176,55
DA:177,98
DA:182,55
DA:183,55
DA:184,110
DA:185,110
DA:186,110
DA:187,110
DA:188,55
DA:189,55
DA:194,50
DA:195,50
DA:198,157
DA:199,50
DA:200,157
DA:201,21
DA:203,264
DA:204,100
DA:205,7
DA:208,50
DA:209,105
DA:211,55
DA:212,24
DA:213,5
DA:214,5
DA:218,98
DA:221,55
DA:222,110
DA:225,110
DA:226,110
DA:227,0
DA:228,0
DA:232,110
DA:233,31
DA:237,55
DA:238,55
DA:239,5
DA:240,0
DA:241,0
DA:243,5
DA:246,55
DA:251,99
DA:252,125
DA:253,26
DA:254,26
DA:255,26
DA:256,26
DA:257,26
DA:258,26
DA:259,26
DA:260,26
DA:263,43
DA:264,43
DA:265,306
DA:266,54
DA:268,99
DA:269,99
DA:270,99
DA:277,99
DA:278,99
DA:279,99
DA:280,99
DA:281,263
DA:282,43
DA:285,43
DA:286,43
DA:287,43
DA:288,153
DA:289,153
DA:290,153
DA:291,153
DA:293,153
DA:295,263
DA:297,43
DA:298,67
DA:300,67
DA:302,91
DA:304,43
DA:305,220
DA:306,110
DA:307,43
DA:308,86
DA:309,43
DA:310,43
DA:312,43
DA:313,86
DA:314,43
DA:315,43
DA:317,43
DA:318,86
DA:319,43
DA:320,43
DA:325,5
DA:326,5
DA:327,5
DA:328,5
DA:329,5
DA:330,10
DA:331,5
DA:332,5
DA:333,5
DA:334,5
DA:340,14
DA:341,7
DA:342,7
DA:343,7
DA:346,7
DA:347,93
DA:348,50
DA:349,50
DA:350,0
DA:359,93
DA:362,7
DA:366,14
DA:367,7
DA:369,14
DA:382,7
DA:383,0
DA:386,7
LF:160
LH:152
end_of_record
TN:
SF:src/stopping_criterion/cub_mlqmc.jl
DA:48,2
DA:60,294
DA:61,0
DA:63,294
DA:66,4
DA:77,2
DA:78,2
DA:79,2
DA:80,2
DA:82,2
DA:83,4
DA:84,2
DA:85,4
DA:87,2
DA:88,2
DA:89,2
DA:91,0
DA:94,2
DA:109,2
DA:110,2
DA:111,2
DA:112,2
DA:127,36
DA:128,48
DA:129,12
DA:130,12
DA:131,12
DA:132,18
DA:133,12
DA:134,12
DA:135,12
DA:136,12
DA:139,6
DA:140,6
DA:141,6
DA:142,6
DA:143,6
DA:144,6
DA:145,6
DA:146,48
DA:147,6
DA:148,6
DA:149,6
DA:150,6
DA:154,32
DA:155,32
DA:156,32
DA:157,132
DA:158,96
DA:160,36
DA:162,60
DA:163,36
DA:165,36
DA:166,36
DA:168,288
DA:169,36
DA:171,72
DA:172,36
DA:174,36
DA:175,36
DA:176,36
DA:177,36
DA:178,36
DA:179,36
DA:180,36
DA:181,232
DA:184,32
DA:185,32
DA:188,32
DA:189,32
DA:190,32
DA:191,0
DA:192,0
DA:194,32
DA:195,32
DA:196,32
DA:197,32
DA:198,32
DA:199,64
DA:200,32
DA:201,32
DA:202,32
DA:205,4
DA:206,2
DA:207,2
DA:208,2
DA:209,2
DA:211,2
DA:212,10
DA:213,8
DA:216,8
DA:217,9
DA:221,16
DA:222,32
DA:223,48
DA:224,24
DA:226,48
DA:227,48
DA:231,24
DA:232,0
DA:233,0
DA:234,0
DA:237,24
DA:238,24
DA:239,24
DA:241,48
DA:242,24
DA:244,8
DA:245,0
DA:246,0
DA:247,0
DA:256,0
DA:260,8
DA:261,8
DA:262,0
DA:271,8
DA:272,8
DA:273,6
DA:274,0
DA:275,0
DA:277,6
DA:280,8
DA:282,4
DA:283,4
DA:284,2
DA:286,4
DA:297,2
DA:298,0
DA:301,2
LF:129
LH:114
end_of_record
TN:
SF:src/stopping_criterion/cub_mlqmc_cont.jl
DA:56,7
DA:70,14
DA:84,7
DA:85,7
DA:86,7
DA:87,7
DA:88,7
DA:90,7
DA:91,9
DA:92,7
DA:94,7
DA:95,7
DA:96,7
DA:98,0
DA:101,7
DA:120,9
DA:133,7
DA:134,7
DA:135,7
DA:136,7
DA:151,58
DA:152,85
DA:153,27
DA:154,27
DA:155,27
DA:156,33
DA:157,27
DA:158,27
DA:159,27
DA:160,27
DA:163,6
DA:164,6
DA:165,6
DA:166,6
DA:167,6
DA:168,6
DA:169,6
DA:170,48
DA:171,6
DA:172,6
DA:173,6
DA:174,6
DA:180,87
DA:181,87
DA:182,87
DA:183,305
DA:184,247
DA:186,58
DA:189,89
DA:190,58
DA:192,58
DA:193,58
DA:196,464
DA:197,58
DA:200,116
DA:201,58
DA:203,58
DA:204,58
DA:205,58
DA:206,58
DA:207,58
DA:208,58
DA:209,58
DA:210,523
DA:213,87
DA:216,87
DA:219,87
DA:220,87
DA:221,87
DA:222,0
DA:223,0
DA:225,87
DA:226,87
DA:227,87
DA:228,87
DA:229,87
DA:230,174
DA:231,87
DA:232,87
DA:233,87
DA:236,87
DA:237,87
DA:238,87
DA:239,0
DA:240,0
DA:242,87
DA:243,87
DA:244,87
DA:245,87
DA:246,87
DA:247,174
DA:248,87
DA:249,87
DA:250,87
DA:251,87
DA:254,143
DA:257,56
DA:260,56
DA:264,50
DA:265,50
DA:266,106
DA:268,56
DA:269,56
DA:272,87
DA:274,62
DA:275,31
DA:278,62
DA:282,62
DA:283,31
DA:284,0
DA:285,0
DA:288,31
DA:289,31
DA:290,31
DA:293,56
DA:294,56
DA:295,6
DA:296,0
DA:297,0
DA:299,6
DA:302,56
DA:307,14
DA:308,7
DA:309,7
DA:310,7
DA:313,7
DA:314,93
DA:315,50
DA:316,50
DA:317,0
DA:326,93
DA:329,14
DA:330,14
DA:331,7
DA:333,14
DA:344,7
DA:345,0
DA:348,7
LF:138
LH:127
end_of_record
TN:
SF:src/stopping_criterion/cub_qmc_bayes_lattice_g.jl
DA:73,6
DA:85,12
DA:97,6
DA:98,6
DA:99,6
DA:100,6
DA:101,6
DA:102,6
DA:124,344
DA:125,344
DA:126,344
DA:127,688
DA:129,344
DA:130,0
DA:131,344
DA:132,781912
DA:134,688
DA:135,0
DA:140,344
DA:141,344
DA:142,781568
DA:143,782901
DA:146,688
DA:147,688
DA:148,344
DA:149,1333
DA:150,1333
DA:151,2666
DA:152,2666
DA:153,2365
DA:155,688
DA:156,344
DA:158,344
DA:159,688
DA:160,344
DA:162,344
DA:167,344
DA:174,344
DA:175,344
DA:177,344
DA:180,132096
DA:181,344
DA:182,132096
DA:183,132096
DA:185,263848
DA:187,344
DA:188,0
DA:189,0
DA:190,0
DA:191,0
DA:192,0
DA:193,0
DA:197,688
DA:198,688
DA:199,344
DA:200,344
DA:201,344
DA:204,344
DA:209,8
DA:210,8
DA:213,8
DA:214,8
DA:215,168
DA:216,168
DA:217,94
DA:218,94
DA:220,328
DA:221,8
DA:222,16
DA:223,168
DA:224,168
DA:225,41
DA:226,41
DA:228,328
DA:230,8
DA:232,8
DA:233,0
DA:235,16
DA:238,8
DA:239,0
DA:241,16
DA:246,8
DA:247,8
DA:352,12
DA:353,6
DA:354,0
DA:356,6
DA:357,6
DA:358,0
DA:361,0
DA:363,6
DA:365,6
DA:366,6
DA:367,6
DA:368,6
DA:369,6
DA:370,6
DA:371,6
DA:373,8
DA:374,8
DA:375,8
DA:379,8
DA:380,8
DA:381,16
DA:383,8
DA:385,8
DA:388,8
DA:389,8
DA:390,1
DA:392,8
DA:394,2
DA:396,0
DA:398,2
DA:399,2
DA:401,6
DA:412,6
DA:413,1
DA:415,6
LF:118
LH:104
end_of_record
TN:
SF:src/stopping_criterion/cub_qmc_bayes_net_g.jl
DA:33,4
DA:45,8
DA:57,4
DA:58,4
DA:59,4
DA:60,4
DA:61,4
DA:62,4
DA:82,473
DA:83,473
DA:84,473
DA:85,473
DA:86,946
DA:88,473
DA:89,0
DA:90,473
DA:91,3677145
DA:93,946
DA:94,0
DA:99,473
DA:100,473
DA:101,473
DA:102,473
DA:103,1849
DA:104,1849
DA:105,3676672
DA:106,3676672
DA:107,3676672
DA:108,7351495
DA:109,3225
DA:112,946
DA:113,946
DA:114,473
DA:115,2752
DA:116,2752
DA:117,2322
DA:119,946
DA:120,473
DA:123,946
DA:124,946
DA:125,473
DA:127,473
DA:132,473
DA:139,473
DA:140,473
DA:142,473
DA:144,770560
DA:145,473
DA:146,770560
DA:147,1540647
DA:149,473
DA:150,0
DA:151,0
DA:152,0
DA:153,0
DA:154,0
DA:155,0
DA:159,946
DA:160,946
DA:161,473
DA:162,473
DA:163,473
DA:166,473
DA:171,11
DA:172,11
DA:174,11
DA:175,11
DA:176,231
DA:177,231
DA:178,451
DA:179,11
DA:180,22
DA:181,231
DA:182,231
DA:183,451
DA:185,11
DA:187,11
DA:189,22
DA:195,11
DA:200,8
DA:201,4
DA:202,4
DA:203,0
DA:206,0
DA:208,4
DA:210,4
DA:211,4
DA:212,4
DA:213,4
DA:214,4
DA:215,4
DA:216,4
DA:218,11
DA:219,11
DA:220,11
DA:222,11
DA:223,11
DA:224,22
DA:227,22
DA:229,11
DA:231,11
DA:232,11
DA:233,0
DA:235,11
DA:237,7
DA:238,0
DA:239,7
DA:240,7
DA:242,4
DA:253,4
DA:254,0
DA:256,4
LF:112
LH:99
end_of_record
TN:
SF:src/stopping_criterion/cub_qmc_lattice_g.jl
DA:76,237
DA:88,238
DA:101,237
DA:102,238
DA:130,1266
DA:138,1266
DA:139,2532
DA:140,5879
DA:141,5879
DA:143,5879
DA:144,36482209
DA:145,36482209
DA:146,36482209
DA:147,72958539
DA:149,5879
DA:150,36482209
DA:151,11569651
DA:152,30898418
DA:153,19328767
DA:154,19328767
DA:155,19328767
DA:156,19328767
DA:157,19328767
DA:158,72958539
DA:159,5879
DA:185,230
DA:189,230
DA:190,11
DA:191,11
DA:192,11
DA:194,219
DA:195,219
DA:198,230
DA:199,230
DA:200,230
DA:201,230
DA:202,230
DA:204,230
DA:205,230
DA:206,230
DA:207,230
DA:209,230
DA:212,230
DA:213,230
DA:214,230
DA:216,1263
DA:217,1263
DA:220,1263
DA:221,1033
DA:222,2066
DA:224,1263
DA:225,1262
DA:226,1262
DA:227,1492
DA:229,1284
DA:230,1296
DA:231,1262
DA:233,1275
DA:234,2511
DA:236,1262
DA:238,77771
DA:239,241
DA:240,230
DA:243,1032
DA:244,2062
DA:245,1034
DA:246,1032
DA:247,1032
DA:249,1262
DA:251,1262
DA:252,2524
DA:253,1262
DA:254,1262
DA:255,1213130
DA:256,2424998
DA:257,1262
DA:258,1262
DA:259,1262
DA:261,1262
DA:262,120
DA:265,1262
DA:266,1262
DA:267,1033
DA:268,1033
DA:270,229
DA:272,229
DA:273,229
DA:283,229
DA:284,28
DA:286,229
DA:289,2
DA:293,2
DA:294,1
DA:295,1
DA:296,1
DA:298,1
DA:299,1
DA:302,2
DA:303,2
DA:304,2
DA:305,2
DA:306,2
DA:307,2
DA:308,2
DA:309,2
DA:311,4
DA:312,4
DA:313,4
DA:314,4
DA:315,4
DA:316,4
DA:317,2
DA:318,2
DA:319,2
DA:320,2
DA:321,2
DA:322,2
DA:324,4
DA:325,2
DA:327,2
DA:328,2
DA:330,2
DA:331,0
DA:332,0
DA:334,2
DA:335,2
DA:336,2
DA:337,4
DA:339,2
DA:340,2
DA:342,3
DA:343,2
DA:344,4
DA:345,3
DA:346,2
DA:348,2
DA:349,4
DA:350,6
DA:351,4
DA:352,4
DA:353,4
DA:354,6
DA:355,4
DA:357,0
DA:358,0
DA:359,0
DA:360,0
DA:362,4
DA:363,4
DA:364,6
DA:365,8
DA:366,4
DA:367,4
DA:368,4
DA:369,4
DA:370,6
DA:372,2
DA:373,2
DA:375,4
DA:376,2
DA:378,2
DA:379,2
DA:389,2
DA:390,0
DA:391,0
DA:393,2
DA:395,2
DA:396,4
DA:410,2
DA:411,2
DA:413,2
DA:421,1
DA:425,1
DA:426,1
DA:428,1
DA:429,0
DA:430,0
DA:431,0
DA:433,1
DA:434,1
DA:437,1
DA:438,1
DA:439,1
DA:440,1
DA:441,1
DA:442,1
DA:443,1
DA:444,1
DA:445,1
DA:446,1
DA:448,1
DA:449,0
DA:450,0
DA:451,0
DA:452,0
DA:455,2
DA:456,2
DA:457,2
DA:458,2
DA:459,2
DA:460,2
DA:461,1
DA:462,1
DA:463,1
DA:464,1
DA:465,1
DA:467,1
DA:468,1
DA:469,1
DA:471,1
DA:472,1
DA:473,2
DA:474,1
DA:475,1
DA:476,1
DA:479,1
DA:480,1
DA:481,2
DA:482,1
DA:483,3
DA:484,3
DA:485,6
DA:486,5
DA:487,1
DA:488,1
DA:489,1
DA:490,4
DA:491,4
DA:492,4
DA:493,8
DA:494,12
DA:496,0
DA:497,0
DA:498,0
DA:499,0
DA:500,0
DA:501,0
DA:502,0
DA:503,0
DA:505,7
DA:506,1
DA:507,1
DA:509,1
DA:510,2
DA:511,4
DA:512,2
DA:513,2
DA:514,2
DA:515,2
DA:516,3
DA:518,1
DA:519,1
DA:521,2
DA:522,1
DA:524,1
DA:525,0
DA:535,1
DA:536,0
DA:537,0
DA:539,1
DA:540,0
DA:543,1
DA:544,1
DA:545,2
DA:559,1
DA:560,0
DA:562,1
DA:563,0
DA:566,1
DA:569,259
DA:571,469
DA:573,236
DA:574,5
DA:578,233
DA:579,230
DA:586,3
DA:590,3
DA:591,3
DA:593,3
DA:594,1
DA:595,1
DA:596,1
DA:598,2
DA:599,2
DA:602,3
DA:603,3
DA:604,3
DA:605,3
DA:606,3
DA:607,3
DA:608,3
DA:609,3
DA:611,3
DA:612,3
DA:613,3
DA:614,1
DA:615,2
DA:616,1
DA:617,1
DA:620,3
DA:621,3
DA:622,3
DA:624,3
DA:625,3
DA:626,9
DA:627,6
DA:628,6
DA:629,6
DA:632,6
DA:633,6
DA:634,12
DA:635,6
DA:636,18
DA:637,18
DA:638,36
DA:639,30
DA:640,10
DA:641,6
DA:642,2
DA:643,8
DA:644,14
DA:646,4
DA:647,4
DA:648,16
DA:649,16
DA:650,16
DA:651,16
DA:652,16
DA:653,16
DA:654,16
DA:656,6
DA:657,6
DA:659,3
DA:660,6
DA:661,3
DA:662,3
DA:664,3
DA:665,2
DA:675,3
DA:676,0
DA:677,0
DA:679,3
DA:680,3
DA:681,0
DA:684,3
DA:685,3
DA:686,3
DA:696,3
DA:697,1
DA:699,3
DA:700,2
DA:702,3
DA:706,1
DA:707,1
LF:354
LH:322
end_of_record
TN:
SF:src/stopping_criterion/cub_qmc_net_g.jl
DA:77,209
DA:87,418
DA:98,209
DA:99,209
DA:100,209
DA:103,209
DA:106,209
DA:107,209
DA:108,209
DA:109,0
DA:110,0
DA:112,209
DA:113,209
DA:254,418
DA:255,209
DA:256,0
DA:258,209
DA:259,209
DA:260,209
DA:262,209
DA:263,209
DA:264,209
DA:265,209
DA:267,209
DA:268,209
DA:269,209
DA:270,209
DA:271,209
DA:272,209
DA:273,209
DA:275,1071
DA:276,1071
DA:277,1071
DA:280,1071
DA:281,1071
DA:282,0
DA:283,0
DA:285,1071
DA:288,1071
DA:289,1071
DA:290,102326528
DA:292,1071
DA:297,1071
DA:298,31
DA:299,31
DA:300,31
DA:302,31
DA:303,4191232
DA:304,4191232
DA:305,7334912
DA:306,10478592
DA:307,4191232
DA:308,8382433
DA:309,4191232
DA:310,31
DA:311,31
DA:312,52
DA:313,73
DA:314,31
DA:317,1071
DA:318,2142
DA:319,1071
DA:320,1071
DA:321,3197704
DA:322,6394337
DA:323,1071
DA:325,1071
DA:326,1071
DA:327,1071
DA:328,0
DA:331,1071
DA:334,862
DA:335,862
DA:337,209
DA:338,209
DA:339,0
DA:342,209
DA:343,209
DA:344,209
DA:354,209
DA:355,3
DA:357,209
DA:358,0
DA:360,209
LF:84
LH:76
end_of_record
TN:
SF:src/stopping_criterion/cub_qmc_net_g_rep.jl
DA:36,4
DA:47,4
DA:57,4
DA:109,5
DA:116,5
DA:118,5
DA:119,5
DA:123,0
DA:124,0
DA:126,0
DA:127,0
DA:128,0
DA:129,0
DA:130,0
DA:131,0
DA:132,0
DA:133,0
DA:134,0
DA:135,0
DA:136,0
DA:137,0
DA:138,0
DA:139,0
DA:140,0
DA:152,0
DA:153,0
DA:154,0
DA:155,0
DA:157,0
DA:158,0
DA:170,0
DA:171,0
DA:172,0
DA:175,0
DA:176,0
DA:188,0
DA:189,0
DA:191,0
DA:193,5
DA:194,38
DA:195,38
DA:196,38
DA:197,71
DA:198,5
DA:201,0
DA:202,0
DA:203,0
DA:204,0
DA:205,0
DA:207,0
DA:211,0
DA:214,6
DA:215,3
DA:216,3
DA:218,3
DA:219,1
DA:220,1
DA:221,1
DA:223,2
DA:224,2
DA:227,3
DA:228,3
DA:229,3
DA:230,3
DA:231,3
DA:232,3
DA:233,3
DA:234,3
DA:235,3
DA:236,3
DA:238,5
DA:239,5
DA:240,5
DA:242,5
DA:243,10
DA:244,5
DA:245,5
DA:247,5
DA:248,1
DA:258,5
DA:259,2
DA:260,2
DA:262,3
DA:263,3
DA:264,0
DA:267,3
DA:268,3
DA:269,6
DA:281,3
DA:282,1
DA:284,3
DA:288,1
LF:92
LH:53
end_of_record
TN:
SF:src/stopping_criterion/cub_qmc_rep_student_t.jl
DA:56,4
DA:67,8
DA:79,4
DA:80,4
DA:81,4
DA:82,4
DA:83,4
DA:84,4
DA:99,30
DA:100,30
DA:102,0
DA:106,8
DA:107,4
DA:108,4
DA:109,4
DA:111,4
DA:114,4
DA:115,0
DA:116,0
DA:117,0
DA:119,4
DA:120,4
DA:123,4
DA:124,4
DA:125,4
DA:126,4
DA:127,4
DA:128,4
DA:132,72
DA:133,4
DA:135,30
DA:136,30
DA:140,30
DA:141,30
DA:142,30
DA:144,60
DA:145,60
DA:146,44
DA:147,44
DA:148,30
DA:151,60
DA:152,30
DA:153,60
DA:154,30
DA:156,30
DA:158,30
DA:159,0
DA:169,30
DA:170,4
DA:171,4
DA:174,26
DA:175,0
DA:177,0
DA:180,26
DA:181,26
DA:183,4
DA:184,8
DA:185,4
DA:186,8
DA:188,4
DA:202,4
DA:203,0
DA:205,4
LF:63
LH:55
end_of_record
TN:
SF:src/true_measure/acceptance_rejection.jl
DA:55,162
DA:63,162
DA:73,162
DA:74,0
DA:76,162
DA:77,0
DA:83,162
DA:84,0
DA:87,162
DA:88,162
DA:89,162
DA:90,162
DA:92,162
DA:93,162
DA:94,655104
DA:97,162
DA:110,164
DA:111,164
DA:112,164
DA:113,164
DA:119,164
DA:120,164
DA:121,164
DA:122,164
DA:124,655104
DA:126,655104
DA:129,655104
DA:130,655104
DA:131,327677
DA:132,327677
DA:133,327677
DA:134,327677
DA:136,1310044
DA:138,164
DA:141,164
DA:145,0
DA:146,0
DA:147,0
DA:148,0
DA:149,0
DA:150,0
DA:154,1
DA:232,1
DA:243,2
DA:252,1
DA:253,1
DA:254,1
DA:260,1
DA:261,1
DA:262,1
DA:263,2
DA:264,1
DA:288,1
DA:289,1
DA:290,1
DA:291,1
DA:292,1
DA:296,1
DA:297,1
DA:298,1
DA:299,1
DA:300,4096
DA:301,2048
DA:303,1
DA:308,1
DA:309,1
DA:310,1
DA:311,2048
DA:312,2048
DA:313,4096
DA:314,1008
DA:316,4095
DA:318,1
DA:319,1
DA:323,0
DA:324,0
DA:325,0
DA:326,0
DA:327,0
DA:328,0
DA:332,1
LF:81
LH:66
end_of_record
TN:
SF:src/true_measure/bernoulli_cont.jl
DA:35,2
DA:40,4
DA:41,2
DA:42,2
DA:43,2
DA:44,2
DA:48,1310720
DA:49,0
DA:51,1310720
DA:52,1310720
DA:55,2
DA:56,2
DA:57,2
DA:58,2
DA:59,2
DA:60,1310720
DA:61,2621438
DA:62,2
DA:63,2
LF:19
LH:18
end_of_record
TN:
SF:src/true_measure/brownian_motion.jl
DA:41,589
DA:50,996
DA:59,498
DA:60,498
DA:61,498
DA:62,0
DA:64,498
DA:65,0
DA:66,0
DA:68,0
DA:69,0
DA:70,498
DA:71,8
DA:72,8
DA:74,490
DA:78,996
DA:81,498
DA:82,498
DA:94,498
DA:95,498
DA:96,498
DA:97,498
DA:98,7466
DA:99,390786
DA:100,774106
DA:101,14434
DA:102,498
DA:105,2431
DA:107,2431
DA:109,4861
DA:110,4
DA:112,2431
DA:131,209
DA:132,209
DA:133,418
DA:134,0
DA:136,209
LF:37
LH:31
end_of_record
TN:
SF:src/true_measure/distributions_wrapper.jl
DA:40,3
DA:45,3
DA:50,3
DA:51,3
DA:52,0
DA:53,3
DA:54,3
DA:57,6
DA:59,0
DA:62,3
DA:65,5
DA:66,5
DA:67,5
DA:68,5
DA:69,29
DA:70,29
DA:72,53760
DA:73,26880
DA:74,53731
DA:75,53
DA:76,5
LF:21
LH:19
end_of_record
TN:
SF:src/true_measure/gaussian.jl
DA:44,855
DA:55,1710
DA:61,855
DA:62,15015
DA:63,855
DA:64,855
DA:66,855
DA:70,855
DA:71,855
DA:74,10
DA:75,855
DA:76,15005
DA:78,10
DA:81,10
DA:85,598
DA:86,855
DA:87,257
DA:88,598
DA:89,1
DA:94,1
DA:95,597
DA:96,597
DA:98,597
DA:100,0
DA:112,855
DA:113,855
DA:114,853
DA:115,853
DA:118,853
DA:119,15032
DA:120,6252
DA:122,29211
DA:124,853
DA:125,853
DA:126,853
DA:128,1706
DA:129,1706
DA:130,853
DA:132,2
DA:133,2
DA:137,2921
DA:138,2921
DA:142,2921
DA:143,2921
DA:145,5388
DA:147,2694
DA:148,5388
DA:149,2694
DA:159,227
DA:160,227
DA:161,227
DA:207,216
DA:209,7
DA:210,7
DA:211,7
DA:213,209
DA:214,418
DA:215,209
LF:58
LH:57
end_of_record
TN:
SF:src/true_measure/geometric_brownian_motion.jl
DA:33,91
DA:42,182
DA:53,91
DA:54,0
DA:56,91
DA:57,0
DA:59,91
DA:60,0
DA:62,91
DA:63,0
DA:66,91
DA:67,91
DA:68,91
DA:71,91
DA:72,91
DA:74,91
DA:76,91
DA:77,91
DA:80,91
DA:81,91
DA:82,1642412
DA:83,1648587
DA:85,91
DA:86,91
DA:88,91
DA:91,332
DA:92,332
DA:93,332
DA:94,332
DA:95,332
DA:96,332
DA:97,10926
DA:98,10926
DA:99,123284116
DA:101,21520
DA:102,332
DA:127,3
DA:128,3
DA:129,3
DA:130,3
DA:131,3
DA:132,3
DA:133,60
DA:134,60
DA:135,14822152
DA:137,117
DA:138,3
DA:141,1
DA:142,1
LF:49
LH:45
end_of_record
TN:
SF:src/true_measure/johnsons_su.jl
DA:39,2
DA:47,4
DA:48,2
DA:49,2
DA:50,2
DA:51,2
DA:52,2
DA:53,2
DA:54,2
DA:55,2
DA:58,2
DA:64,2
DA:65,2
DA:66,2
DA:67,2
DA:68,4
DA:69,2
LF:17
LH:17
end_of_record
TN:
SF:src/true_measure/kumaraswamy.jl
DA:35,4
DA:41,8
DA:42,4
DA:43,4
DA:44,4
DA:45,4
DA:46,4
DA:47,4
DA:50,4
DA:51,4
DA:52,4
DA:53,4
DA:54,4
DA:55,4
DA:56,4
DA:57,1835008
DA:58,3670012
DA:59,4
DA:60,4
LF:19
LH:19
end_of_record
TN:
SF:src/true_measure/lebesgue.jl
DA:34,3
DA:41,6
DA:42,3
DA:43,3
DA:44,3
DA:45,3
DA:47,6
DA:48,3
DA:51,14
DA:53,28
DA:54,14
LF:11
LH:11
end_of_record
TN:
SF:src/true_measure/student_t.jl
DA:37,3
DA:44,6
DA:45,3
DA:46,3
DA:47,3
DA:48,3
DA:49,3
DA:50,3
DA:51,3
DA:52,3
DA:53,6
DA:54,3
DA:60,20000
DA:61,10000
DA:86,1
DA:87,1
DA:88,1
DA:89,1
DA:90,10000
DA:92,1
DA:93,1
DA:108,2
DA:113,2
DA:114,2
DA:115,2
DA:116,2
DA:117,20000
DA:118,39998
DA:119,2
DA:120,2
DA:140,3
DA:141,3
DA:142,3
DA:143,3
DA:144,3
DA:174,1
DA:190,2
LF:37
LH:37
end_of_record
TN:
SF:src/true_measure/triangular.jl
DA:32,2
DA:39,4
DA:40,2
DA:41,2
DA:42,2
DA:43,2
DA:44,2
DA:45,2
DA:46,2
DA:51,20000
DA:52,20000
DA:53,13352
DA:55,6648
DA:59,2
DA:60,2
DA:61,2
DA:62,2
DA:63,2
DA:64,20000
DA:65,39998
DA:66,2
DA:67,2
LF:22
LH:22
end_of_record
TN:
SF:src/true_measure/uniform.jl
DA:43,66
DA:49,132
DA:50,66
DA:51,250
DA:52,250
DA:53,66
DA:55,66
DA:59,10
DA:60,138
DA:61,496
DA:63,10
DA:66,10
DA:70,345
DA:72,690
DA:73,345
DA:84,1
LF:16
LH:16
end_of_record
TN:
SF:src/true_measure/uniform_triangle.jl
DA:28,1
DA:29,1
DA:30,1
DA:34,1
DA:35,4096
DA:36,4096
DA:38,1
DA:39,1
DA:40,1
DA:41,1
LF:10
LH:10
end_of_record
TN:
SF:src/true_measure/zero_inflated_exp_uniform.jl
DA:31,1
DA:38,1
DA:45,1
DA:46,1
DA:47,1
DA:48,1
DA:49,1
DA:54,1
DA:55,1
DA:56,4096
DA:57,4096
DA:59,4096
DA:60,1
DA:61,1
DA:63,1
DA:64,4096
DA:65,1229
DA:66,2867
DA:68,1433
DA:71,1434
DA:73,8191
DA:74,1
LF:22
LH:22
end_of_record
TN:
SF:src/util/bernoulli.jl
DA:41,0
DA:42,0
DA:43,0
DA:44,0
DA:45,0
DA:46,0
DA:47,0
DA:48,0
DA:49,0
DA:50,0
DA:51,0
DA:52,0
DA:53,0
DA:54,0
DA:55,0
DA:57,0
LF:16
LH:0
end_of_record
TN:
SF:src/util/bro_fft.jl
DA:36,4
DA:37,1270
DA:38,1270
DA:40,1270
DA:41,1270
DA:49,4
DA:50,4
DA:51,4
DA:54,1274
DA:55,1274
DA:56,1274
DA:57,1274
DA:58,1274
DA:59,668949216
DA:60,38919488
DA:61,77837702
DA:62,1274
DA:66,38919488
DA:67,38919488
DA:68,668949216
DA:69,668949216
DA:70,1298978944
DA:71,38919488
LF:23
LH:23
end_of_record
TN:
SF:src/util/diagnostics.jl
DA:40,614
DA:49,614
DA:52,21
DA:55,26
DA:57,31
DA:58,10
DA:59,37
DA:60,3
DA:61,10
DA:64,131
DA:72,131
DA:73,131
DA:81,131
DA:82,131
DA:90,21
DA:93,10
DA:241,38
DA:270,76
DA:277,76
DA:278,38
DA:279,0
DA:281,0
DA:283,38
DA:284,38
DA:286,76
DA:288,38
DA:289,197
DA:291,201
DA:294,76
DA:296,38
DA:298,38
DA:299,38
DA:300,38
DA:399,10
DA:400,10
DA:401,10
DA:403,5
DA:407,5
DA:409,5
DA:410,5
DA:412,5
DA:413,5
DA:414,5
DA:415,2
DA:416,8
DA:420,8
DA:422,5
DA:423,5
DA:426,5
DA:427,5
DA:428,5
DA:429,5
DA:434,5
DA:435,8
DA:447,8
DA:450,5
DA:459,5
DA:478,3
DA:492,2
LF:59
LH:57
end_of_record
TN:
SF:src/util/fwht.jl
DA:36,1613
DA:37,1613
DA:38,1613
DA:39,1613
DA:40,19447
DA:41,35668
DA:42,110451475
DA:43,1200386048
DA:44,1200386048
DA:45,1200386048
DA:46,1200386048
DA:47,2290320621
DA:48,220885116
DA:49,17834
DA:50,17834
DA:51,1613
DA:60,4
DA:61,3226
DA:62,1613
DA:63,1613
DA:169,1123
DA:170,1123
DA:171,1123
DA:181,1123
DA:209,1102
DA:216,2204
DA:217,11758
DA:218,11758
DA:219,11758
DA:220,106503798
DA:221,106503798
DA:222,106503798
DA:223,53044985
DA:225,212995838
DA:226,11758
DA:227,21462
DA:228,29570172
DA:229,528275874
DA:230,528275874
DA:231,528275874
DA:232,528275874
DA:233,29570172
DA:234,22414
DA:235,1102
LF:44
LH:44
end_of_record
TN:
SF:src/util/latnetbuilder_linker.jl
DA:39,2
DA:40,2
DA:41,2
DA:43,2
DA:44,2
DA:46,14
DA:48,2
DA:50,1
DA:51,1
DA:52,1
DA:53,1
DA:54,3
DA:55,5
DA:56,1
DA:59,1
DA:60,1
DA:61,1
DA:62,1
DA:63,1
DA:65,1
DA:66,1
DA:67,0
DA:68,1
DA:69,1
DA:73,2
DA:74,1
DA:76,1
DA:77,2
DA:78,2
DA:79,2
DA:80,4
DA:81,4
DA:82,4
DA:83,6
DA:85,2
DA:86,4
DA:87,6
DA:88,3
DA:90,1
LF:39
LH:38
end_of_record
TN:
SF:src/util/periodization.jl
DA:57,19
DA:58,27
DA:59,11
DA:60,8
DA:61,5
DA:62,3
DA:63,0
DA:64,3
DA:65,0
DA:66,3
DA:67,0
DA:68,3
DA:69,3
DA:71,0
DA:85,19
DA:86,19
DA:87,19
DA:88,20992
DA:90,27
DA:91,14
DA:94,5
DA:95,5
DA:96,0
DA:97,0
DA:98,0
DA:99,0
DA:100,0
DA:101,0
DA:103,5
DA:109,5
DA:110,3840
DA:111,3850
DA:112,5
DA:115,3840
DA:116,0
DA:117,0
DA:118,0
DA:119,14336
DA:120,3840
DA:121,0
DA:122,0
DA:123,0
LF:42
LH:26
end_of_record
