TN:
SF:src/QuasiMC.jl
DA:98,4
LF:1
LH:1
end_of_record
TN:
SF:src/abstract_types.jl
DA:42,16
DA:48,8
DA:49,2
DA:51,3
DA:52,1
DA:54,7
DA:55,3
DA:57,3
DA:58,1
DA:60,5
DA:61,3
DA:62,3
DA:63,1
DA:64,2
DA:65,2
DA:67,0
DA:70,5
DA:80,32445
DA:81,34
DA:82,1
DA:100,249
DA:123,601
DA:131,952
DA:141,1169
DA:149,186
DA:153,17
DA:184,2
DA:185,2
DA:186,2
DA:187,2
DA:193,2
DA:200,2
DA:229,45
DA:237,15
DA:245,1
DA:254,24
DA:263,17
DA:276,17
DA:286,12
DA:287,24
DA:288,24
DA:289,12
DA:290,24
DA:291,12
DA:292,12
DA:293,12
DA:294,12
DA:295,23
DA:296,23
DA:297,23
DA:298,23
DA:299,23
DA:300,23
DA:301,23
DA:302,23
DA:303,23
DA:304,23
DA:305,23
DA:307,0
DA:308,0
DA:310,34
DA:311,12
DA:323,74
DA:327,1
DA:328,1
DA:329,1
DA:330,2
DA:331,1
DA:332,0
DA:333,0
DA:335,2
DA:336,1
DA:338,1
DA:339,1
DA:354,13
LF:75
LH:70
end_of_record
TN:
SF:src/discrete_distribution/digital_net_any_bases.jl
DA:51,16
DA:63,40
DA:72,21
DA:73,19
DA:74,20
DA:77,18
DA:78,18
DA:79,18
DA:81,18
DA:83,3
DA:86,16
DA:90,40
DA:91,16
DA:93,16
DA:95,16
DA:109,578
DA:110,4100
DA:111,578
DA:112,578
DA:113,4100
DA:114,4100
DA:115,7622
DA:116,578
DA:119,578
DA:120,578
DA:122,4100
DA:123,578
DA:124,35960
DA:125,39482
DA:127,578
DA:128,1156
DA:129,4100
DA:130,7622
DA:131,578
DA:134,9
DA:136,9
DA:137,18
DA:138,9
DA:139,18
DA:140,18
DA:141,18
DA:142,36
DA:144,36
DA:145,36
DA:146,36
DA:147,1152
DA:148,1152
DA:149,1152
DA:150,2268
DA:151,36
DA:152,1152
DA:153,2304
DA:154,2268
DA:155,54
DA:156,18
DA:157,27
DA:158,9
DA:161,30
DA:162,15
DA:163,15
DA:164,15
DA:165,15
DA:166,18
DA:168,30
DA:169,1
DA:172,27
DA:174,15
DA:176,37
DA:177,13
DA:179,29
DA:182,21
DA:183,237
DA:184,474
DA:185,237
DA:186,578
DA:187,919
DA:190,341
DA:191,185
DA:192,451
DA:193,717
DA:197,465
DA:199,237
DA:200,172
DA:202,65
DA:204,453
DA:205,27
DA:207,15
DA:210,2
DA:211,2
DA:212,2
DA:213,2
DA:254,14
DA:255,7
DA:258,7
DA:259,8
DA:260,1
DA:261,1
DA:263,7
DA:266,7
DA:267,7
DA:268,20
DA:269,2000
DA:271,1100
DA:274,2180
DA:275,33
DA:277,7
DA:287,8
DA:288,8
DA:289,8
DA:290,2
DA:291,1
DA:292,1
DA:293,0
DA:294,0
DA:295,0
DA:296,1
LF:116
LH:113
end_of_record
TN:
SF:src/discrete_distribution/digital_net_b2.jl
DA:122,5
DA:123,5
DA:124,9
DA:125,1
DA:126,1
DA:127,2
DA:128,1
DA:129,678432
DA:131,678432
DA:134,1356863
DA:135,1
DA:136,1
DA:154,137
DA:155,137
DA:156,137
DA:161,142
DA:163,274
DA:164,137
DA:165,28869
DA:166,28869
DA:167,923808
DA:168,1818747
DA:169,57601
DA:170,137
DA:173,6
DA:174,6
DA:175,6
DA:176,6
DA:177,6
DA:178,6
DA:179,6
DA:180,6
DA:182,6
DA:185,6
DA:186,6
DA:187,6
DA:188,9
DA:189,3
DA:191,3
DA:199,1106
DA:200,1106
DA:201,2212
DA:203,1106
DA:206,5
DA:207,5
DA:208,10
DA:209,2094
DA:210,2094
DA:211,2078
DA:212,4183
DA:213,5
DA:218,10
DA:219,5
DA:221,10
DA:222,10
DA:227,6
DA:232,8
DA:233,8
DA:238,8
DA:239,8
DA:244,4
DA:249,4
DA:254,4
DA:255,4
DA:256,4
DA:258,8
DA:259,8
DA:260,4
DA:261,1032
DA:266,1032
DA:267,2212
DA:268,1106
DA:273,1106
DA:274,1106
DA:276,0
DA:277,0
DA:283,0
DA:285,1180
DA:286,2060
DA:287,4
DA:290,0
DA:291,0
DA:292,0
DA:293,0
DA:294,0
DA:295,0
DA:296,0
DA:298,0
DA:299,0
DA:305,0
DA:323,145
DA:336,143
DA:337,143
DA:338,143
DA:340,143
DA:341,143
DA:342,51
DA:343,92
DA:344,26
DA:345,66
DA:346,10
DA:347,149
DA:348,10
DA:349,46
DA:350,0
DA:351,47
DA:352,46
DA:354,0
DA:361,30
DA:362,30
DA:363,30
DA:365,30
DA:366,30
DA:367,29
DA:368,27
DA:369,25
DA:370,1
DA:377,13
DA:378,15
DA:383,11
DA:384,12
DA:389,20
DA:390,20
DA:391,10
DA:392,1123
DA:393,1124
DA:398,1124
DA:403,1120
DA:404,1120
DA:406,0
DA:407,0
DA:413,0
DA:415,2153
DA:416,7
DA:419,32
DA:421,13
DA:426,13
DA:427,7
DA:428,2
DA:429,2
DA:430,32
DA:431,34
DA:433,7
DA:436,155
DA:437,155
DA:438,131
DA:439,24
DA:440,13
DA:441,11
DA:442,11
DA:443,5
DA:445,6
DA:447,6
DA:451,6
DA:452,5
DA:453,1
DA:455,1
DA:457,0
DA:459,0
DA:466,316
DA:478,157
DA:479,157
DA:480,157
DA:481,157
DA:488,155
DA:489,22
DA:492,155
DA:493,155
DA:495,148
DA:496,147
DA:499,1
DA:501,146
DA:504,146
DA:505,146
DA:506,146
DA:507,149
DA:509,143
DA:510,143
DA:513,143
DA:542,330
DA:564,165
DA:565,330
DA:566,165
DA:567,165
DA:568,165
DA:569,898
DA:570,449
DA:573,417
DA:574,13344
DA:575,13344
DA:576,13344
DA:577,26271
DA:581,32
DA:582,1024
DA:584,1024
DA:585,1024
DA:586,2016
DA:587,32
DA:588,992
DA:589,992
DA:591,449
DA:592,14368
DA:593,14368
DA:594,14368
DA:595,491520
DA:596,491520
DA:597,144448
DA:599,968672
DA:600,14368
DA:601,28287
DA:602,733
DA:603,165
DA:610,240
DA:611,240
DA:612,480
DA:613,240
DA:614,931698
DA:615,962573
DA:616,240
DA:619,167
DA:620,167
DA:621,159
DA:622,159
DA:625,281
DA:626,11
DA:635,154
DA:637,24
DA:647,48
DA:648,24
DA:649,24
DA:652,4
DA:654,8
DA:656,4
DA:666,4
DA:667,4
DA:668,4
DA:669,8
DA:670,4
DA:671,4
DA:672,4
DA:679,462
DA:680,231
DA:681,250
DA:682,231
DA:683,231
DA:685,363
DA:686,129
DA:687,129
DA:688,123
DA:689,123
DA:690,117
DA:692,129
DA:703,123
DA:704,123
DA:705,99
DA:706,99
DA:708,42
DA:709,24
DA:711,108
DA:712,58
DA:714,56
DA:715,54
DA:717,58
DA:728,56
DA:729,56
DA:730,56
DA:731,52
DA:732,6
DA:734,12
DA:736,12
DA:737,6
DA:738,6
DA:740,0
DA:744,6
DA:746,6
DA:747,6
DA:748,8
DA:749,16
DA:759,4
DA:760,4
DA:762,6
DA:763,2
DA:765,6
DA:766,12
DA:767,6
DA:768,6
DA:770,55
DA:771,46
DA:772,37
DA:774,55
DA:785,46
DA:786,27961
DA:787,46
DA:790,225
DA:791,450
DA:792,225
DA:793,224
DA:794,186
DA:809,38
DA:825,2
DA:826,1
DA:827,1
DA:829,0
DA:831,2
DA:832,1
DA:833,1
DA:835,225
DA:870,510
DA:871,255
DA:872,255
DA:873,255
DA:874,510
DA:875,258
DA:882,273
DA:883,231
DA:886,21
DA:887,21
DA:888,25
DA:889,21
DA:890,21
DA:892,32
DA:893,14
DA:894,14
DA:895,24
DA:896,12
DA:897,42
DA:898,42
DA:899,42
DA:900,3904
DA:901,3984
DA:902,72
DA:903,14
DA:915,12
DA:916,42
DA:917,12
DA:918,10
DA:919,10
DA:921,14
DA:922,2
DA:924,9
DA:925,3
DA:927,3
DA:939,2
DA:940,2
DA:941,2
DA:942,2
DA:943,7
DA:944,3
DA:946,6
DA:947,3
DA:948,3
DA:950,0
DA:953,6
DA:954,3
DA:955,3
DA:956,8
DA:957,16
DA:958,8
DA:959,8
DA:960,8
DA:961,8
DA:962,16
DA:972,4
DA:973,4
DA:975,8
DA:976,2
DA:979,16
DA:980,8
DA:981,8
DA:982,8
DA:983,13
DA:984,3
DA:986,4
DA:987,4
DA:999,4
DA:1000,4
DA:1001,20
DA:1002,4
DA:1005,55
DA:1006,36
DA:1007,18
DA:1008,18
DA:1009,18
DA:1024,0
DA:1040,0
DA:1041,0
DA:1042,0
DA:1044,0
DA:1046,0
DA:1047,0
DA:1048,0
DA:1050,18
DA:1081,1856
DA:1082,1856
DA:1083,1856
DA:1084,1856
DA:1085,59392
DA:1086,59392
DA:1088,59392
DA:1089,59392
DA:1090,59392
DA:1091,59392
DA:1092,59392
DA:1093,116928
DA:1094,1856
DA:1105,14
DA:1112,14
DA:1113,608
DA:1114,1856
DA:1115,1856
DA:1116,3104
DA:1117,608
LF:412
LH:381
end_of_record
TN:
SF:src/discrete_distribution/halton.jl
DA:67,5
DA:75,14
DA:82,7
DA:83,7
DA:85,7
DA:86,6
DA:89,5
DA:90,5
DA:104,8
DA:105,4
DA:106,4
DA:107,4
DA:108,11
DA:109,6
DA:111,8
DA:114,13
DA:116,8
DA:117,2
DA:120,2
DA:124,4
DA:125,2
DA:126,7
DA:127,7
DA:128,12
DA:129,2
LF:25
LH:25
end_of_record
TN:
SF:src/discrete_distribution/iid_std_uniform.jl
DA:41,120
DA:46,240
DA:47,120
DA:48,120
DA:49,120
DA:52,1174
DA:53,587
DA:54,587
LF:8
LH:8
end_of_record
TN:
SF:src/discrete_distribution/kronecker.jl
DA:50,3
DA:58,2
DA:59,2
DA:60,2
DA:61,8
DA:62,6
DA:63,6
DA:64,5
DA:65,2
DA:66,1
DA:67,1
DA:69,1
DA:70,6
DA:71,5
DA:73,6
DA:74,6
DA:75,2
DA:78,8
DA:79,4
DA:81,4
DA:82,2
DA:83,2
DA:84,2
DA:85,1
DA:90,1
DA:92,1
DA:95,3
DA:96,3
DA:97,2
DA:98,2
DA:100,2
DA:103,3
DA:112,8
DA:113,4
DA:114,4
DA:115,8
DA:119,4
DA:120,10
DA:121,10
DA:122,10
DA:123,4620
DA:124,9230
DA:125,16
DA:127,4
LF:44
LH:44
end_of_record
TN:
SF:src/discrete_distribution/lattice.jl
DA:114,83
DA:131,1
DA:133,92
DA:137,92
DA:138,92
DA:139,92
DA:140,92
DA:141,93
DA:147,91
DA:150,10
DA:151,10
DA:156,20
DA:157,10
DA:158,43
DA:159,44
DA:162,42
DA:163,42
DA:165,0
DA:166,0
DA:172,0
DA:174,75
DA:175,9
DA:178,3
DA:179,3
DA:180,3
DA:181,3
DA:182,3
DA:183,6
DA:184,26
DA:185,26
DA:186,26
DA:187,6
DA:188,6
DA:189,6
DA:190,40
DA:191,0
DA:192,0
DA:193,0
DA:195,26
DA:196,20
DA:197,40
DA:200,20
DA:201,26
DA:203,3
DA:204,3
DA:205,3
DA:210,3
DA:215,3
DA:218,3
DA:221,3
DA:222,3
DA:223,3
DA:225,3
DA:227,4
DA:232,2
DA:234,0
DA:235,0
DA:238,0
DA:240,0
DA:243,9
DA:244,9
DA:245,9
DA:246,9
DA:247,9
DA:248,9
DA:249,9
DA:250,9
DA:252,9
DA:255,9
DA:256,9
DA:257,9
DA:258,12
DA:259,3
DA:261,6
DA:269,1
DA:270,1
DA:271,1
DA:272,1
DA:273,1
DA:274,1
DA:275,1
DA:277,1
DA:278,1
DA:284,1
DA:288,4
DA:289,6
DA:291,4
DA:292,2
DA:293,2
DA:294,2
DA:295,2
DA:296,6
DA:297,10
DA:299,2
DA:302,89
DA:308,89
DA:309,63
DA:314,62
DA:319,124
DA:320,26
DA:321,10
DA:326,8
DA:330,7
DA:331,7
DA:332,17
DA:333,5
DA:338,4
DA:339,2
DA:340,12
DA:341,12
DA:346,12
DA:347,3
DA:348,2
DA:349,2
DA:354,2
DA:356,9
DA:358,9
DA:359,11
DA:360,8
DA:365,8
DA:367,1
DA:368,0
DA:369,0
DA:374,0
DA:376,0
DA:384,201
DA:393,92
DA:394,92
DA:395,91
DA:396,7
DA:400,89
DA:401,89
DA:403,89
DA:404,159
DA:406,105
DA:408,81
DA:422,588
DA:423,588
DA:424,1171
DA:425,583
DA:426,586
DA:433,585
DA:434,585
DA:435,558
DA:440,556
DA:448,1176
DA:449,588
DA:450,588
DA:451,588
DA:452,583
DA:453,952
DA:454,583
DA:457,583
DA:458,540
DA:462,1166
DA:463,583
DA:464,27
DA:465,1
DA:467,27
DA:468,556
DA:469,554
DA:471,2
DA:475,583
DA:478,1166
DA:479,583
DA:481,583
LF:166
LH:152
end_of_record
TN:
SF:src/discrete_distribution/qmctoolscl_c.jl
DA:20,4
DA:22,4
DA:23,4
DA:26,4
DA:27,16
DA:28,0
DA:30,20
DA:33,4
DA:34,0
DA:40,4
DA:41,16
DA:42,16
DA:43,16
DA:44,0
DA:45,0
DA:46,0
DA:48,16
DA:49,20
DA:51,4
DA:52,8
DA:53,16
DA:54,12
DA:56,4
DA:57,4
DA:58,4
DA:59,24
DA:60,24
DA:61,8
DA:62,8
DA:64,24
DA:66,4
DA:76,8
DA:77,4
DA:78,4
DA:79,4
DA:81,4
DA:93,4
DA:94,4
DA:95,4
DA:96,4
DA:97,4
DA:98,8
DA:99,4
DA:100,4
DA:101,8
DA:102,4
DA:103,4
DA:104,8
DA:105,4
DA:106,4
DA:108,0
DA:109,0
DA:111,0
DA:113,0
DA:114,0
DA:115,0
DA:116,0
DA:117,0
DA:118,0
DA:119,0
DA:121,0
DA:122,0
DA:123,0
DA:124,0
DA:136,0
DA:145,0
DA:149,0
DA:150,0
DA:161,0
DA:167,1475
DA:168,1475
DA:169,1475
DA:181,445
DA:183,445
DA:186,390
DA:188,390
DA:206,27
DA:207,27
DA:222,554
DA:229,554
DA:245,2
DA:252,2
DA:268,583
DA:277,583
DA:321,10
DA:330,10
DA:358,0
DA:367,0
DA:395,9
DA:405,9
DA:435,24
DA:446,24
DA:478,15
DA:486,15
DA:530,204
DA:544,204
DA:582,38
DA:596,38
DA:649,9
DA:658,9
LF:100
LH:74
end_of_record
TN:
SF:src/integrand/asian_option.jl
DA:41,7
DA:52,14
DA:61,7
DA:62,7
DA:63,7
DA:65,7
DA:66,6
DA:68,1
DA:70,7
DA:83,4
DA:84,4
DA:85,4
DA:86,4
DA:87,4
DA:88,4
DA:89,4
DA:90,4
DA:91,4
DA:92,2056
DA:97,4
DA:98,3
DA:99,20
DA:100,20
DA:101,8448
DA:102,0
DA:103,37
DA:104,3
DA:106,1
DA:107,1
DA:108,8
DA:109,8
DA:110,4000
DA:111,0
DA:112,15
DA:113,1
DA:116,4
DA:117,8
DA:118,4
DA:119,2056
DA:120,1756
DA:122,2356
DA:124,2056
DA:125,4108
DA:127,4
DA:147,3
DA:148,4
DA:152,2
DA:153,2
DA:154,2
DA:155,2
DA:156,2
DA:157,2
DA:159,2
DA:160,2
DA:161,2
DA:162,2
DA:163,2
DA:164,2
LF:58
LH:56
end_of_record
TN:
SF:src/integrand/bayesian_lr_coeffs.jl
DA:42,2
DA:50,4
DA:55,2
DA:56,2
DA:57,2
DA:62,3
DA:64,148
DA:67,2
DA:74,120
DA:75,120
DA:76,120
DA:80,240
DA:81,120
DA:82,20
DA:84,120
DA:85,6000
DA:87,6000
DA:88,450
DA:89,5550
DA:90,450
DA:92,5100
DA:94,11880
DA:95,120
DA:98,2
DA:99,2
DA:100,2
DA:104,4
DA:105,2
DA:106,120
DA:107,238
DA:110,2
DA:111,4
DA:112,4
DA:118,4
DA:119,2
DA:122,120
DA:123,238
DA:124,2
LF:38
LH:38
end_of_record
TN:
SF:src/integrand/box_integral.jl
DA:28,2
DA:33,4
DA:35,1
DA:36,1
DA:37,1
DA:43,5000
DA:44,1
DA:45,3
DA:46,15000
DA:47,0
DA:48,5
DA:49,2
DA:50,1
DA:51,5000
DA:52,9999
DA:53,1
LF:16
LH:15
end_of_record
TN:
SF:src/integrand/custom_fun.jl
DA:41,25
DA:46,25
DA:48,89
DA:49,24335
DA:50,89
DA:51,1
DA:53,152
DA:72,96
DA:73,66
DA:74,52
DA:85,1
DA:86,2
DA:87,1
DA:98,140
DA:99,81
DA:100,60
DA:101,2
DA:102,1
DA:104,59
DA:114,101
DA:115,101
DA:116,117
LF:22
LH:22
end_of_record
TN:
SF:src/integrand/financial_option.jl
DA:70,27
DA:85,56
DA:98,28
DA:99,1
DA:102,27
DA:103,17
DA:104,17
DA:105,17
DA:107,10
DA:108,10
DA:109,10
DA:111,27
DA:113,27
DA:114,27
DA:119,27
DA:121,27
DA:122,6
DA:124,6
DA:128,27
DA:129,27
DA:130,26
DA:132,1
DA:135,27
DA:137,27
DA:171,7200
DA:172,7200
DA:173,7200
DA:175,7200
DA:176,2000
DA:177,2000
DA:178,5200
DA:179,1300
DA:180,2000
DA:182,300
DA:184,1300
DA:185,3900
DA:186,1300
DA:187,1000
DA:189,300
DA:191,2600
DA:192,2000
DA:193,2000
DA:194,2000
DA:195,600
DA:196,600
DA:198,0
DA:200,7200
DA:203,600
DA:204,600
DA:205,600
DA:206,600
DA:207,600
DA:210,600
DA:211,2496
DA:213,1427
DA:217,900
DA:218,600
DA:219,302
DA:223,298
DA:226,19
DA:227,19
DA:228,19
DA:229,19
DA:234,19
DA:235,2
DA:236,2
DA:237,2
DA:238,1
DA:240,1
DA:250,17
DA:251,3
DA:252,3
DA:253,600
DA:254,3
DA:255,1
DA:256,16
DA:257,3200
DA:258,0
DA:259,31
DA:260,1
DA:262,2
DA:263,32
DA:264,6400
DA:265,0
DA:266,62
DA:267,2
DA:269,3
DA:270,1
DA:272,2
DA:278,14
DA:279,1
DA:280,1
DA:281,1
DA:282,0
DA:284,1
DA:291,13
DA:292,2
DA:293,400
DA:294,2
DA:295,1
DA:296,15
DA:297,3000
DA:298,0
DA:299,29
DA:300,1
DA:301,1
DA:303,1
DA:304,15
DA:305,3000
DA:306,0
DA:307,29
DA:308,1
DA:309,1
DA:315,11
DA:316,3
DA:317,3
DA:318,3
DA:319,3
DA:320,3
DA:321,3
DA:322,2
DA:323,66
DA:324,53200
DA:325,0
DA:326,130
DA:328,1
DA:329,16
DA:330,3200
DA:331,0
DA:332,16
DA:334,5
DA:335,3
DA:336,2
DA:338,1
DA:342,8
DA:343,16
DA:344,8
DA:347,0
DA:348,0
DA:349,0
DA:354,8
DA:355,8
DA:356,8
DA:357,8
DA:358,8
DA:359,16
DA:360,8
DA:361,7200
DA:362,28800
DA:363,50400
DA:364,7200
DA:365,7200
DA:367,8
DA:379,5
DA:380,5
DA:381,5
DA:382,5
DA:383,5
DA:384,5
DA:385,5
DA:386,5
DA:397,9
DA:398,9
DA:399,9
DA:400,9
DA:401,9
DA:402,9
DA:403,9
DA:405,9
DA:406,1
DA:407,1
DA:409,8
DA:411,2
DA:412,2
DA:413,2
DA:414,2
DA:415,2
DA:416,2
DA:417,6
DA:421,4
DA:422,4
DA:423,4
DA:424,4
DA:425,4
DA:426,4
DA:428,2
LF:186
LH:175
end_of_record
TN:
SF:src/integrand/financial_option_ml.jl
DA:53,15
DA:66,15
DA:67,15
DA:68,15
DA:69,15
DA:74,15
DA:77,4
DA:88,2
DA:89,2
DA:90,2
DA:91,2
DA:106,16
DA:117,8
DA:118,8
DA:119,8
DA:134,10
DA:145,5
DA:146,5
DA:147,5
DA:148,5
DA:149,5
DA:150,5
DA:165,15
DA:169,72
DA:170,72
DA:176,60
DA:177,60
DA:178,60
DA:179,60
DA:180,60
DA:181,60
DA:182,120
DA:183,60
DA:184,60
DA:185,260
DA:186,460
DA:187,60
DA:190,200
DA:191,200
DA:192,200
DA:193,200
DA:194,400
DA:195,200
DA:196,880
DA:197,1560
DA:198,200
DA:201,320
DA:202,320
DA:203,320
DA:204,100
DA:205,200
DA:206,100
DA:207,220
DA:208,180
DA:209,180
DA:210,180
DA:211,160
DA:213,40
DA:215,20
DA:218,40
DA:219,40
DA:220,20
DA:223,20
DA:224,40
DA:225,20
DA:226,80
DA:227,140
DA:228,20
DA:229,20
DA:235,460
DA:236,460
DA:237,460
DA:239,460
DA:240,20
DA:241,20
DA:242,440
DA:243,360
DA:244,580
DA:246,20
DA:248,360
DA:249,80
DA:250,40
DA:251,20
DA:253,20
DA:255,40
DA:256,40
DA:257,60
DA:258,40
DA:260,0
DA:264,12
DA:265,12
DA:266,12
DA:267,12
DA:268,12
DA:269,12
DA:271,320
DA:272,320
DA:274,12
DA:275,320
DA:276,600
DA:277,320
DA:279,320
DA:280,140
DA:282,628
DA:284,12
LF:105
LH:104
end_of_record
TN:
SF:src/integrand/four_branch2d.jl
DA:37,2
DA:42,4
DA:43,2
DA:44,2
DA:45,2
DA:48,2
DA:49,2
DA:50,2
DA:51,4
DA:52,2
DA:53,1003
DA:54,1003
DA:55,1003
DA:56,2004
DA:57,2
LF:15
LH:15
end_of_record
TN:
SF:src/integrand/genz.jl
DA:46,44
DA:56,88
DA:62,44
DA:63,44
DA:64,58
DA:65,58
DA:66,44
DA:67,44
DA:68,44
DA:71,99
DA:72,99
DA:73,99
DA:74,99
DA:75,198
DA:77,99
DA:80,2
DA:81,2
DA:83,98
DA:88,500
DA:89,1
DA:90,3
DA:91,3
DA:92,3
DA:93,1500
DA:94,0
DA:95,3
DA:97,97
DA:100,500
DA:101,1
DA:102,3
DA:103,3
DA:104,1500
DA:105,0
DA:106,5
DA:107,1
DA:109,96
DA:112,31220
DA:113,41
DA:114,83
DA:115,83
DA:116,83
DA:117,62940
DA:118,0
DA:119,125
DA:120,41
DA:122,55
DA:125,66116
DA:126,28
DA:127,58
DA:128,58
DA:129,58
DA:130,182732
DA:131,0
DA:132,88
DA:133,28
DA:135,27
DA:139,27
DA:140,25844
DA:141,27
DA:142,55
DA:143,55
DA:144,55
DA:145,52188
DA:146,38873
DA:147,38873
DA:148,19430
DA:150,19443
DA:153,104321
DA:154,83
DA:155,27
DA:156,25844
DA:157,25844
DA:160,99
DA:168,17
DA:169,17
DA:170,17
DA:171,17
DA:173,17
DA:176,2
DA:177,2
DA:178,2
DA:179,3
DA:180,3
DA:181,3
DA:183,4
DA:184,2
DA:186,15
DA:187,1
DA:188,1
DA:189,2
DA:190,3
DA:191,1
DA:193,14
DA:198,10
DA:199,2
DA:200,2
DA:201,2
DA:202,8
DA:203,8
DA:204,8
DA:205,16
DA:206,8
DA:207,8
DA:209,24
DA:210,8
DA:211,14
DA:212,2
DA:213,2
DA:214,2
DA:215,2
DA:216,2
DA:218,12
DA:219,3
DA:220,3
DA:221,6
DA:222,6
DA:223,6
DA:224,1
DA:226,5
DA:227,9
DA:228,3
DA:230,9
DA:231,7
DA:232,7
DA:233,15
DA:234,15
DA:235,15
DA:236,1
DA:238,14
DA:240,23
DA:241,7
DA:243,2
DA:244,2
DA:245,2
DA:246,4
DA:247,4
DA:248,4
DA:249,1
DA:251,3
DA:253,6
DA:254,2
LF:141
LH:137
end_of_record
TN:
SF:src/integrand/hartmann6d.jl
DA:29,2
DA:33,2
DA:34,2
DA:35,2
DA:36,2
DA:55,3
DA:56,3
DA:57,1002
DA:58,1002
DA:59,1002
DA:60,1002
DA:63,3
DA:64,18
DA:65,18
DA:66,18
DA:67,18
DA:68,18
DA:69,18
DA:70,18
DA:71,18
DA:72,18
DA:73,6012
DA:74,6012
DA:75,6012
DA:76,6012
DA:77,6012
DA:78,0
DA:79,33
DA:80,6
DA:81,3
DA:82,1002
DA:88,2001
DA:89,3
LF:33
LH:32
end_of_record
TN:
SF:src/integrand/ishigami.jl
DA:47,9
DA:53,18
DA:54,9
DA:55,9
DA:56,9
DA:59,24
DA:60,24
DA:61,24
DA:62,24
DA:63,48
DA:64,24
DA:65,406216
DA:66,406216
DA:67,406216
DA:68,406216
DA:69,812408
DA:70,24
DA:106,4
DA:107,2
DA:108,2
DA:109,2
DA:110,4
DA:111,4
DA:112,2
LF:24
LH:24
end_of_record
TN:
SF:src/integrand/keister.jl
DA:29,21
DA:33,21
DA:35,100
DA:36,100
DA:39,200
DA:40,100
DA:56,5
DA:57,5
DA:58,5
DA:59,5
DA:60,5
DA:61,5
DA:62,5
DA:63,5
DA:64,64
DA:65,64
DA:66,64
DA:67,5
DA:69,59
DA:70,118
DA:71,0
LF:21
LH:20
end_of_record
TN:
SF:src/integrand/linear0.jl
DA:25,2
DA:29,2
DA:31,1
DA:32,1
DA:33,10000
DA:40,1
DA:41,3
DA:42,30000
DA:43,0
DA:44,5
DA:45,1
LF:11
LH:10
end_of_record
TN:
SF:src/integrand/ml_integrand.jl
DA:73,19
DA:82,20
DA:83,37
DA:84,23
DA:85,4
DA:90,2
DA:91,2
DA:92,2
DA:93,2
DA:94,2
DA:107,17
DA:116,4
DA:117,6
DA:118,4
DA:119,4
DA:120,3
DA:134,2
DA:160,34
DA:217,1
DA:218,1
DA:219,1
DA:220,2
DA:221,1
DA:222,1
DA:235,61
DA:242,61
DA:243,61
DA:244,0
DA:245,0
DA:247,61
DA:248,61
DA:249,122
DA:250,61
DA:251,61
LF:34
LH:32
end_of_record
TN:
SF:src/integrand/multimodal2d.jl
DA:29,2
DA:33,2
DA:34,2
DA:35,2
DA:36,2
DA:45,2
DA:46,2
DA:47,4
DA:48,2
DA:49,1002
DA:50,1002
DA:51,1002
DA:52,1002
DA:53,5010
DA:54,9018
DA:55,1002
DA:56,2002
DA:57,2
LF:18
LH:18
end_of_record
TN:
SF:src/integrand/sensitivity_indices.jl
DA:56,4
DA:63,78
DA:64,78
DA:65,1
DA:67,77
DA:70,12
DA:71,6
DA:72,6
DA:74,6
DA:75,6
DA:76,4
DA:78,1
DA:79,2
DA:80,1
DA:81,1
DA:82,6
DA:83,18
DA:84,30
DA:85,6
DA:86,6
DA:87,3
DA:88,3
DA:90,1
DA:92,1
DA:96,4
DA:97,4
DA:100,4
DA:101,4
DA:102,4
DA:103,4
DA:106,4
DA:107,4
DA:110,4
DA:111,4
DA:114,8
DA:115,4
DA:117,4
DA:120,14
DA:121,42
DA:122,18
DA:124,24
DA:126,70
DA:127,14
DA:129,14
DA:130,198608
DA:131,198608
DA:132,198608
DA:133,397202
DA:134,24
DA:136,4
DA:145,1
DA:146,1
DA:147,1
DA:150,1
DA:151,1
DA:152,1
DA:153,1
DA:154,2
DA:155,1
DA:157,2
DA:158,2
DA:160,1
DA:161,3
DA:162,3
DA:163,5
DA:165,1
LF:66
LH:66
end_of_record
TN:
SF:src/integrand/sin1d.jl
DA:23,4
DA:28,12
DA:29,6
DA:30,7
DA:31,6
DA:32,4
DA:35,6
DA:36,6
DA:37,12
DA:38,6
DA:39,2819
DA:40,5632
DA:41,6
DA:44,1
LF:14
LH:14
end_of_record
TN:
SF:src/kernel/dig_shift_invariant.jl
DA:30,1
DA:33,2
DA:34,1
DA:35,1
DA:43,128
DA:44,64
DA:45,64
DA:46,64
DA:47,64
DA:66,128
DA:67,64
DA:68,2
DA:70,62
DA:71,62
DA:73,62
DA:74,62
DA:75,258
DA:76,258
DA:77,258
DA:80,258
DA:81,320
DA:83,258
DA:84,62
DA:86,196
DA:87,62
DA:96,1
DA:97,1
DA:98,1
DA:100,32
DA:102,1
DA:103,2
DA:104,2
DA:105,64
DA:106,64
DA:107,126
DA:108,3
DA:110,1
DA:111,1
LF:38
LH:38
end_of_record
TN:
SF:src/kernel/dsi_deriv_kernel.jl
DA:40,2
DA:47,6
DA:54,3
DA:55,6
DA:56,3
DA:57,3
DA:58,9
DA:59,2
DA:63,29
DA:64,29
DA:65,29
DA:66,29
DA:68,29
DA:73,28
DA:74,28
DA:75,0
DA:76,0
DA:78,0
DA:79,0
DA:82,28
DA:84,28
DA:93,14
DA:101,14
DA:102,14
DA:104,14
DA:105,14
DA:106,15
DA:107,15
DA:108,29
DA:109,29
DA:110,29
DA:111,29
DA:112,29
DA:114,42
DA:115,14
DA:116,15
DA:117,13
DA:121,5
DA:128,5
DA:138,8
DA:139,16
DA:140,8
DA:143,1
DA:144,1
DA:145,2
DA:146,1
DA:147,3
DA:148,3
DA:149,6
DA:150,6
DA:151,6
DA:152,9
DA:153,5
DA:154,1
LF:54
LH:50
end_of_record
TN:
SF:src/kernel/matern.jl
DA:52,1
DA:56,2
DA:57,1
DA:58,1
DA:59,1
DA:67,8
DA:78,2
DA:82,4
DA:83,2
DA:84,2
DA:85,2
DA:88,8
DA:89,8
DA:90,8
DA:102,1
DA:106,2
DA:107,1
DA:108,1
DA:109,1
DA:112,1
DA:113,1
DA:114,1
DA:126,3
DA:130,6
DA:131,3
DA:132,3
DA:133,3
DA:136,12
DA:137,12
DA:138,12
DA:155,3
DA:160,10
DA:165,6
DA:166,4
DA:167,5
DA:168,3
DA:171,10
DA:172,10
DA:173,10
DA:188,2
DA:192,6
DA:193,4
DA:194,2
DA:195,2
DA:198,6
DA:199,6
DA:200,6
DA:211,2
DA:212,2
DA:213,4
DA:214,2
DA:215,6
DA:216,8
DA:217,6
DA:218,6
DA:219,12
DA:220,18
DA:221,6
DA:222,6
DA:223,6
DA:224,6
DA:225,8
DA:226,10
DA:227,2
DA:239,1
DA:243,2
DA:251,1
DA:255,1
DA:258,1
DA:259,1
LF:70
LH:70
end_of_record
TN:
SF:src/kernel/multitask_derivs.jl
DA:36,1
DA:41,2
DA:42,3
DA:43,9
DA:46,10
DA:47,12
DA:73,4
DA:82,4
DA:83,4
DA:87,6
DA:94,8
DA:95,4
LF:12
LH:12
end_of_record
TN:
SF:src/kernel/shift_invariant.jl
DA:33,2
DA:36,4
DA:37,2
DA:38,2
DA:53,256
DA:54,508
DA:55,256
DA:56,256
DA:57,256
DA:58,128
DA:59,128
DA:60,128
DA:63,0
DA:65,256
DA:74,2
DA:75,2
DA:78,128
DA:80,2
DA:81,4
DA:82,4
DA:83,256
DA:84,256
DA:85,508
DA:86,6
DA:88,2
DA:89,2
LF:26
LH:25
end_of_record
TN:
SF:src/kernel/si_deriv_kernel.jl
DA:41,2
DA:47,6
DA:48,3
DA:49,6
DA:50,3
DA:51,3
DA:52,4
DA:53,2
DA:57,61
DA:58,61
DA:59,62
DA:61,120
DA:62,60
DA:72,30
DA:80,30
DA:81,30
DA:83,30
DA:84,30
DA:85,31
DA:86,31
DA:87,61
DA:88,61
DA:89,114
DA:90,61
DA:91,61
DA:92,90
DA:93,30
DA:94,31
DA:95,29
DA:99,13
DA:106,13
DA:117,16
DA:118,32
DA:119,16
DA:122,1
DA:123,1
DA:124,2
DA:125,1
DA:126,3
DA:127,3
DA:128,6
DA:129,6
DA:130,6
DA:131,9
DA:132,5
DA:133,1
LF:46
LH:46
end_of_record
TN:
SF:src/kernel/si_dsi_value_kernels.jl
DA:16,166
DA:24,286
DA:25,26
DA:26,26
DA:27,494
DA:28,260
DA:29,234
DA:30,363
DA:31,234
DA:32,26
DA:41,110
DA:42,189
DA:44,109
DA:45,51
DA:47,116
DA:48,58
DA:49,58
DA:50,16
DA:51,42
DA:52,16
DA:54,26
DA:61,11
DA:86,1
DA:93,4
DA:99,3
DA:100,24
DA:101,3
DA:102,1
DA:103,5
DA:104,1
DA:107,9
DA:108,9
DA:109,9
DA:110,39
DA:111,27
DA:112,27
DA:113,108
DA:114,189
DA:115,27
DA:116,45
DA:117,9
DA:136,1
DA:143,4
DA:150,2
DA:151,5
DA:152,2
DA:153,3
DA:154,1
DA:157,9
DA:162,9
DA:163,9
DA:164,27
DA:165,27
DA:166,27
DA:167,27
DA:168,27
DA:169,15
DA:171,12
DA:172,12
DA:174,27
DA:175,45
DA:176,9
DA:195,1
DA:202,4
DA:209,2
DA:210,13
DA:211,2
DA:212,3
DA:213,1
DA:216,9
DA:217,9
DA:218,9
DA:219,27
DA:220,27
DA:221,15
DA:223,12
DA:224,12
DA:226,27
DA:227,27
DA:228,27
DA:229,27
DA:231,27
DA:232,45
DA:233,9
DA:252,3
DA:253,3
DA:254,6
DA:255,3
DA:256,9
DA:257,9
DA:258,18
DA:259,18
DA:260,18
DA:261,27
DA:262,15
DA:263,3
LF:96
LH:96
end_of_record
TN:
SF:src/stopping_criterion/control_variates.jl
DA:30,8
DA:46,49
DA:51,49
DA:52,14
DA:55,11
DA:57,11
DA:60,13
DA:63,11
DA:69,9
DA:70,9
DA:71,9
DA:72,9
DA:73,12
DA:78,10
DA:83,10
DA:84,10
DA:85,8
DA:94,32
DA:95,32
DA:96,32
DA:97,64
DA:98,32
DA:99,38
DA:100,38
DA:105,38
DA:106,44
DA:107,32
DA:117,6
DA:118,12
DA:119,12
DA:120,6
DA:131,1
DA:132,1
DA:137,2
DA:138,2
DA:139,1
DA:147,6
DA:153,6
DA:174,5
DA:181,5
DA:182,7
DA:183,5
DA:184,1
DA:185,1
DA:203,6
DA:209,6
DA:210,6
DA:211,6
DA:212,6
DA:213,12
DA:214,12
DA:215,6
DA:216,8432
DA:217,8432
DA:218,8432
DA:219,8928
DA:220,9424
DA:221,16858
DA:222,6
LF:59
LH:59
end_of_record
TN:
SF:src/stopping_criterion/cub_mc_clt.jl
DA:42,8
DA:53,22
DA:65,11
DA:66,11
DA:67,11
DA:68,12
DA:69,9
DA:82,12
DA:83,6
DA:84,6
DA:85,6
DA:86,6
DA:87,6
DA:90,6
DA:91,6
DA:92,6
DA:93,8
DA:95,1
DA:96,2
DA:97,1
DA:98,1
DA:99,1
DA:101,6
DA:102,6
DA:105,6
DA:106,6
DA:107,6
DA:108,1
DA:119,6
DA:120,6
DA:122,6
DA:123,0
DA:125,0
DA:132,14
DA:133,8
DA:134,7
DA:135,1
DA:137,6
DA:139,1
DA:140,2
DA:141,1
DA:142,1
DA:146,6
DA:147,6
DA:148,6
DA:153,6
DA:154,6
DA:155,6
DA:156,16
DA:157,2
DA:158,2
DA:159,2
DA:160,2
DA:161,2
DA:162,2
DA:163,2
DA:164,2
DA:165,2
DA:168,6
DA:170,6
DA:171,6
DA:173,6
DA:174,6
DA:175,0
DA:178,6
DA:179,1
DA:189,6
DA:202,6
DA:203,1
DA:205,6
DA:206,1
DA:208,6
LF:72
LH:69
end_of_record
TN:
SF:src/stopping_criterion/cub_mc_clt_vec.jl
DA:57,8
DA:66,16
DA:75,8
DA:76,8
DA:77,8
DA:78,8
DA:80,8
DA:83,14
DA:87,7
DA:88,3
DA:90,4
DA:91,4
DA:92,4
DA:93,4
DA:95,4
DA:96,4
DA:99,4
DA:100,1
DA:101,1
DA:102,1
DA:103,1
DA:104,1
DA:106,3
DA:107,3
DA:108,3
DA:109,3
DA:110,3
DA:113,4
DA:114,4
DA:116,20
DA:117,20
DA:118,20
DA:119,20
DA:121,40
DA:122,40
DA:123,20
DA:125,20
DA:126,20
DA:127,20
DA:128,20
DA:130,20
DA:132,20
DA:133,7
DA:143,20
DA:145,16
DA:146,16
DA:147,16
DA:149,4
DA:150,4
DA:158,4
DA:159,1
DA:162,4
DA:172,3
DA:173,3
DA:174,3
DA:175,3
DA:176,6
DA:177,3
DA:178,5
DA:179,5
DA:180,10
DA:181,5
DA:182,5
DA:183,5
DA:184,5
DA:185,5
DA:186,10
DA:187,6
DA:189,10
DA:190,7
DA:191,3
DA:194,3
DA:198,3
DA:199,3
DA:200,3
DA:201,3
DA:207,3
DA:208,3
DA:209,3
DA:211,3
DA:212,3
DA:213,3
DA:214,3
DA:220,3
DA:221,3
DA:222,3
DA:223,3
DA:224,0
DA:225,0
DA:226,0
DA:227,0
DA:230,0
DA:231,0
DA:232,0
DA:234,6
DA:235,6
DA:236,6
DA:237,3
DA:239,3
DA:241,6
DA:242,6
DA:243,6
DA:244,5
DA:245,5
DA:246,5
DA:247,3
DA:248,3
DA:249,3
DA:251,17
DA:252,17
DA:253,17
DA:254,17
DA:255,17
DA:256,17
DA:257,17
DA:258,34
DA:259,28
DA:260,28
DA:261,28
DA:262,37120
DA:263,37120
DA:264,37120
DA:265,74212
DA:266,28
DA:267,28
DA:268,28
DA:269,51
DA:272,17
DA:274,17
DA:275,34
DA:276,34
DA:277,34
DA:278,34
DA:280,34
DA:281,34
DA:282,34
DA:283,34
DA:285,0
DA:286,0
DA:287,0
DA:289,51
DA:291,17
DA:292,34
DA:293,34
DA:301,17
DA:302,17
DA:303,17
DA:304,28
DA:305,28
DA:306,28
DA:307,28
DA:308,28
DA:309,28
DA:310,28
DA:311,28
DA:312,28
DA:313,28
DA:314,28
DA:316,0
DA:317,0
DA:319,39
DA:322,34
DA:323,17
DA:324,34
DA:325,51
DA:326,34
DA:328,17
DA:329,0
DA:339,17
DA:340,14
DA:341,14
DA:342,14
DA:343,14
DA:345,3
DA:346,6
DA:359,3
DA:360,0
DA:362,3
LF:178
LH:164
end_of_record
TN:
SF:src/stopping_criterion/cub_mc_g.jl
DA:67,6
DA:80,12
DA:92,6
DA:93,6
DA:94,6
DA:95,6
DA:96,6
DA:98,6
DA:99,6
DA:102,6
DA:104,6
DA:129,5
DA:136,5
DA:137,10
DA:140,5
DA:143,5
DA:145,505
DA:146,500
DA:147,500
DA:154,5
DA:155,5
DA:156,500
DA:157,500
DA:158,223
DA:160,277
DA:162,995
DA:163,5
DA:165,5
DA:168,5
DA:169,5
DA:171,505
DA:172,500
DA:178,5
DA:179,5
DA:180,500
DA:181,500
DA:182,319
DA:184,181
DA:186,995
DA:187,5
DA:189,5
DA:197,5
DA:198,5
DA:199,5
DA:200,10
DA:202,5
DA:204,505
DA:205,500
DA:212,5
DA:213,5
DA:214,500
DA:215,500
DA:216,500
DA:218,0
DA:220,995
DA:221,5
DA:222,5
DA:225,10
DA:226,5
DA:227,5
DA:228,5
DA:229,5
DA:230,5
DA:231,5
DA:232,5
DA:235,5
DA:236,7
DA:237,5
DA:238,1
DA:239,1
DA:240,1
DA:242,5
DA:243,10
DA:244,5
DA:245,5
DA:247,5
DA:249,3
DA:250,3
DA:251,3
DA:252,1
DA:261,3
DA:262,3
DA:264,3
DA:265,3
DA:266,4
DA:267,3
DA:269,0
DA:271,3
DA:272,3
DA:273,1
DA:284,2
DA:285,2
DA:286,2
DA:287,2
DA:288,2
DA:289,2
DA:290,2
DA:291,1
DA:301,4
DA:302,4
DA:303,6
DA:304,2
DA:308,2
DA:309,2
DA:311,2
DA:312,2
DA:313,2
DA:314,2
DA:315,2
DA:316,0
DA:319,2
DA:320,2
DA:321,2
DA:322,2
DA:323,1
DA:332,2
DA:335,5
DA:336,5
DA:343,5
DA:344,1
DA:346,5
DA:347,2
DA:350,5
LF:123
LH:120
end_of_record
TN:
SF:src/stopping_criterion/cub_mlmc.jl
DA:55,3
DA:68,6
DA:82,3
DA:83,3
DA:84,3
DA:85,3
DA:87,3
DA:88,3
DA:89,3
DA:92,3
DA:110,4
DA:125,2
DA:126,2
DA:127,2
DA:128,2
DA:146,35
DA:147,45
DA:148,10
DA:149,10
DA:150,10
DA:151,20
DA:152,10
DA:153,10
DA:154,10
DA:155,10
DA:160,4
DA:161,4
DA:162,4
DA:163,4
DA:164,4
DA:165,8
DA:166,4
DA:167,4
DA:168,4
DA:169,4
DA:175,18
DA:176,18
DA:177,69
DA:178,34
DA:180,35
DA:181,35
DA:182,35
DA:189,35
DA:190,35
DA:191,35
DA:192,35
DA:193,120
DA:194,18
DA:199,18
DA:200,18
DA:201,18
DA:202,69
DA:203,69
DA:204,69
DA:205,69
DA:207,69
DA:209,120
DA:212,18
DA:213,33
DA:215,33
DA:217,48
DA:220,18
DA:221,102
DA:222,51
DA:224,18
DA:225,36
DA:226,18
DA:227,18
DA:229,18
DA:230,36
DA:231,18
DA:232,18
DA:234,18
DA:235,36
DA:236,18
DA:237,18
DA:244,20
DA:245,20
DA:246,40
DA:247,40
DA:249,40
DA:250,40
DA:251,20
DA:252,20
DA:255,15
DA:256,15
DA:262,16
DA:263,16
DA:264,16
DA:265,16
DA:266,16
DA:267,16
DA:268,41
DA:269,41
DA:270,66
DA:271,16
DA:274,10
DA:275,10
DA:281,10
DA:282,10
DA:283,10
DA:288,4
DA:289,2
DA:290,2
DA:291,2
DA:294,6
DA:295,2
DA:296,2
DA:297,2
DA:308,16
DA:310,16
DA:311,32
DA:314,32
DA:315,32
DA:316,0
DA:317,0
DA:321,16
DA:322,16
DA:323,18
DA:334,32
DA:336,6
DA:338,6
DA:340,4
DA:341,0
DA:342,0
DA:344,4
DA:346,4
DA:347,8
DA:348,4
DA:352,2
DA:355,14
DA:358,2
DA:362,4
DA:363,2
DA:365,4
DA:378,2
DA:379,1
DA:382,2
LF:138
LH:134
end_of_record
TN:
SF:src/stopping_criterion/cub_mlmc_cont.jl
DA:53,3
DA:69,6
DA:83,3
DA:84,3
DA:85,3
DA:86,3
DA:87,3
DA:89,3
DA:90,3
DA:91,3
DA:93,0
DA:96,3
DA:116,2
DA:117,2
DA:118,2
DA:119,2
DA:137,25
DA:138,25
DA:139,0
DA:142,25
DA:143,25
DA:144,25
DA:145,25
DA:146,25
DA:147,50
DA:148,25
DA:149,25
DA:150,25
DA:151,25
DA:154,15
DA:155,15
DA:156,15
DA:157,15
DA:158,45
DA:159,45
DA:160,45
DA:162,75
DA:163,15
DA:166,15
DA:167,15
DA:168,15
DA:171,15
DA:172,15
DA:175,10
DA:176,10
DA:177,18
DA:182,10
DA:183,10
DA:184,20
DA:185,20
DA:186,20
DA:187,20
DA:188,10
DA:189,10
DA:194,10
DA:195,10
DA:198,30
DA:199,10
DA:200,30
DA:201,6
DA:203,50
DA:204,20
DA:205,2
DA:208,10
DA:209,20
DA:211,10
DA:212,0
DA:213,0
DA:214,0
DA:218,18
DA:221,10
DA:222,20
DA:225,20
DA:226,20
DA:227,0
DA:228,0
DA:232,20
DA:233,8
DA:237,10
DA:238,10
DA:239,0
DA:240,0
DA:241,0
DA:243,0
DA:246,10
DA:251,26
DA:252,32
DA:253,6
DA:254,6
DA:255,6
DA:256,12
DA:257,6
DA:258,6
DA:259,6
DA:260,6
DA:263,10
DA:264,10
DA:265,60
DA:266,4
DA:268,26
DA:269,26
DA:270,26
DA:277,26
DA:278,26
DA:279,26
DA:280,26
DA:281,50
DA:282,10
DA:285,10
DA:286,10
DA:287,10
DA:288,30
DA:289,30
DA:290,30
DA:291,30
DA:293,30
DA:295,50
DA:297,10
DA:298,10
DA:300,10
DA:302,10
DA:304,10
DA:305,40
DA:306,20
DA:307,10
DA:308,20
DA:309,10
DA:310,10
DA:312,10
DA:313,20
DA:314,10
DA:315,10
DA:317,10
DA:318,20
DA:319,10
DA:320,10
DA:325,0
DA:326,0
DA:327,0
DA:328,0
DA:329,0
DA:330,0
DA:331,0
DA:332,0
DA:333,0
DA:334,0
DA:340,4
DA:341,2
DA:342,2
DA:343,2
DA:346,2
DA:347,18
DA:348,10
DA:349,10
DA:350,10
DA:359,18
DA:362,2
DA:366,4
DA:367,2
DA:369,4
DA:382,2
DA:383,1
DA:386,2
LF:163
LH:142
end_of_record
TN:
SF:src/stopping_criterion/cub_mlqmc.jl
DA:48,4
DA:59,405
DA:60,405
DA:61,3
DA:63,402
DA:66,8
DA:77,4
DA:78,4
DA:79,4
DA:80,4
DA:82,6
DA:83,4
DA:84,4
DA:85,4
DA:87,4
DA:88,3
DA:89,3
DA:91,1
DA:94,4
DA:109,2
DA:110,2
DA:111,2
DA:112,2
DA:127,27
DA:128,35
DA:129,8
DA:130,8
DA:131,8
DA:132,16
DA:133,8
DA:134,8
DA:135,8
DA:136,8
DA:139,2
DA:140,2
DA:141,2
DA:142,2
DA:143,2
DA:144,2
DA:145,2
DA:146,16
DA:147,2
DA:148,2
DA:149,2
DA:150,2
DA:154,23
DA:155,23
DA:156,23
DA:157,74
DA:158,47
DA:160,27
DA:162,46
DA:163,27
DA:165,27
DA:166,27
DA:168,216
DA:169,27
DA:170,216
DA:171,216
DA:172,216
DA:174,216
DA:175,216
DA:176,216
DA:177,405
DA:179,54
DA:180,27
DA:182,27
DA:183,27
DA:184,27
DA:185,27
DA:186,27
DA:187,27
DA:188,27
DA:189,125
DA:192,23
DA:193,23
DA:196,23
DA:197,23
DA:198,23
DA:199,0
DA:200,0
DA:202,23
DA:203,23
DA:204,23
DA:205,23
DA:206,23
DA:207,46
DA:208,23
DA:209,23
DA:210,23
DA:213,4
DA:214,2
DA:215,2
DA:216,2
DA:217,2
DA:219,2
DA:220,6
DA:221,4
DA:224,4
DA:225,5
DA:229,8
DA:230,23
DA:231,38
DA:232,19
DA:234,38
DA:235,38
DA:239,19
DA:240,0
DA:241,0
DA:242,0
DA:245,19
DA:246,19
DA:247,19
DA:249,38
DA:250,19
DA:252,4
DA:253,0
DA:254,0
DA:255,0
DA:264,0
DA:268,4
DA:269,4
DA:270,4
DA:279,4
DA:280,4
DA:281,2
DA:282,0
DA:283,0
DA:285,2
DA:288,4
DA:290,4
DA:291,4
DA:292,2
DA:294,4
DA:305,2
DA:306,1
DA:309,2
LF:137
LH:126
end_of_record
TN:
SF:src/stopping_criterion/cub_mlqmc_cont.jl
DA:56,2
DA:70,4
DA:84,2
DA:85,2
DA:86,2
DA:87,2
DA:88,2
DA:90,4
DA:91,2
DA:92,2
DA:94,2
DA:95,2
DA:96,2
DA:98,0
DA:101,2
DA:120,4
DA:133,2
DA:134,2
DA:135,2
DA:136,2
DA:151,19
DA:152,27
DA:153,8
DA:154,8
DA:155,8
DA:156,16
DA:157,8
DA:158,8
DA:159,8
DA:160,8
DA:163,2
DA:164,2
DA:165,2
DA:166,2
DA:167,2
DA:168,2
DA:169,2
DA:170,16
DA:171,2
DA:172,2
DA:173,2
DA:174,2
DA:180,23
DA:181,23
DA:182,23
DA:183,79
DA:184,60
DA:186,19
DA:189,30
DA:190,19
DA:192,19
DA:193,19
DA:196,152
DA:197,19
DA:198,152
DA:199,152
DA:201,152
DA:203,152
DA:204,152
DA:205,152
DA:206,285
DA:209,38
DA:210,19
DA:212,19
DA:213,19
DA:214,19
DA:215,19
DA:216,19
DA:217,19
DA:218,19
DA:219,135
DA:222,23
DA:225,23
DA:228,23
DA:229,23
DA:230,23
DA:231,0
DA:232,0
DA:234,23
DA:235,23
DA:236,23
DA:237,23
DA:238,23
DA:239,46
DA:240,23
DA:241,23
DA:242,23
DA:245,23
DA:246,23
DA:247,23
DA:248,0
DA:249,0
DA:251,23
DA:252,23
DA:253,23
DA:254,23
DA:255,23
DA:256,46
DA:257,23
DA:258,23
DA:259,23
DA:260,23
DA:263,40
DA:265,17
DA:266,17
DA:269,17
DA:273,10
DA:274,10
DA:275,22
DA:277,12
DA:278,12
DA:281,23
DA:283,22
DA:284,11
DA:287,22
DA:291,22
DA:292,11
DA:293,0
DA:294,0
DA:297,11
DA:298,11
DA:299,11
DA:302,12
DA:303,12
DA:304,2
DA:305,0
DA:306,0
DA:308,2
DA:311,12
DA:316,4
DA:317,2
DA:318,2
DA:319,2
DA:322,2
DA:323,18
DA:324,10
DA:325,10
DA:326,10
DA:335,18
DA:338,4
DA:339,4
DA:340,2
DA:342,4
DA:353,2
DA:354,1
DA:357,2
LF:146
LH:137
end_of_record
TN:
SF:src/stopping_criterion/cub_qmc_bayes_lattice_g.jl
DA:73,6
DA:85,12
DA:97,6
DA:98,6
DA:99,6
DA:100,6
DA:101,6
DA:102,6
DA:124,301
DA:125,301
DA:126,301
DA:127,602
DA:129,301
DA:130,0
DA:131,301
DA:132,99373
DA:134,602
DA:135,0
DA:140,602
DA:141,301
DA:142,99072
DA:143,99158
DA:146,602
DA:147,602
DA:148,301
DA:149,86
DA:150,86
DA:151,172
DA:152,172
DA:153,86
DA:155,301
DA:156,301
DA:158,301
DA:159,301
DA:160,301
DA:162,301
DA:167,301
DA:174,301
DA:175,301
DA:177,301
DA:180,77056
DA:181,301
DA:182,77056
DA:183,77056
DA:185,153811
DA:187,301
DA:188,0
DA:189,0
DA:190,0
DA:191,0
DA:192,0
DA:193,0
DA:197,602
DA:198,602
DA:199,301
DA:200,301
DA:201,301
DA:204,301
DA:209,7
DA:210,7
DA:213,7
DA:214,7
DA:215,147
DA:216,147
DA:217,131
DA:218,131
DA:220,287
DA:221,7
DA:222,14
DA:223,147
DA:224,147
DA:225,52
DA:226,52
DA:228,287
DA:230,7
DA:232,7
DA:233,0
DA:235,14
DA:238,7
DA:239,0
DA:241,14
DA:246,7
DA:247,7
DA:252,1
DA:256,1
DA:257,1
DA:258,0
DA:261,0
DA:262,0
DA:264,1
DA:265,1
DA:267,1
DA:268,1
DA:269,1
DA:270,1
DA:271,1
DA:273,2
DA:274,2
DA:275,2
DA:276,2
DA:277,2
DA:278,2
DA:279,1
DA:280,1
DA:281,1
DA:282,1
DA:283,1
DA:285,1
DA:286,1
DA:287,1
DA:288,1
DA:290,1
DA:291,1
DA:292,1
DA:293,2
DA:295,1
DA:296,2
DA:297,2
DA:299,2
DA:300,2
DA:301,2
DA:302,3
DA:304,1
DA:305,1
DA:307,2
DA:308,1
DA:310,1
DA:311,0
DA:321,1
DA:322,0
DA:324,0
DA:326,0
DA:327,0
DA:329,1
DA:330,2
DA:346,1
DA:347,0
DA:349,1
DA:352,12
DA:353,6
DA:354,1
DA:356,5
DA:357,5
DA:358,0
DA:361,0
DA:363,5
DA:365,5
DA:366,5
DA:367,5
DA:368,5
DA:369,5
DA:370,5
DA:371,5
DA:373,5
DA:374,5
DA:375,5
DA:379,5
DA:380,5
DA:381,10
DA:383,5
DA:385,5
DA:388,5
DA:389,5
DA:390,1
DA:392,5
DA:394,0
DA:395,0
DA:396,0
DA:397,0
DA:399,5
DA:410,5
DA:411,1
DA:413,5
LF:173
LH:148
end_of_record
TN:
SF:src/stopping_criterion/cub_qmc_bayes_net_g.jl
DA:33,8
DA:45,16
DA:57,8
DA:58,8
DA:59,8
DA:60,8
DA:61,8
DA:62,8
DA:82,430
DA:83,430
DA:84,430
DA:85,430
DA:86,860
DA:88,430
DA:89,0
DA:90,430
DA:91,308611
DA:93,44806
DA:94,22016
DA:99,860
DA:100,430
DA:101,430
DA:102,430
DA:103,860
DA:104,860
DA:105,330240
DA:106,330240
DA:107,330240
DA:108,659620
DA:109,1290
DA:112,860
DA:113,860
DA:114,430
DA:115,860
DA:116,860
DA:117,430
DA:119,430
DA:120,430
DA:123,430
DA:124,430
DA:125,430
DA:127,430
DA:132,430
DA:139,430
DA:140,430
DA:142,430
DA:144,165120
DA:145,430
DA:146,165120
DA:147,329810
DA:149,430
DA:150,11008
DA:151,43
DA:152,11008
DA:153,21973
DA:154,86
DA:155,86
DA:159,774
DA:160,774
DA:161,387
DA:162,387
DA:163,387
DA:166,430
DA:171,10
DA:172,10
DA:174,10
DA:175,10
DA:176,210
DA:177,372
DA:178,410
DA:179,10
DA:180,20
DA:181,210
DA:182,262
DA:183,410
DA:185,10
DA:187,10
DA:189,20
DA:195,10
DA:200,16
DA:201,8
DA:202,8
DA:203,1
DA:206,1
DA:208,7
DA:210,8
DA:211,8
DA:212,8
DA:213,8
DA:214,8
DA:215,8
DA:216,8
DA:218,10
DA:219,10
DA:220,10
DA:222,10
DA:223,10
DA:224,20
DA:227,19
DA:229,10
DA:231,10
DA:232,10
DA:233,1
DA:235,10
DA:237,3
DA:238,1
DA:239,2
DA:240,2
DA:242,8
DA:253,8
DA:254,1
DA:256,8
LF:112
LH:111
end_of_record
TN:
SF:src/stopping_criterion/cub_qmc_lattice_g.jl
DA:76,23
DA:88,46
DA:101,23
DA:102,26
DA:130,29
DA:138,29
DA:139,58
DA:140,194
DA:141,194
DA:143,194
DA:144,20596
DA:145,20596
DA:146,20596
DA:147,40998
DA:149,194
DA:150,20596
DA:151,8205
DA:152,30494
DA:153,22289
DA:154,22289
DA:155,22289
DA:156,22289
DA:157,22289
DA:158,40998
DA:159,194
DA:185,11
DA:189,11
DA:190,1
DA:191,1
DA:192,1
DA:194,10
DA:195,10
DA:198,11
DA:199,11
DA:200,11
DA:201,11
DA:202,11
DA:204,11
DA:205,11
DA:206,11
DA:207,11
DA:209,11
DA:212,11
DA:213,11
DA:214,11
DA:216,16
DA:217,15
DA:220,15
DA:221,4
DA:222,8
DA:224,15
DA:225,15
DA:226,15
DA:227,15
DA:229,15
DA:230,15
DA:231,15
DA:233,16
DA:234,29
DA:236,15
DA:238,7169
DA:239,12
DA:240,11
DA:243,4
DA:244,8
DA:245,4
DA:246,4
DA:247,4
DA:249,15
DA:251,15
DA:252,30
DA:253,15
DA:254,15
DA:255,480
DA:256,945
DA:257,15
DA:258,15
DA:259,15
DA:261,15
DA:262,1
DA:265,15
DA:266,15
DA:267,5
DA:268,5
DA:270,11
DA:272,11
DA:273,11
DA:283,11
DA:284,1
DA:286,11
DA:289,5
DA:293,5
DA:294,1
DA:295,1
DA:296,1
DA:298,4
DA:299,4
DA:302,5
DA:303,5
DA:304,5
DA:305,5
DA:306,5
DA:307,5
DA:308,5
DA:309,5
DA:311,10
DA:312,10
DA:313,10
DA:314,10
DA:315,10
DA:316,10
DA:317,5
DA:318,5
DA:319,5
DA:320,5
DA:321,5
DA:322,5
DA:324,5
DA:325,5
DA:327,8
DA:328,7
DA:330,7
DA:331,2
DA:332,4
DA:334,7
DA:335,7
DA:336,7
DA:337,7
DA:339,7
DA:340,7
DA:342,8
DA:343,7
DA:344,14
DA:345,8
DA:346,7
DA:348,7
DA:349,14
DA:350,26
DA:351,14
DA:352,14
DA:353,10
DA:354,18
DA:355,10
DA:357,4
DA:358,8
DA:359,4
DA:360,4
DA:362,14
DA:363,14
DA:364,192
DA:365,370
DA:366,14
DA:367,14
DA:368,14
DA:369,14
DA:370,21
DA:372,7
DA:373,7
DA:375,14
DA:376,7
DA:378,7
DA:379,1
DA:389,7
DA:390,3
DA:391,3
DA:393,5
DA:395,5
DA:396,10
DA:410,5
DA:411,1
DA:413,5
DA:421,1
DA:425,1
DA:426,1
DA:428,1
DA:429,0
DA:430,0
DA:431,0
DA:433,1
DA:434,1
DA:437,1
DA:438,1
DA:439,1
DA:440,1
DA:441,1
DA:442,1
DA:443,1
DA:444,1
DA:445,1
DA:446,1
DA:448,1
DA:449,1
DA:450,1
DA:451,1
DA:452,1
DA:455,2
DA:456,2
DA:457,2
DA:458,2
DA:459,2
DA:460,2
DA:461,1
DA:462,1
DA:463,1
DA:464,1
DA:465,1
DA:467,1
DA:468,1
DA:469,2
DA:471,1
DA:472,1
DA:473,5
DA:474,4
DA:475,4
DA:476,4
DA:479,4
DA:480,8
DA:481,8
DA:482,4
DA:483,12
DA:484,12
DA:485,24
DA:486,20
DA:487,4
DA:488,8
DA:489,4
DA:490,16
DA:491,16
DA:492,0
DA:493,0
DA:494,0
DA:496,32
DA:497,16
DA:498,32
DA:499,32
DA:500,64
DA:501,96
DA:502,32
DA:503,32
DA:505,28
DA:506,4
DA:507,4
DA:509,1
DA:510,2
DA:511,4
DA:512,2
DA:513,2
DA:514,2
DA:515,2
DA:516,3
DA:518,1
DA:519,1
DA:521,2
DA:522,1
DA:524,1
DA:525,0
DA:535,1
DA:536,0
DA:537,0
DA:539,1
DA:540,0
DA:543,1
DA:544,1
DA:545,2
DA:559,1
DA:560,0
DA:562,1
DA:563,2
DA:566,1
DA:569,48
DA:571,42
DA:573,23
DA:574,11
DA:578,17
DA:579,11
DA:586,6
DA:590,6
DA:591,6
DA:593,6
DA:594,1
DA:595,1
DA:596,1
DA:598,5
DA:599,5
DA:602,6
DA:603,6
DA:604,6
DA:605,6
DA:606,6
DA:607,6
DA:608,6
DA:609,6
DA:611,6
DA:612,6
DA:613,6
DA:614,2
DA:615,4
DA:616,2
DA:617,2
DA:620,12
DA:621,11
DA:622,22
DA:624,11
DA:625,11
DA:626,43
DA:627,32
DA:628,32
DA:629,32
DA:632,32
DA:633,64
DA:634,64
DA:635,32
DA:636,96
DA:637,96
DA:638,192
DA:639,160
DA:640,52
DA:641,32
DA:642,12
DA:643,48
DA:644,84
DA:646,20
DA:647,20
DA:648,80
DA:649,80
DA:650,80
DA:651,80
DA:652,80
DA:653,80
DA:654,80
DA:656,32
DA:657,32
DA:659,11
DA:660,22
DA:661,11
DA:662,11
DA:664,11
DA:665,1
DA:675,11
DA:676,6
DA:677,6
DA:679,6
DA:680,6
DA:681,1
DA:684,6
DA:685,6
DA:686,6
DA:696,6
DA:697,2
DA:699,6
DA:700,1
DA:702,6
LF:352
LH:341
end_of_record
TN:
SF:src/stopping_criterion/cub_qmc_net_g.jl
DA:77,9
DA:87,20
DA:98,10
DA:99,10
DA:100,10
DA:103,11
DA:106,9
DA:107,9
DA:108,9
DA:109,1
DA:110,1
DA:112,9
DA:113,9
DA:125,3
DA:126,3
DA:127,3
DA:128,3
DA:130,3
DA:131,3
DA:132,3
DA:133,3
DA:134,3
DA:135,3
DA:136,3
DA:137,3
DA:138,3
DA:139,3
DA:141,6
DA:142,6
DA:143,6
DA:144,5
DA:145,5
DA:146,5
DA:147,3
DA:148,3
DA:149,3
DA:150,3
DA:151,3
DA:153,3
DA:154,3
DA:155,3
DA:157,3
DA:158,3
DA:159,0
DA:160,0
DA:162,3
DA:163,4
DA:164,4
DA:167,768
DA:169,3
DA:170,3
DA:171,6
DA:172,3
DA:173,6
DA:174,6
DA:175,6
DA:176,6
DA:177,3
DA:179,2
DA:181,2
DA:182,2
DA:183,512
DA:184,1024
DA:185,1024
DA:186,1536
DA:187,512
DA:188,1022
DA:189,2
DA:191,6
DA:192,6
DA:193,48
DA:194,90
DA:195,8
DA:198,6
DA:199,6
DA:200,6
DA:201,6
DA:202,9
DA:204,3
DA:205,3
DA:207,6
DA:208,3
DA:210,3
DA:211,0
DA:221,3
DA:222,0
DA:223,0
DA:225,3
DA:226,0
DA:229,3
DA:230,6
DA:244,3
DA:245,0
DA:247,3
DA:248,2
DA:251,3
DA:254,16
DA:255,8
DA:256,3
DA:258,5
DA:259,5
DA:260,5
DA:262,5
DA:263,5
DA:264,5
DA:265,5
DA:267,5
DA:268,5
DA:269,5
DA:270,5
DA:271,5
DA:272,5
DA:273,5
DA:275,8
DA:276,8
DA:277,8
DA:280,8
DA:281,8
DA:282,0
DA:283,0
DA:285,8
DA:288,8
DA:289,8
DA:290,13312
DA:292,8
DA:297,8
DA:298,4
DA:299,4
DA:300,4
DA:302,4
DA:303,8192
DA:304,8192
DA:305,8192
DA:306,8192
DA:307,8192
DA:308,16380
DA:309,8192
DA:310,4
DA:311,4
DA:312,4
DA:313,4
DA:314,4
DA:317,8
DA:318,16
DA:319,8
DA:320,8
DA:321,416
DA:322,824
DA:323,8
DA:325,8
DA:326,8
DA:327,8
DA:328,0
DA:331,8
DA:334,3
DA:335,3
DA:337,5
DA:338,5
DA:339,0
DA:342,5
DA:343,5
DA:344,5
DA:354,5
DA:355,2
DA:357,5
DA:358,0
DA:360,5
LF:167
LH:155
end_of_record
TN:
SF:src/stopping_criterion/cub_qmc_net_g_rep.jl
DA:34,9
DA:44,18
DA:54,9
DA:66,18
DA:67,9
DA:68,9
DA:70,9
DA:71,1
DA:72,1
DA:73,1
DA:75,8
DA:76,8
DA:79,9
DA:80,9
DA:81,9
DA:82,9
DA:83,9
DA:84,9
DA:85,9
DA:86,9
DA:87,18
DA:89,12
DA:90,11
DA:94,22
DA:95,11
DA:96,116
DA:97,116
DA:99,221
DA:107,11
DA:108,116
DA:109,116
DA:110,0
DA:112,11
DA:113,22
DA:114,11
DA:115,11
DA:117,11
DA:118,1
DA:128,11
DA:129,3
DA:130,3
DA:132,9
DA:133,9
DA:134,1
DA:137,9
DA:138,9
DA:139,9
DA:149,9
DA:150,1
DA:152,9
LF:50
LH:49
end_of_record
TN:
SF:src/stopping_criterion/cub_qmc_rep_student_t.jl
DA:56,6
DA:67,12
DA:79,6
DA:80,6
DA:81,6
DA:82,6
DA:83,6
DA:84,6
DA:98,7
DA:99,7
DA:100,6
DA:102,1
DA:106,12
DA:107,6
DA:108,6
DA:109,6
DA:111,6
DA:114,6
DA:115,1
DA:116,1
DA:117,1
DA:119,5
DA:120,5
DA:123,6
DA:124,6
DA:125,6
DA:126,6
DA:127,6
DA:128,6
DA:132,24
DA:133,6
DA:135,7
DA:136,7
DA:140,7
DA:141,7
DA:142,7
DA:144,14
DA:145,7
DA:146,7
DA:147,14
DA:148,7
DA:151,13
DA:152,7
DA:153,13
DA:154,7
DA:156,8
DA:158,7
DA:159,1
DA:169,7
DA:170,5
DA:171,5
DA:174,2
DA:175,1
DA:177,1
DA:180,1
DA:181,1
DA:183,6
DA:184,11
DA:185,6
DA:186,11
DA:188,6
DA:202,6
DA:203,1
DA:205,6
LF:64
LH:64
end_of_record
TN:
SF:src/stopping_criterion/pf_gp_ci.jl
DA:59,3
DA:70,14
DA:81,9
DA:82,6
DA:83,5
DA:84,3
DA:111,2
DA:114,2
DA:115,2
DA:121,2
DA:122,2
DA:123,4
DA:124,2
DA:125,8
DA:126,8
DA:127,5
DA:129,3
DA:131,14
DA:132,2
DA:137,1
DA:173,2
DA:174,4
DA:175,4
DA:176,2
DA:177,2
DA:178,2
DA:179,2
DA:180,2
DA:196,2
DA:197,1
DA:198,1
DA:207,0
DA:208,0
DA:209,0
DA:210,0
DA:211,0
DA:215,0
DA:216,0
DA:218,0
DA:221,0
DA:222,0
DA:223,0
DA:224,0
DA:225,0
DA:226,0
DA:227,0
DA:228,0
DA:229,0
DA:230,0
DA:231,0
DA:232,0
DA:234,0
DA:235,0
DA:236,0
DA:237,0
DA:239,0
DA:240,0
DA:242,0
DA:243,0
DA:245,0
DA:246,0
DA:247,0
DA:249,0
DA:250,0
DA:251,0
DA:252,0
DA:253,0
DA:255,0
DA:256,0
DA:257,0
DA:258,0
DA:259,0
DA:260,0
DA:262,0
DA:263,0
DA:266,0
DA:267,0
DA:268,0
DA:270,0
DA:271,0
DA:273,0
DA:275,0
DA:290,0
LF:83
LH:31
end_of_record
TN:
SF:src/true_measure/acceptance_rejection.jl
DA:55,3
DA:63,6
DA:73,3
DA:74,0
DA:76,3
DA:77,0
DA:83,3
DA:84,0
DA:87,3
DA:88,3
DA:89,3
DA:90,3
DA:92,3
DA:93,3
DA:94,64
DA:97,3
DA:110,4
DA:111,4
DA:112,4
DA:113,4
DA:119,4
DA:120,4
DA:121,4
DA:122,4
DA:124,64
DA:126,64
DA:129,64
DA:130,64
DA:131,20
DA:132,40
DA:133,60
DA:134,20
DA:136,124
DA:138,4
DA:141,4
DA:144,1
DA:145,1
DA:146,2
DA:147,1
DA:148,2
DA:149,3
DA:150,1
DA:232,3
DA:243,12
DA:252,6
DA:253,7
DA:254,6
DA:260,5
DA:261,3
DA:262,3
DA:263,6
DA:264,3
DA:288,6
DA:289,6
DA:290,6
DA:291,6
DA:292,6
DA:296,12
DA:297,6
DA:298,6
DA:299,6
DA:300,384
DA:301,192
DA:302,0
DA:303,6
DA:308,6
DA:309,6
DA:310,6
DA:311,192
DA:312,192
DA:313,192
DA:314,133
DA:316,378
DA:318,6
DA:319,6
DA:322,1
DA:323,1
DA:324,2
DA:325,1
DA:326,2
DA:327,3
DA:328,1
LF:82
LH:78
end_of_record
TN:
SF:src/true_measure/bernoulli_cont.jl
DA:35,5
DA:40,10
DA:41,5
DA:42,10
DA:43,5
DA:44,5
DA:47,268360
DA:48,268360
DA:49,200
DA:51,268160
DA:52,268160
DA:55,5
DA:56,5
DA:57,10
DA:58,5
DA:59,10
DA:60,268360
DA:61,536710
DA:62,15
DA:63,5
LF:20
LH:20
end_of_record
TN:
SF:src/true_measure/brownian_motion.jl
DA:41,24
DA:50,40
DA:59,20
DA:60,21
DA:61,19
DA:62,2
DA:64,17
DA:65,8
DA:66,5
DA:68,4
DA:69,3
DA:70,13
DA:71,2
DA:72,2
DA:74,11
DA:78,28
DA:81,14
DA:82,14
DA:94,14
DA:95,14
DA:96,28
DA:97,14
DA:98,116
DA:99,2888
DA:100,5660
DA:101,218
DA:102,14
DA:105,25
DA:107,25
DA:109,49
DA:110,2
DA:112,25
LF:32
LH:32
end_of_record
TN:
SF:src/true_measure/distributions_wrapper.jl
DA:40,2
DA:45,4
DA:50,2
DA:51,2
DA:52,2
DA:53,1
DA:54,1
DA:57,2
DA:59,0
DA:62,2
DA:65,2
DA:66,2
DA:67,4
DA:68,2
DA:69,5
DA:70,5
DA:72,424
DA:73,212
DA:74,419
DA:75,8
DA:76,2
LF:21
LH:20
end_of_record
TN:
SF:src/true_measure/gaussian.jl
DA:44,102
DA:55,204
DA:61,102
DA:62,745
DA:63,102
DA:64,102
DA:66,102
DA:70,102
DA:71,102
DA:74,102
DA:75,102
DA:76,742
DA:78,3
DA:81,3
DA:85,102
DA:86,102
DA:87,72
DA:88,30
DA:89,1
DA:94,1
DA:95,29
DA:96,29
DA:98,29
DA:100,0
DA:112,102
DA:113,102
DA:114,101
DA:115,101
DA:118,101
DA:119,746
DA:120,185
DA:122,1391
DA:124,101
DA:125,101
DA:126,101
DA:128,202
DA:129,101
DA:130,101
DA:132,1
DA:133,1
DA:137,968
DA:141,968
DA:142,968
DA:144,60
DA:146,60
DA:147,60
DA:148,30
DA:158,938
DA:159,938
DA:160,938
DA:168,2
DA:170,1
DA:171,1
DA:172,1
DA:174,2
DA:175,2
DA:176,1
LF:57
LH:56
end_of_record
TN:
SF:src/true_measure/geometric_brownian_motion.jl
DA:33,10
DA:42,28
DA:53,14
DA:54,1
DA:56,13
DA:57,1
DA:59,12
DA:60,1
DA:62,11
DA:63,1
DA:66,10
DA:67,10
DA:68,10
DA:71,10
DA:72,10
DA:74,10
DA:76,10
DA:77,10
DA:80,20
DA:81,10
DA:82,6316
DA:83,6496
DA:85,10
DA:86,10
DA:88,10
DA:91,7
DA:92,7
DA:93,7
DA:94,7
DA:95,7
DA:96,7
DA:97,108
DA:98,108
DA:99,86016
DA:100,0
DA:101,209
DA:102,7
LF:37
LH:36
end_of_record
TN:
SF:src/true_measure/johnsons_su.jl
DA:39,5
DA:47,10
DA:48,5
DA:49,11
DA:50,11
DA:51,11
DA:52,11
DA:53,5
DA:54,5
DA:55,5
DA:58,5
DA:64,5
DA:65,5
DA:66,5
DA:67,5
DA:68,10
DA:69,5
LF:17
LH:17
end_of_record
TN:
SF:src/true_measure/kumaraswamy.jl
DA:35,3
DA:41,6
DA:42,3
DA:43,7
DA:44,7
DA:45,3
DA:46,3
DA:47,3
DA:50,3
DA:51,3
DA:52,6
DA:53,3
DA:54,7
DA:55,7
DA:56,7
DA:57,10018
DA:58,20029
DA:59,11
DA:60,3
LF:19
LH:19
end_of_record
TN:
SF:src/true_measure/lebesgue.jl
DA:34,2
DA:41,4
DA:42,2
DA:43,5
DA:44,5
DA:45,2
DA:47,4
DA:48,2
DA:51,2
DA:53,4
DA:54,2
LF:11
LH:11
end_of_record
TN:
SF:src/true_measure/matern_gp.jl
DA:29,4
DA:36,14
DA:42,8
DA:43,7
DA:44,6
DA:46,4
DA:48,4
DA:49,8
DA:50,4
DA:51,66
DA:52,78
DA:54,4
DA:56,4
DA:57,4
DA:60,66
DA:61,66
DA:62,16
DA:64,50
DA:65,50
DA:66,12
DA:67,38
DA:68,12
DA:69,26
DA:70,26
DA:73,0
DA:74,0
DA:78,4
DA:80,8
DA:81,4
DA:84,1
DA:85,1
LF:31
LH:29
end_of_record
TN:
SF:src/true_measure/student_t.jl
DA:37,7
DA:44,14
DA:45,7
DA:46,7
DA:47,15
DA:48,15
DA:49,7
DA:50,7
DA:51,7
DA:52,7
DA:53,12
DA:54,7
DA:57,128
DA:59,76
DA:60,152
DA:61,76
DA:64,1
DA:65,1
DA:66,1
DA:67,2
DA:68,32
DA:69,0
DA:70,3
DA:71,1
DA:74,1
DA:75,1
DA:76,1
DA:77,2
DA:78,2
DA:79,2
DA:80,32
DA:81,0
DA:82,3
DA:83,1
DA:86,2
DA:87,2
DA:88,2
DA:89,5
DA:90,44
DA:91,0
DA:92,8
DA:93,2
DA:96,1
DA:97,1
DA:98,1
DA:99,2
DA:100,2
DA:101,2
DA:102,32
DA:103,0
DA:104,3
DA:105,1
DA:108,2
DA:113,2
DA:114,2
DA:115,2
DA:116,4
DA:117,10016
DA:118,20028
DA:119,6
DA:120,2
DA:140,7
DA:141,7
DA:142,14
DA:143,7
DA:144,7
DA:147,1
DA:154,1
DA:157,1
DA:162,1
DA:165,2
DA:174,2
DA:177,1
DA:182,1
DA:185,2
DA:190,2
LF:76
LH:72
end_of_record
TN:
SF:src/true_measure/triangular.jl
DA:32,2
DA:39,4
DA:40,2
DA:41,5
DA:42,5
DA:43,5
DA:44,2
DA:45,2
DA:46,2
DA:49,10012
DA:51,10012
DA:52,10012
DA:53,5019
DA:55,4993
DA:59,2
DA:60,2
DA:61,4
DA:62,2
DA:63,5
DA:64,10012
DA:65,20019
DA:66,8
DA:67,2
LF:23
LH:23
end_of_record
TN:
SF:src/true_measure/uniform.jl
DA:43,79
DA:49,158
DA:50,79
DA:51,167
DA:52,167
DA:53,79
DA:55,79
DA:59,162
DA:60,162
DA:61,342
DA:63,2
DA:66,2
DA:70,237
DA:72,474
DA:73,237
LF:15
LH:15
end_of_record
TN:
SF:src/true_measure/uniform_triangle.jl
DA:28,3
DA:29,4
DA:30,2
DA:34,3
DA:35,1008
DA:36,1008
DA:38,6
DA:39,3
DA:40,3
DA:41,3
DA:44,1
LF:11
LH:11
end_of_record
TN:
SF:src/true_measure/zero_inflated_exp_uniform.jl
DA:31,4
DA:38,16
DA:45,9
DA:46,8
DA:47,7
DA:48,6
DA:49,4
DA:54,5
DA:55,5
DA:56,5028
DA:57,5028
DA:59,5028
DA:60,5
DA:61,5
DA:63,5
DA:64,5028
DA:65,1521
DA:66,3507
DA:68,1774
DA:71,1733
DA:73,10051
DA:74,5
DA:77,1
DA:78,1
LF:24
LH:24
end_of_record
TN:
SF:src/util/bernoulli.jl
DA:41,200
DA:42,200
DA:43,5
DA:44,195
DA:45,32
DA:46,163
DA:47,36
DA:48,127
DA:49,40
DA:50,87
DA:51,81
DA:52,6
DA:53,2
DA:54,4
DA:55,3
DA:57,1
DA:70,7
DA:89,6
DA:90,11
DA:91,2
DA:93,4
DA:94,4
DA:95,8
DA:96,4
LF:24
LH:24
end_of_record
TN:
SF:src/util/bro_fft.jl
DA:36,32
DA:37,32
DA:38,32
DA:40,32
DA:41,32
DA:49,1
DA:50,1
DA:51,1
DA:54,33
DA:55,33
DA:56,33
DA:57,66
DA:58,33
DA:59,216128
DA:60,21528
DA:61,43023
DA:62,33
DA:65,21528
DA:66,21528
DA:67,21528
DA:68,216128
DA:69,216128
DA:70,410728
DA:71,21528
LF:24
LH:24
end_of_record
TN:
SF:src/util/diagnostics.jl
DA:40,91
DA:49,91
DA:52,5
DA:55,2
DA:57,14
DA:58,1
DA:59,4
DA:61,1
DA:64,92
DA:72,46
DA:73,46
DA:81,46
DA:82,46
DA:90,2
DA:92,16
DA:93,1
DA:106,48
DA:107,88
DA:108,16
DA:109,32
DA:110,8
DA:111,40
DA:112,16
DA:113,8
DA:114,8
DA:115,1
DA:116,13
DA:117,1
DA:119,6
DA:122,0
DA:125,6
DA:126,6
DA:127,36
DA:135,4
DA:136,4
DA:137,24
DA:142,8
DA:147,4
DA:148,3
DA:149,6
DA:151,4
DA:152,4
DA:153,4
DA:154,4
DA:155,24
DA:158,4
DA:159,4
DA:160,6
DA:161,42
DA:162,6
DA:163,6
DA:166,2
DA:171,1
DA:172,1
DA:173,0
DA:175,1
DA:176,1
DA:177,6
DA:178,7
DA:179,1
DA:180,1
DA:181,2
DA:182,2
DA:183,16
DA:189,14
DA:190,2
DA:191,2
DA:192,1
DA:195,2
DA:196,2
DA:197,1
DA:198,1
DA:200,1
DA:205,2
DA:206,2
DA:207,1
DA:208,1
DA:210,1
DA:213,4
DA:214,4
DA:215,1
DA:216,1
DA:218,3
DA:241,2
DA:270,12
DA:277,10
DA:278,6
DA:279,2
DA:281,2
DA:283,4
DA:284,4
DA:286,7
DA:288,4
DA:289,13
DA:291,8
DA:294,6
DA:296,4
DA:298,2
DA:299,2
DA:300,2
DA:309,12
DA:310,12
DA:311,4
DA:313,8
DA:316,2
DA:317,2
DA:325,3
DA:326,3
DA:327,8
DA:330,12
DA:332,2
DA:333,3
DA:334,2
DA:335,1
DA:336,1
DA:340,1
DA:341,1
DA:345,1
DA:346,1
DA:347,2
DA:348,2
DA:352,2
DA:353,2
DA:358,10
DA:359,10
DA:369,1
DA:370,1
DA:371,2
DA:373,1
DA:374,1
DA:375,3
DA:376,3
DA:377,1
DA:378,1
DA:379,2
DA:380,2
DA:381,2
DA:382,6
DA:383,6
DA:391,10
DA:392,2
DA:393,3
DA:394,1
LF:143
LH:141
end_of_record
TN:
SF:src/util/fwht.jl
DA:36,498
DA:37,498
DA:38,499
DA:39,497
DA:40,4475
DA:41,7956
DA:42,192263
DA:43,870778
DA:44,870778
DA:45,870778
DA:46,870778
DA:47,1549293
DA:48,380548
DA:49,3978
DA:50,3978
DA:51,497
DA:60,486
DA:61,2526
DA:62,486
DA:63,485
DA:72,3
DA:73,3
DA:74,3
DA:75,3
DA:83,2
DA:84,2
DA:85,2
DA:86,2
DA:96,2
DA:97,2
DA:98,2
DA:100,2
DA:103,2
DA:104,12
DA:105,2
DA:107,12
DA:109,12
DA:110,12
DA:111,12
DA:112,32
DA:113,32
DA:114,52
DA:115,12
DA:116,22
DA:117,4
DA:118,2
DA:126,2
DA:127,2
DA:128,2
DA:129,2
DA:138,1
DA:139,1
DA:140,1
DA:142,1
DA:143,4
DA:144,2
DA:145,2
DA:146,3
DA:148,1
DA:149,4
DA:150,2
DA:151,2
DA:152,3
DA:153,1
DA:169,33
DA:170,33
DA:171,33
DA:181,22
DA:192,2
DA:193,2
DA:194,4
DA:195,2
DA:209,22
DA:216,44
DA:217,176
DA:218,176
DA:219,176
DA:220,23356
DA:221,23356
DA:222,23356
DA:223,10454
DA:225,46536
DA:226,176
DA:227,306
DA:228,5504
DA:229,42657
DA:230,42657
DA:231,42657
DA:232,42657
DA:233,5504
DA:234,330
DA:235,22
LF:92
LH:92
end_of_record
TN:
SF:src/util/gpu_backend.jl
DA:13,2
DA:16,2
DA:18,0
DA:50,1
DA:51,1
DA:52,1
DA:53,1
DA:78,2
DA:79,2
DA:80,0
DA:82,2
LF:11
LH:9
end_of_record
TN:
SF:src/util/mlmc_test.jl
DA:23,2
DA:25,1
DA:26,1
DA:28,1
DA:29,1
DA:30,1
DA:31,1
DA:32,1
DA:33,1
DA:34,1
DA:36,1
DA:37,1
DA:48,1
DA:49,4
DA:50,4
DA:52,24
DA:53,4
DA:54,800
DA:55,400
DA:56,400
DA:59,400
DA:60,400
DA:61,400
DA:62,100
DA:65,400
DA:66,400
DA:68,400
DA:69,400
DA:70,400
DA:71,400
DA:72,400
DA:73,400
DA:74,796
DA:75,4
DA:77,7
DA:82,4
DA:83,4
DA:84,4
DA:85,4
DA:86,4
DA:87,4
DA:89,4
DA:90,1
DA:92,7
DA:97,4
DA:99,4
DA:109,7
DA:112,1
DA:113,0
DA:115,1
DA:116,0
DA:120,1
DA:121,1
DA:122,1
DA:123,2
DA:125,2
DA:126,2
DA:127,2
DA:129,1
DA:130,1
DA:131,1
DA:133,1
DA:134,1
DA:135,1
DA:137,1
DA:138,1
DA:139,1
DA:140,1
DA:142,1
LF:69
LH:67
end_of_record
TN:
SF:src/util/periodization.jl
DA:57,30
DA:58,48
DA:59,12
DA:60,18
DA:61,5
DA:62,13
DA:63,3
DA:64,10
DA:65,3
DA:66,7
DA:67,4
DA:68,3
DA:69,2
DA:71,1
DA:85,16
DA:86,16
DA:87,16
DA:88,5376
DA:90,22
DA:91,10
DA:94,6
DA:95,3
DA:96,3
DA:97,1
DA:98,2
DA:99,1
DA:100,1
DA:101,1
DA:103,11
DA:109,6
DA:110,2048
DA:111,2050
DA:112,6
DA:115,1584
DA:116,560
DA:117,560
DA:118,562
DA:119,304
DA:120,1280
DA:121,256
DA:122,256
DA:123,256
LF:42
LH:42
end_of_record
TN:
SF:src/util/transforms.jl
DA:22,12
DA:23,14
DA:24,60
DA:25,10
DA:26,10
DA:27,60
DA:28,60
DA:29,60
DA:30,110
DA:31,10
DA:39,5
DA:40,5
DA:41,5
DA:42,80
DA:43,75
DA:44,5
LF:16
LH:16
end_of_record
